[ 2016-06-17T15:12:01+08:00 ] ::1 /admin/
INFO: [ app_init ] --START--
INFO: Run Behavior\BuildLiteBehavior [ RunTime:0.000016s ]
INFO: [ app_init ] --END-- [ RunTime:0.007143s ]
INFO: [ app_begin ] --START--
INFO: Run Behavior\ReadHtmlCacheBehavior [ RunTime:0.003350s ]
INFO: [ app_begin ] --END-- [ RunTime:0.003469s ]

[ 2016-06-17T15:12:01+08:00 ] ::1 /admin/index.php/Login/index.html
INFO: [ app_init ] --START--
INFO: Run Behavior\BuildLiteBehavior [ RunTime:0.000013s ]
INFO: [ app_init ] --END-- [ RunTime:0.000291s ]
INFO: [ app_begin ] --START--
INFO: Run Behavior\ReadHtmlCacheBehavior [ RunTime:0.000366s ]
INFO: [ app_begin ] --END-- [ RunTime:0.000414s ]
INFO: [ view_parse ] --START--
INFO: [ template_filter ] --START--
INFO: Run Behavior\ContentReplaceBehavior [ RunTime:0.000051s ]
INFO: [ template_filter ] --END-- [ RunTime:0.000106s ]
INFO: Run Behavior\ParseTemplateBehavior [ RunTime:0.042011s ]
INFO: [ view_parse ] --END-- [ RunTime:0.042093s ]
INFO: [ view_filter ] --START--
INFO: Run Behavior\WriteHtmlCacheBehavior [ RunTime:0.000662s ]
INFO: [ view_filter ] --END-- [ RunTime:0.000702s ]
INFO: [ app_end ] --START--
INFO: Run Behavior\ShowPageTraceBehavior [ RunTime:0.003768s ]
INFO: [ app_end ] --END-- [ RunTime:0.003818s ]

[ 2016-06-17T15:12:02+08:00 ] ::1 /admin/Bootstrap/css/bootstrap.css.map
INFO: [ app_init ] --START--
INFO: Run Behavior\BuildLiteBehavior [ RunTime:0.000025s ]
INFO: [ app_init ] --END-- [ RunTime:0.000562s ]
INFO: [ app_begin ] --START--
INFO: Run Behavior\ReadHtmlCacheBehavior [ RunTime:0.000610s ]
INFO: [ app_begin ] --END-- [ RunTime:0.000689s ]
ERR: 无法加载控制器:Bootstrap

[ 2016-06-17T15:12:04+08:00 ] ::1 /admin/index.php/Login/login.html
INFO: [ app_init ] --START--
INFO: Run Behavior\BuildLiteBehavior [ RunTime:0.000012s ]
INFO: [ app_init ] --END-- [ RunTime:0.000328s ]
INFO: [ app_begin ] --START--
INFO: Run Behavior\ReadHtmlCacheBehavior [ RunTime:0.000449s ]
INFO: [ app_begin ] --END-- [ RunTime:0.000505s ]
ERR: SQLSTATE[28000] [1045] Access denied for user 'root'@'localhost' (using password: YES)

[ 2016-06-17T15:12:34+08:00 ] ::1 /admin/index.php/Login/login.html
INFO: [ app_init ] --START--
INFO: Run Behavior\BuildLiteBehavior [ RunTime:0.000042s ]
INFO: [ app_init ] --END-- [ RunTime:0.000552s ]
INFO: [ app_begin ] --START--
INFO: Run Behavior\ReadHtmlCacheBehavior [ RunTime:0.000792s ]
INFO: [ app_begin ] --END-- [ RunTime:0.000941s ]
SQL: SHOW COLUMNS FROM `hc_admin` [ RunTime:0.0301s ]
SQL: SELECT * FROM `hc_admin` WHERE ( username = 'admin' ) LIMIT 1   [ RunTime:0.0005s ]
SQL: SHOW COLUMNS FROM `hc_log` [ RunTime:0.0216s ]
SQL: INSERT INTO `hc_log` (`ip`,`log`) VALUES ('::1','登录成功') [ RunTime:0.0049s ]

[ 2016-06-17T15:12:35+08:00 ] ::1 /admin/index.php/Index/index.html
INFO: [ app_init ] --START--
INFO: Run Behavior\BuildLiteBehavior [ RunTime:0.000013s ]
INFO: [ app_init ] --END-- [ RunTime:0.000325s ]
INFO: [ app_begin ] --START--
INFO: Run Behavior\ReadHtmlCacheBehavior [ RunTime:0.000655s ]
INFO: [ app_begin ] --END-- [ RunTime:0.000759s ]
SQL: SHOW COLUMNS FROM `hc_log` [ RunTime:0.0049s ]
SQL: SELECT COUNT(*) AS tp_count FROM `hc_log` LIMIT 1   [ RunTime:0.0008s ]
SQL: SELECT * FROM `hc_log` ORDER BY time desc LIMIT 0,10   [ RunTime:0.0006s ]
INFO: [ view_parse ] --START--
INFO: [ template_filter ] --START--
INFO: Run Behavior\ContentReplaceBehavior [ RunTime:0.000233s ]
INFO: [ template_filter ] --END-- [ RunTime:0.000342s ]
INFO: Run Behavior\ParseTemplateBehavior [ RunTime:0.044857s ]
INFO: [ view_parse ] --END-- [ RunTime:0.044995s ]
INFO: [ view_filter ] --START--
INFO: Run Behavior\WriteHtmlCacheBehavior [ RunTime:0.000834s ]
INFO: [ view_filter ] --END-- [ RunTime:0.000955s ]
INFO: [ app_end ] --START--
INFO: Run Behavior\ShowPageTraceBehavior [ RunTime:0.001420s ]
INFO: [ app_end ] --END-- [ RunTime:0.001528s ]

[ 2016-06-17T15:12:39+08:00 ] ::1 /admin/index.php/Goods/index.html
INFO: [ app_init ] --START--
INFO: Run Behavior\BuildLiteBehavior [ RunTime:0.000020s ]
INFO: [ app_init ] --END-- [ RunTime:0.000372s ]
INFO: [ app_begin ] --START--
INFO: Run Behavior\ReadHtmlCacheBehavior [ RunTime:0.000580s ]
INFO: [ app_begin ] --END-- [ RunTime:0.000712s ]
SQL: SHOW COLUMNS FROM `hc_goods` [ RunTime:0.0206s ]
NOTIC: [8] Undefined variable: count C:\PHPstudy\WWW\admin\Application\Admin\Controller\GoodsController.class.php 第 8 行.
SQL: SELECT * FROM `hc_goods` ORDER BY time desc LIMIT 0,10   [ RunTime:0.0008s ]
INFO: [ view_parse ] --START--
INFO: [ template_filter ] --START--
INFO: Run Behavior\ContentReplaceBehavior [ RunTime:0.000207s ]
INFO: [ template_filter ] --END-- [ RunTime:0.000304s ]
INFO: Run Behavior\ParseTemplateBehavior [ RunTime:0.024012s ]
INFO: [ view_parse ] --END-- [ RunTime:0.024135s ]
INFO: [ view_filter ] --START--
INFO: Run Behavior\WriteHtmlCacheBehavior [ RunTime:0.000556s ]
INFO: [ view_filter ] --END-- [ RunTime:0.000632s ]
INFO: [ app_end ] --START--
INFO: Run Behavior\ShowPageTraceBehavior [ RunTime:0.001529s ]
INFO: [ app_end ] --END-- [ RunTime:0.001708s ]

[ 2016-06-17T15:12:40+08:00 ] ::1 /admin/index.php/Goods/add.html
INFO: [ app_init ] --START--
INFO: Run Behavior\BuildLiteBehavior [ RunTime:0.000016s ]
INFO: [ app_init ] --END-- [ RunTime:0.000388s ]
INFO: [ app_begin ] --START--
INFO: Run Behavior\ReadHtmlCacheBehavior [ RunTime:0.000373s ]
INFO: [ app_begin ] --END-- [ RunTime:0.000424s ]
INFO: [ view_parse ] --START--
INFO: [ template_filter ] --START--
INFO: Run Behavior\ContentReplaceBehavior [ RunTime:0.000186s ]
INFO: [ template_filter ] --END-- [ RunTime:0.000249s ]
INFO: Run Behavior\ParseTemplateBehavior [ RunTime:0.013498s ]
INFO: [ view_parse ] --END-- [ RunTime:0.013576s ]
INFO: [ view_filter ] --START--
INFO: Run Behavior\WriteHtmlCacheBehavior [ RunTime:0.000335s ]
INFO: [ view_filter ] --END-- [ RunTime:0.000392s ]
INFO: [ app_end ] --START--
INFO: Run Behavior\ShowPageTraceBehavior [ RunTime:0.000599s ]
INFO: [ app_end ] --END-- [ RunTime:0.000675s ]

[ 2016-06-17T15:12:42+08:00 ] ::1 /admin/index.php/Goods/form-elements-2.html
INFO: [ app_init ] --START--
INFO: Run Behavior\BuildLiteBehavior [ RunTime:0.000023s ]
INFO: [ app_init ] --END-- [ RunTime:0.000483s ]
INFO: [ app_begin ] --START--
INFO: Run Behavior\ReadHtmlCacheBehavior [ RunTime:0.000469s ]
INFO: [ app_begin ] --END-- [ RunTime:0.000517s ]
ERR: 非法操作:form-elements-2

[ 2016-06-17T15:12:46+08:00 ] ::1 /admin/index.php/Goods/form-elements.html
INFO: [ app_init ] --START--
INFO: Run Behavior\BuildLiteBehavior [ RunTime:0.000030s ]
INFO: [ app_init ] --END-- [ RunTime:0.000481s ]
INFO: [ app_begin ] --START--
INFO: Run Behavior\ReadHtmlCacheBehavior [ RunTime:0.000426s ]
INFO: [ app_begin ] --END-- [ RunTime:0.000475s ]
ERR: 非法操作:form-elements

[ 2016-06-17T15:12:50+08:00 ] ::1 /admin/index.php/Admin/index.html
INFO: [ app_init ] --START--
INFO: Run Behavior\BuildLiteBehavior [ RunTime:0.000028s ]
INFO: [ app_init ] --END-- [ RunTime:0.000577s ]
INFO: [ app_begin ] --START--
INFO: Run Behavior\ReadHtmlCacheBehavior [ RunTime:0.000595s ]
INFO: [ app_begin ] --END-- [ RunTime:0.000692s ]
SQL: SHOW COLUMNS FROM `hc_admin` [ RunTime:0.0078s ]
SQL: SELECT COUNT(*) AS tp_count FROM `hc_admin` LIMIT 1   [ RunTime:0.0004s ]
SQL: SELECT * FROM `hc_admin` LIMIT 0,8   [ RunTime:0.0006s ]
INFO: [ view_parse ] --START--
INFO: [ template_filter ] --START--
INFO: Run Behavior\ContentReplaceBehavior [ RunTime:0.000574s ]
INFO: [ template_filter ] --END-- [ RunTime:0.000805s ]
INFO: Run Behavior\ParseTemplateBehavior [ RunTime:0.033220s ]
INFO: [ view_parse ] --END-- [ RunTime:0.033352s ]
INFO: [ view_filter ] --START--
INFO: Run Behavior\WriteHtmlCacheBehavior [ RunTime:0.000546s ]
INFO: [ view_filter ] --END-- [ RunTime:0.000601s ]
INFO: [ app_end ] --START--
INFO: Run Behavior\ShowPageTraceBehavior [ RunTime:0.000843s ]
INFO: [ app_end ] --END-- [ RunTime:0.000941s ]

[ 2016-06-17T15:12:51+08:00 ] ::1 /admin/index.php/Admin/add.html
INFO: [ app_init ] --START--
INFO: Run Behavior\BuildLiteBehavior [ RunTime:0.000012s ]
INFO: [ app_init ] --END-- [ RunTime:0.000366s ]
INFO: [ app_begin ] --START--
INFO: Run Behavior\ReadHtmlCacheBehavior [ RunTime:0.000411s ]
INFO: [ app_begin ] --END-- [ RunTime:0.000457s ]
INFO: [ view_parse ] --START--
INFO: [ template_filter ] --START--
INFO: Run Behavior\ContentReplaceBehavior [ RunTime:0.000159s ]
INFO: [ template_filter ] --END-- [ RunTime:0.000251s ]
INFO: Run Behavior\ParseTemplateBehavior [ RunTime:0.020004s ]
INFO: [ view_parse ] --END-- [ RunTime:0.020055s ]
INFO: [ view_filter ] --START--
INFO: Run Behavior\WriteHtmlCacheBehavior [ RunTime:0.000291s ]
INFO: [ view_filter ] --END-- [ RunTime:0.000327s ]
INFO: [ app_end ] --START--
INFO: Run Behavior\ShowPageTraceBehavior [ RunTime:0.000498s ]
INFO: [ app_end ] --END-- [ RunTime:0.000557s ]

[ 2016-06-17T15:27:14+08:00 ] ::1 /admin/Bootstrap/css/bootstrap.css.map
INFO: [ app_init ] --START--
INFO: Run Behavior\BuildLiteBehavior [ RunTime:0.000024s ]
INFO: [ app_init ] --END-- [ RunTime:0.000633s ]
INFO: [ app_begin ] --START--
INFO: Run Behavior\ReadHtmlCacheBehavior [ RunTime:0.000756s ]
INFO: [ app_begin ] --END-- [ RunTime:0.000855s ]
ERR: 无法加载控制器:Bootstrap

[ 2016-06-17T15:51:39+08:00 ] ::1 /admin/index.php/Admin/add.html
INFO: [ app_init ] --START--
INFO: Run Behavior\BuildLiteBehavior [ RunTime:0.000027s ]
INFO: [ app_init ] --END-- [ RunTime:0.000851s ]
INFO: [ app_begin ] --START--
INFO: Run Behavior\ReadHtmlCacheBehavior [ RunTime:0.001059s ]
INFO: [ app_begin ] --END-- [ RunTime:0.001201s ]
INFO: [ view_parse ] --START--
INFO: [ template_filter ] --START--
INFO: Run Behavior\ContentReplaceBehavior [ RunTime:0.000118s ]
INFO: [ template_filter ] --END-- [ RunTime:0.000177s ]
INFO: Run Behavior\ParseTemplateBehavior [ RunTime:0.014622s ]
INFO: [ view_parse ] --END-- [ RunTime:0.014704s ]
INFO: [ view_filter ] --START--
INFO: Run Behavior\WriteHtmlCacheBehavior [ RunTime:0.000303s ]
INFO: [ view_filter ] --END-- [ RunTime:0.000341s ]
INFO: [ app_end ] --START--
INFO: Run Behavior\ShowPageTraceBehavior [ RunTime:0.000556s ]
INFO: [ app_end ] --END-- [ RunTime:0.000623s ]

[ 2016-06-17T15:51:39+08:00 ] ::1 /admin/Bootstrap/css/bootstrap.css.map
INFO: [ app_init ] --START--
INFO: Run Behavior\BuildLiteBehavior [ RunTime:0.000031s ]
INFO: [ app_init ] --END-- [ RunTime:0.000848s ]
INFO: [ app_begin ] --START--
INFO: Run Behavior\ReadHtmlCacheBehavior [ RunTime:0.000721s ]
INFO: [ app_begin ] --END-- [ RunTime:0.000824s ]
ERR: 无法加载控制器:Bootstrap

[ 2016-06-17T15:51:43+08:00 ] ::1 /admin//Admin/add.html
INFO: [ app_init ] --START--
INFO: Run Behavior\BuildLiteBehavior [ RunTime:0.000042s ]
INFO: [ app_init ] --END-- [ RunTime:0.000497s ]
INFO: [ app_begin ] --START--
INFO: Run Behavior\ReadHtmlCacheBehavior [ RunTime:0.000473s ]
INFO: [ app_begin ] --END-- [ RunTime:0.000535s ]
INFO: [ view_parse ] --START--
INFO: [ template_filter ] --START--
INFO: Run Behavior\ContentReplaceBehavior [ RunTime:0.000116s ]
INFO: [ template_filter ] --END-- [ RunTime:0.000175s ]
INFO: Run Behavior\ParseTemplateBehavior [ RunTime:0.010923s ]
INFO: [ view_parse ] --END-- [ RunTime:0.010972s ]
INFO: [ view_filter ] --START--
INFO: Run Behavior\WriteHtmlCacheBehavior [ RunTime:0.000380s ]
INFO: [ view_filter ] --END-- [ RunTime:0.000421s ]
INFO: [ app_end ] --START--
INFO: Run Behavior\ShowPageTraceBehavior [ RunTime:0.000669s ]
INFO: [ app_end ] --END-- [ RunTime:0.000729s ]

[ 2016-06-17T15:51:43+08:00 ] ::1 /admin/Bootstrap/css/bootstrap.css.map
INFO: [ app_init ] --START--
INFO: Run Behavior\BuildLiteBehavior [ RunTime:0.000026s ]
INFO: [ app_init ] --END-- [ RunTime:0.000587s ]
INFO: [ app_begin ] --START--
INFO: Run Behavior\ReadHtmlCacheBehavior [ RunTime:0.000872s ]
INFO: [ app_begin ] --END-- [ RunTime:0.000976s ]
ERR: 无法加载控制器:Bootstrap

[ 2016-06-17T15:51:49+08:00 ] ::1 /admin/Admin/add.html
INFO: [ app_init ] --START--
INFO: Run Behavior\BuildLiteBehavior [ RunTime:0.000023s ]
INFO: [ app_init ] --END-- [ RunTime:0.000586s ]
INFO: [ app_begin ] --START--
INFO: Run Behavior\ReadHtmlCacheBehavior [ RunTime:0.000427s ]
INFO: [ app_begin ] --END-- [ RunTime:0.000476s ]
INFO: [ view_parse ] --START--
INFO: [ template_filter ] --START--
INFO: Run Behavior\ContentReplaceBehavior [ RunTime:0.000117s ]
INFO: [ template_filter ] --END-- [ RunTime:0.000180s ]
INFO: Run Behavior\ParseTemplateBehavior [ RunTime:0.010649s ]
INFO: [ view_parse ] --END-- [ RunTime:0.010700s ]
INFO: [ view_filter ] --START--
INFO: Run Behavior\WriteHtmlCacheBehavior [ RunTime:0.000407s ]
INFO: [ view_filter ] --END-- [ RunTime:0.000446s ]
INFO: [ app_end ] --START--
INFO: Run Behavior\ShowPageTraceBehavior [ RunTime:0.000669s ]
INFO: [ app_end ] --END-- [ RunTime:0.000738s ]

[ 2016-06-17T15:51:49+08:00 ] ::1 /admin/Bootstrap/css/bootstrap.css.map
INFO: [ app_init ] --START--
INFO: Run Behavior\BuildLiteBehavior [ RunTime:0.000024s ]
INFO: [ app_init ] --END-- [ RunTime:0.000497s ]
INFO: [ app_begin ] --START--
INFO: Run Behavior\ReadHtmlCacheBehavior [ RunTime:0.000409s ]
INFO: [ app_begin ] --END-- [ RunTime:0.000469s ]
ERR: 无法加载控制器:Bootstrap

[ 2016-06-17T15:51:53+08:00 ] ::1 /admin/index.php/Goods/index.html
INFO: [ app_init ] --START--
INFO: Run Behavior\BuildLiteBehavior [ RunTime:0.000015s ]
INFO: [ app_init ] --END-- [ RunTime:0.000556s ]
INFO: [ app_begin ] --START--
INFO: Run Behavior\ReadHtmlCacheBehavior [ RunTime:0.000435s ]
INFO: [ app_begin ] --END-- [ RunTime:0.000492s ]
SQL: SHOW COLUMNS FROM `hc_goods` [ RunTime:0.0037s ]
NOTIC: [8] Undefined variable: count C:\PHPstudy\WWW\admin\Application\Admin\Controller\GoodsController.class.php 第 8 行.
SQL: SELECT * FROM `hc_goods` ORDER BY time desc LIMIT 0,10   [ RunTime:0.0003s ]
INFO: [ view_parse ] --START--
INFO: [ template_filter ] --START--
INFO: Run Behavior\ContentReplaceBehavior [ RunTime:0.000104s ]
INFO: [ template_filter ] --END-- [ RunTime:0.000154s ]
INFO: Run Behavior\ParseTemplateBehavior [ RunTime:0.010568s ]
INFO: [ view_parse ] --END-- [ RunTime:0.010644s ]
INFO: [ view_filter ] --START--
INFO: Run Behavior\WriteHtmlCacheBehavior [ RunTime:0.000312s ]
INFO: [ view_filter ] --END-- [ RunTime:0.000350s ]
INFO: [ app_end ] --START--
INFO: Run Behavior\ShowPageTraceBehavior [ RunTime:0.000887s ]
INFO: [ app_end ] --END-- [ RunTime:0.000985s ]

[ 2016-06-17T15:51:53+08:00 ] ::1 /admin/Bootstrap/css/bootstrap.css.map
INFO: [ app_init ] --START--
INFO: Run Behavior\BuildLiteBehavior [ RunTime:0.000023s ]
INFO: [ app_init ] --END-- [ RunTime:0.000604s ]
INFO: [ app_begin ] --START--
INFO: Run Behavior\ReadHtmlCacheBehavior [ RunTime:0.000664s ]
INFO: [ app_begin ] --END-- [ RunTime:0.000759s ]
ERR: 无法加载控制器:Bootstrap

[ 2016-06-17T15:51:56+08:00 ] ::1 /admin/index.php/Goods/add.html
INFO: [ app_init ] --START--
INFO: Run Behavior\BuildLiteBehavior [ RunTime:0.000021s ]
INFO: [ app_init ] --END-- [ RunTime:0.000348s ]
INFO: [ app_begin ] --START--
INFO: Run Behavior\ReadHtmlCacheBehavior [ RunTime:0.000487s ]
INFO: [ app_begin ] --END-- [ RunTime:0.000562s ]
INFO: [ view_parse ] --START--
INFO: [ template_filter ] --START--
INFO: Run Behavior\ContentReplaceBehavior [ RunTime:0.000135s ]
INFO: [ template_filter ] --END-- [ RunTime:0.000191s ]
INFO: Run Behavior\ParseTemplateBehavior [ RunTime:0.009548s ]
INFO: [ view_parse ] --END-- [ RunTime:0.009595s ]
INFO: [ view_filter ] --START--
INFO: Run Behavior\WriteHtmlCacheBehavior [ RunTime:0.000369s ]
INFO: [ view_filter ] --END-- [ RunTime:0.000406s ]
INFO: [ app_end ] --START--
INFO: Run Behavior\ShowPageTraceBehavior [ RunTime:0.000529s ]
INFO: [ app_end ] --END-- [ RunTime:0.000578s ]

[ 2016-06-17T15:51:56+08:00 ] ::1 /admin/Bootstrap/css/bootstrap.css.map
INFO: [ app_init ] --START--
INFO: Run Behavior\BuildLiteBehavior [ RunTime:0.000023s ]
INFO: [ app_init ] --END-- [ RunTime:0.000479s ]
INFO: [ app_begin ] --START--
INFO: Run Behavior\ReadHtmlCacheBehavior [ RunTime:0.000743s ]
INFO: [ app_begin ] --END-- [ RunTime:0.000839s ]
ERR: 无法加载控制器:Bootstrap

[ 2016-06-17T16:48:00+08:00 ] ::1 /admin/index.php/Gallery/index.html
INFO: [ app_init ] --START--
INFO: Run Behavior\BuildLiteBehavior [ RunTime:0.000013s ]
INFO: [ app_init ] --END-- [ RunTime:0.000391s ]
INFO: [ app_begin ] --START--
INFO: Run Behavior\ReadHtmlCacheBehavior [ RunTime:0.000467s ]
INFO: [ app_begin ] --END-- [ RunTime:0.000520s ]
INFO: [ view_parse ] --START--
INFO: [ template_filter ] --START--
INFO: Run Behavior\ContentReplaceBehavior [ RunTime:0.000125s ]
INFO: [ template_filter ] --END-- [ RunTime:0.000179s ]
NOTIC: [8] Undefined variable: lenFiles C:\PHPstudy\WWW\admin\Application\Runtime\Cache\Admin\c0301b7609b6150108969eef53f4bba4.php 第 656 行.
NOTIC: [8] Undefined variable: page C:\PHPstudy\WWW\admin\Application\Runtime\Cache\Admin\c0301b7609b6150108969eef53f4bba4.php 第 689 行.
INFO: Run Behavior\ParseTemplateBehavior [ RunTime:0.016992s ]
INFO: [ view_parse ] --END-- [ RunTime:0.017056s ]
INFO: [ view_filter ] --START--
INFO: Run Behavior\WriteHtmlCacheBehavior [ RunTime:0.000400s ]
INFO: [ view_filter ] --END-- [ RunTime:0.000457s ]
INFO: [ app_end ] --START--
INFO: Run Behavior\ShowPageTraceBehavior [ RunTime:0.000784s ]
INFO: [ app_end ] --END-- [ RunTime:0.000915s ]

[ 2016-06-17T16:48:00+08:00 ] ::1 /admin/Bootstrap/css/bootstrap.css.map
INFO: [ app_init ] --START--
INFO: Run Behavior\BuildLiteBehavior [ RunTime:0.000034s ]
INFO: [ app_init ] --END-- [ RunTime:0.001210s ]
INFO: [ app_begin ] --START--
INFO: Run Behavior\ReadHtmlCacheBehavior [ RunTime:0.000623s ]
INFO: [ app_begin ] --END-- [ RunTime:0.000725s ]
ERR: 无法加载控制器:Bootstrap

[ 2016-06-17T16:48:01+08:00 ] ::1 /admin/index.php/Gallery/image.html?folder=20160605
INFO: [ app_init ] --START--
INFO: Run Behavior\BuildLiteBehavior [ RunTime:0.000016s ]
INFO: [ app_init ] --END-- [ RunTime:0.000403s ]
INFO: [ app_begin ] --START--
INFO: Run Behavior\ReadHtmlCacheBehavior [ RunTime:0.000722s ]
INFO: [ app_begin ] --END-- [ RunTime:0.000827s ]
INFO: [ view_parse ] --START--
INFO: [ template_filter ] --START--
INFO: Run Behavior\ContentReplaceBehavior [ RunTime:0.000119s ]
INFO: [ template_filter ] --END-- [ RunTime:0.000170s ]
NOTIC: [8] Undefined variable: lenFolder C:\PHPstudy\WWW\admin\Application\Runtime\Cache\Admin\c0301b7609b6150108969eef53f4bba4.php 第 640 行.
NOTIC: [8] Undefined variable: page C:\PHPstudy\WWW\admin\Application\Runtime\Cache\Admin\c0301b7609b6150108969eef53f4bba4.php 第 689 行.
INFO: Run Behavior\ParseTemplateBehavior [ RunTime:0.012084s ]
INFO: [ view_parse ] --END-- [ RunTime:0.012134s ]
INFO: [ view_filter ] --START--
INFO: Run Behavior\WriteHtmlCacheBehavior [ RunTime:0.000272s ]
INFO: [ view_filter ] --END-- [ RunTime:0.000308s ]
INFO: [ app_end ] --START--
INFO: Run Behavior\ShowPageTraceBehavior [ RunTime:0.000408s ]
INFO: [ app_end ] --END-- [ RunTime:0.000459s ]

[ 2016-06-17T16:48:01+08:00 ] ::1 /admin/Bootstrap/css/bootstrap.css.map
INFO: [ app_init ] --START--
INFO: Run Behavior\BuildLiteBehavior [ RunTime:0.000019s ]
INFO: [ app_init ] --END-- [ RunTime:0.000446s ]
INFO: [ app_begin ] --START--
INFO: Run Behavior\ReadHtmlCacheBehavior [ RunTime:0.001624s ]
INFO: [ app_begin ] --END-- [ RunTime:0.001937s ]
ERR: 无法加载控制器:Bootstrap

[ 2016-06-17T16:48:02+08:00 ] ::1 /admin/index.php/Gallery/index.html
INFO: [ app_init ] --START--
INFO: Run Behavior\BuildLiteBehavior [ RunTime:0.000023s ]
INFO: [ app_init ] --END-- [ RunTime:0.000655s ]
INFO: [ app_begin ] --START--
INFO: Run Behavior\ReadHtmlCacheBehavior [ RunTime:0.000728s ]
INFO: [ app_begin ] --END-- [ RunTime:0.000826s ]
INFO: [ view_parse ] --START--
INFO: [ template_filter ] --START--
INFO: Run Behavior\ContentReplaceBehavior [ RunTime:0.000124s ]
INFO: [ template_filter ] --END-- [ RunTime:0.000185s ]
NOTIC: [8] Undefined variable: lenFiles C:\PHPstudy\WWW\admin\Application\Runtime\Cache\Admin\c0301b7609b6150108969eef53f4bba4.php 第 656 行.
NOTIC: [8] Undefined variable: page C:\PHPstudy\WWW\admin\Application\Runtime\Cache\Admin\c0301b7609b6150108969eef53f4bba4.php 第 689 行.
INFO: Run Behavior\ParseTemplateBehavior [ RunTime:0.013685s ]
INFO: [ view_parse ] --END-- [ RunTime:0.013762s ]
INFO: [ view_filter ] --START--
INFO: Run Behavior\WriteHtmlCacheBehavior [ RunTime:0.000290s ]
INFO: [ view_filter ] --END-- [ RunTime:0.000327s ]
INFO: [ app_end ] --START--
INFO: Run Behavior\ShowPageTraceBehavior [ RunTime:0.000451s ]
INFO: [ app_end ] --END-- [ RunTime:0.000506s ]

[ 2016-06-17T16:48:02+08:00 ] ::1 /admin/Bootstrap/css/bootstrap.css.map
INFO: [ app_init ] --START--
INFO: Run Behavior\BuildLiteBehavior [ RunTime:0.000019s ]
INFO: [ app_init ] --END-- [ RunTime:0.000427s ]
INFO: [ app_begin ] --START--
INFO: Run Behavior\ReadHtmlCacheBehavior [ RunTime:0.000644s ]
INFO: [ app_begin ] --END-- [ RunTime:0.000738s ]
ERR: 无法加载控制器:Bootstrap

[ 2016-06-17T16:48:02+08:00 ] ::1 /admin/index.php/Gallery/image.html?folder=goods
INFO: [ app_init ] --START--
INFO: Run Behavior\BuildLiteBehavior [ RunTime:0.000021s ]
INFO: [ app_init ] --END-- [ RunTime:0.000403s ]
INFO: [ app_begin ] --START--
INFO: Run Behavior\ReadHtmlCacheBehavior [ RunTime:0.000421s ]
INFO: [ app_begin ] --END-- [ RunTime:0.000467s ]
INFO: [ view_parse ] --START--
INFO: [ template_filter ] --START--
INFO: Run Behavior\ContentReplaceBehavior [ RunTime:0.000118s ]
INFO: [ template_filter ] --END-- [ RunTime:0.000169s ]
NOTIC: [8] Undefined variable: lenFolder C:\PHPstudy\WWW\admin\Application\Runtime\Cache\Admin\c0301b7609b6150108969eef53f4bba4.php 第 640 行.
NOTIC: [8] Undefined variable: page C:\PHPstudy\WWW\admin\Application\Runtime\Cache\Admin\c0301b7609b6150108969eef53f4bba4.php 第 689 行.
INFO: Run Behavior\ParseTemplateBehavior [ RunTime:0.010036s ]
INFO: [ view_parse ] --END-- [ RunTime:0.010090s ]
INFO: [ view_filter ] --START--
INFO: Run Behavior\WriteHtmlCacheBehavior [ RunTime:0.000264s ]
INFO: [ view_filter ] --END-- [ RunTime:0.000301s ]
INFO: [ app_end ] --START--
INFO: Run Behavior\ShowPageTraceBehavior [ RunTime:0.000450s ]
INFO: [ app_end ] --END-- [ RunTime:0.000502s ]

[ 2016-06-17T16:48:03+08:00 ] ::1 /admin/Bootstrap/css/bootstrap.css.map
INFO: [ app_init ] --START--
INFO: Run Behavior\BuildLiteBehavior [ RunTime:0.000024s ]
INFO: [ app_init ] --END-- [ RunTime:0.000924s ]
INFO: [ app_begin ] --START--
INFO: Run Behavior\ReadHtmlCacheBehavior [ RunTime:0.000700s ]
INFO: [ app_begin ] --END-- [ RunTime:0.000788s ]
ERR: 无法加载控制器:Bootstrap

[ 2016-06-17T16:48:05+08:00 ] ::1 /admin/index.php/Gallery/index.html
INFO: [ app_init ] --START--
INFO: Run Behavior\BuildLiteBehavior [ RunTime:0.000013s ]
INFO: [ app_init ] --END-- [ RunTime:0.000303s ]
INFO: [ app_begin ] --START--
INFO: Run Behavior\ReadHtmlCacheBehavior [ RunTime:0.000528s ]
INFO: [ app_begin ] --END-- [ RunTime:0.000598s ]
INFO: [ view_parse ] --START--
INFO: [ template_filter ] --START--
INFO: Run Behavior\ContentReplaceBehavior [ RunTime:0.000281s ]
INFO: [ template_filter ] --END-- [ RunTime:0.000509s ]
NOTIC: [8] Undefined variable: lenFiles C:\PHPstudy\WWW\admin\Application\Runtime\Cache\Admin\c0301b7609b6150108969eef53f4bba4.php 第 656 行.
NOTIC: [8] Undefined variable: page C:\PHPstudy\WWW\admin\Application\Runtime\Cache\Admin\c0301b7609b6150108969eef53f4bba4.php 第 689 行.
INFO: Run Behavior\ParseTemplateBehavior [ RunTime:0.015210s ]
INFO: [ view_parse ] --END-- [ RunTime:0.015265s ]
INFO: [ view_filter ] --START--
INFO: Run Behavior\WriteHtmlCacheBehavior [ RunTime:0.000393s ]
INFO: [ view_filter ] --END-- [ RunTime:0.000431s ]
INFO: [ app_end ] --START--
INFO: Run Behavior\ShowPageTraceBehavior [ RunTime:0.000721s ]
INFO: [ app_end ] --END-- [ RunTime:0.000828s ]

[ 2016-06-17T16:48:05+08:00 ] ::1 /admin/Bootstrap/css/bootstrap.css.map
INFO: [ app_init ] --START--
INFO: Run Behavior\BuildLiteBehavior [ RunTime:0.000021s ]
INFO: [ app_init ] --END-- [ RunTime:0.000485s ]
INFO: [ app_begin ] --START--
INFO: Run Behavior\ReadHtmlCacheBehavior [ RunTime:0.000581s ]
INFO: [ app_begin ] --END-- [ RunTime:0.000669s ]
ERR: 无法加载控制器:Bootstrap

[ 2016-06-17T16:48:05+08:00 ] ::1 /admin/index.php/Gallery/image.html?folder=20160605
INFO: [ app_init ] --START--
INFO: Run Behavior\BuildLiteBehavior [ RunTime:0.000017s ]
INFO: [ app_init ] --END-- [ RunTime:0.000322s ]
INFO: [ app_begin ] --START--
INFO: Run Behavior\ReadHtmlCacheBehavior [ RunTime:0.000668s ]
INFO: [ app_begin ] --END-- [ RunTime:0.000779s ]
INFO: [ view_parse ] --START--
INFO: [ template_filter ] --START--
INFO: Run Behavior\ContentReplaceBehavior [ RunTime:0.000143s ]
INFO: [ template_filter ] --END-- [ RunTime:0.000205s ]
NOTIC: [8] Undefined variable: lenFolder C:\PHPstudy\WWW\admin\Application\Runtime\Cache\Admin\c0301b7609b6150108969eef53f4bba4.php 第 640 行.
NOTIC: [8] Undefined variable: page C:\PHPstudy\WWW\admin\Application\Runtime\Cache\Admin\c0301b7609b6150108969eef53f4bba4.php 第 689 行.
INFO: Run Behavior\ParseTemplateBehavior [ RunTime:0.010564s ]
INFO: [ view_parse ] --END-- [ RunTime:0.010626s ]
INFO: [ view_filter ] --START--
INFO: Run Behavior\WriteHtmlCacheBehavior [ RunTime:0.000320s ]
INFO: [ view_filter ] --END-- [ RunTime:0.000357s ]
INFO: [ app_end ] --START--
INFO: Run Behavior\ShowPageTraceBehavior [ RunTime:0.000401s ]
INFO: [ app_end ] --END-- [ RunTime:0.000447s ]

[ 2016-06-17T16:48:06+08:00 ] ::1 /admin/Bootstrap/css/bootstrap.css.map
INFO: [ app_init ] --START--
INFO: Run Behavior\BuildLiteBehavior [ RunTime:0.000028s ]
INFO: [ app_init ] --END-- [ RunTime:0.000753s ]
INFO: [ app_begin ] --START--
INFO: Run Behavior\ReadHtmlCacheBehavior [ RunTime:0.000797s ]
INFO: [ app_begin ] --END-- [ RunTime:0.000925s ]
ERR: 无法加载控制器:Bootstrap

[ 2016-06-17T16:48:06+08:00 ] ::1 /admin/index.php/Gallery/index.html
INFO: [ app_init ] --START--
INFO: Run Behavior\BuildLiteBehavior [ RunTime:0.000013s ]
INFO: [ app_init ] --END-- [ RunTime:0.000299s ]
INFO: [ app_begin ] --START--
INFO: Run Behavior\ReadHtmlCacheBehavior [ RunTime:0.000383s ]
INFO: [ app_begin ] --END-- [ RunTime:0.000434s ]
INFO: [ view_parse ] --START--
INFO: [ template_filter ] --START--
INFO: Run Behavior\ContentReplaceBehavior [ RunTime:0.000224s ]
INFO: [ template_filter ] --END-- [ RunTime:0.000387s ]
NOTIC: [8] Undefined variable: lenFiles C:\PHPstudy\WWW\admin\Application\Runtime\Cache\Admin\c0301b7609b6150108969eef53f4bba4.php 第 656 行.
NOTIC: [8] Undefined variable: page C:\PHPstudy\WWW\admin\Application\Runtime\Cache\Admin\c0301b7609b6150108969eef53f4bba4.php 第 689 行.
INFO: Run Behavior\ParseTemplateBehavior [ RunTime:0.014038s ]
INFO: [ view_parse ] --END-- [ RunTime:0.014097s ]
INFO: [ view_filter ] --START--
INFO: Run Behavior\WriteHtmlCacheBehavior [ RunTime:0.000357s ]
INFO: [ view_filter ] --END-- [ RunTime:0.000407s ]
INFO: [ app_end ] --START--
INFO: Run Behavior\ShowPageTraceBehavior [ RunTime:0.000676s ]
INFO: [ app_end ] --END-- [ RunTime:0.000754s ]

[ 2016-06-17T16:48:07+08:00 ] ::1 /admin/Bootstrap/css/bootstrap.css.map
INFO: [ app_init ] --START--
INFO: Run Behavior\BuildLiteBehavior [ RunTime:0.000025s ]
INFO: [ app_init ] --END-- [ RunTime:0.000822s ]
INFO: [ app_begin ] --START--
INFO: Run Behavior\ReadHtmlCacheBehavior [ RunTime:0.000906s ]
INFO: [ app_begin ] --END-- [ RunTime:0.001029s ]
ERR: 无法加载控制器:Bootstrap

[ 2016-06-17T16:48:07+08:00 ] ::1 /admin/index.php/Gallery/image.html?folder=20160605
INFO: [ app_init ] --START--
INFO: Run Behavior\BuildLiteBehavior [ RunTime:0.000013s ]
INFO: [ app_init ] --END-- [ RunTime:0.000343s ]
INFO: [ app_begin ] --START--
INFO: Run Behavior\ReadHtmlCacheBehavior [ RunTime:0.000411s ]
INFO: [ app_begin ] --END-- [ RunTime:0.000457s ]
INFO: [ view_parse ] --START--
INFO: [ template_filter ] --START--
INFO: Run Behavior\ContentReplaceBehavior [ RunTime:0.000123s ]
INFO: [ template_filter ] --END-- [ RunTime:0.000180s ]
NOTIC: [8] Undefined variable: lenFolder C:\PHPstudy\WWW\admin\Application\Runtime\Cache\Admin\c0301b7609b6150108969eef53f4bba4.php 第 640 行.
NOTIC: [8] Undefined variable: page C:\PHPstudy\WWW\admin\Application\Runtime\Cache\Admin\c0301b7609b6150108969eef53f4bba4.php 第 689 行.
INFO: Run Behavior\ParseTemplateBehavior [ RunTime:0.009298s ]
INFO: [ view_parse ] --END-- [ RunTime:0.009344s ]
INFO: [ view_filter ] --START--
INFO: Run Behavior\WriteHtmlCacheBehavior [ RunTime:0.000286s ]
INFO: [ view_filter ] --END-- [ RunTime:0.000323s ]
INFO: [ app_end ] --START--
INFO: Run Behavior\ShowPageTraceBehavior [ RunTime:0.000700s ]
INFO: [ app_end ] --END-- [ RunTime:0.000925s ]

[ 2016-06-17T16:48:07+08:00 ] ::1 /admin/Bootstrap/css/bootstrap.css.map
INFO: [ app_init ] --START--
INFO: Run Behavior\BuildLiteBehavior [ RunTime:0.000021s ]
INFO: [ app_init ] --END-- [ RunTime:0.000562s ]
INFO: [ app_begin ] --START--
INFO: Run Behavior\ReadHtmlCacheBehavior [ RunTime:0.000655s ]
INFO: [ app_begin ] --END-- [ RunTime:0.000762s ]
ERR: 无法加载控制器:Bootstrap

[ 2016-06-17T16:48:08+08:00 ] ::1 /admin/index.php/Gallery/index.html
INFO: [ app_init ] --START--
INFO: Run Behavior\BuildLiteBehavior [ RunTime:0.000014s ]
INFO: [ app_init ] --END-- [ RunTime:0.000458s ]
INFO: [ app_begin ] --START--
INFO: Run Behavior\ReadHtmlCacheBehavior [ RunTime:0.000426s ]
INFO: [ app_begin ] --END-- [ RunTime:0.000476s ]
INFO: [ view_parse ] --START--
INFO: [ template_filter ] --START--
INFO: Run Behavior\ContentReplaceBehavior [ RunTime:0.000124s ]
INFO: [ template_filter ] --END-- [ RunTime:0.000172s ]
NOTIC: [8] Undefined variable: lenFiles C:\PHPstudy\WWW\admin\Application\Runtime\Cache\Admin\c0301b7609b6150108969eef53f4bba4.php 第 656 行.
NOTIC: [8] Undefined variable: page C:\PHPstudy\WWW\admin\Application\Runtime\Cache\Admin\c0301b7609b6150108969eef53f4bba4.php 第 689 行.
INFO: Run Behavior\ParseTemplateBehavior [ RunTime:0.008998s ]
INFO: [ view_parse ] --END-- [ RunTime:0.009054s ]
INFO: [ view_filter ] --START--
INFO: Run Behavior\WriteHtmlCacheBehavior [ RunTime:0.000304s ]
INFO: [ view_filter ] --END-- [ RunTime:0.000341s ]
INFO: [ app_end ] --START--
INFO: Run Behavior\ShowPageTraceBehavior [ RunTime:0.000437s ]
INFO: [ app_end ] --END-- [ RunTime:0.000484s ]

[ 2016-06-17T16:48:08+08:00 ] ::1 /admin/Bootstrap/css/bootstrap.css.map
INFO: [ app_init ] --START--
INFO: Run Behavior\BuildLiteBehavior [ RunTime:0.000016s ]
INFO: [ app_init ] --END-- [ RunTime:0.000448s ]
INFO: [ app_begin ] --START--
INFO: Run Behavior\ReadHtmlCacheBehavior [ RunTime:0.000622s ]
INFO: [ app_begin ] --END-- [ RunTime:0.000715s ]
ERR: 无法加载控制器:Bootstrap

[ 2016-06-17T16:48:08+08:00 ] ::1 /admin/index.php/Gallery/image.html?folder=goods
INFO: [ app_init ] --START--
INFO: Run Behavior\BuildLiteBehavior [ RunTime:0.000112s ]
INFO: [ app_init ] --END-- [ RunTime:0.001062s ]
INFO: [ app_begin ] --START--
INFO: Run Behavior\ReadHtmlCacheBehavior [ RunTime:0.000412s ]
INFO: [ app_begin ] --END-- [ RunTime:0.000476s ]
INFO: [ view_parse ] --START--
INFO: [ template_filter ] --START--
INFO: Run Behavior\ContentReplaceBehavior [ RunTime:0.000122s ]
INFO: [ template_filter ] --END-- [ RunTime:0.000185s ]
NOTIC: [8] Undefined variable: lenFolder C:\PHPstudy\WWW\admin\Application\Runtime\Cache\Admin\c0301b7609b6150108969eef53f4bba4.php 第 640 行.
NOTIC: [8] Undefined variable: page C:\PHPstudy\WWW\admin\Application\Runtime\Cache\Admin\c0301b7609b6150108969eef53f4bba4.php 第 689 行.
INFO: Run Behavior\ParseTemplateBehavior [ RunTime:0.011045s ]
INFO: [ view_parse ] --END-- [ RunTime:0.011120s ]
INFO: [ view_filter ] --START--
INFO: Run Behavior\WriteHtmlCacheBehavior [ RunTime:0.000395s ]
INFO: [ view_filter ] --END-- [ RunTime:0.000467s ]
INFO: [ app_end ] --START--
INFO: Run Behavior\ShowPageTraceBehavior [ RunTime:0.000957s ]
INFO: [ app_end ] --END-- [ RunTime:0.001101s ]

[ 2016-06-17T16:48:09+08:00 ] ::1 /admin/Bootstrap/css/bootstrap.css.map
INFO: [ app_init ] --START--
INFO: Run Behavior\BuildLiteBehavior [ RunTime:0.000022s ]
INFO: [ app_init ] --END-- [ RunTime:0.000487s ]
INFO: [ app_begin ] --START--
INFO: Run Behavior\ReadHtmlCacheBehavior [ RunTime:0.000590s ]
INFO: [ app_begin ] --END-- [ RunTime:0.000676s ]
ERR: 无法加载控制器:Bootstrap

[ 2016-06-17T16:48:09+08:00 ] ::1 /admin/index.php/Gallery/index.html
INFO: [ app_init ] --START--
INFO: Run Behavior\BuildLiteBehavior [ RunTime:0.000016s ]
INFO: [ app_init ] --END-- [ RunTime:0.000510s ]
INFO: [ app_begin ] --START--
INFO: Run Behavior\ReadHtmlCacheBehavior [ RunTime:0.000420s ]
INFO: [ app_begin ] --END-- [ RunTime:0.000470s ]
INFO: [ view_parse ] --START--
INFO: [ template_filter ] --START--
INFO: Run Behavior\ContentReplaceBehavior [ RunTime:0.000121s ]
INFO: [ template_filter ] --END-- [ RunTime:0.000174s ]
NOTIC: [8] Undefined variable: lenFiles C:\PHPstudy\WWW\admin\Application\Runtime\Cache\Admin\c0301b7609b6150108969eef53f4bba4.php 第 656 行.
NOTIC: [8] Undefined variable: page C:\PHPstudy\WWW\admin\Application\Runtime\Cache\Admin\c0301b7609b6150108969eef53f4bba4.php 第 689 行.
INFO: Run Behavior\ParseTemplateBehavior [ RunTime:0.010060s ]
INFO: [ view_parse ] --END-- [ RunTime:0.010118s ]
INFO: [ view_filter ] --START--
INFO: Run Behavior\WriteHtmlCacheBehavior [ RunTime:0.000303s ]
INFO: [ view_filter ] --END-- [ RunTime:0.000342s ]
INFO: [ app_end ] --START--
INFO: Run Behavior\ShowPageTraceBehavior [ RunTime:0.000434s ]
INFO: [ app_end ] --END-- [ RunTime:0.000485s ]

[ 2016-06-17T16:48:09+08:00 ] ::1 /admin/Bootstrap/css/bootstrap.css.map
INFO: [ app_init ] --START--
INFO: Run Behavior\BuildLiteBehavior [ RunTime:0.000021s ]
INFO: [ app_init ] --END-- [ RunTime:0.000485s ]
INFO: [ app_begin ] --START--
INFO: Run Behavior\ReadHtmlCacheBehavior [ RunTime:0.000542s ]
INFO: [ app_begin ] --END-- [ RunTime:0.000621s ]
ERR: 无法加载控制器:Bootstrap

[ 2016-06-17T16:48:10+08:00 ] ::1 /admin/index.php/Gallery/image.html?folder=20160605
INFO: [ app_init ] --START--
INFO: Run Behavior\BuildLiteBehavior [ RunTime:0.000022s ]
INFO: [ app_init ] --END-- [ RunTime:0.000466s ]
INFO: [ app_begin ] --START--
INFO: Run Behavior\ReadHtmlCacheBehavior [ RunTime:0.000577s ]
INFO: [ app_begin ] --END-- [ RunTime:0.000660s ]
INFO: [ view_parse ] --START--
INFO: [ template_filter ] --START--
INFO: Run Behavior\ContentReplaceBehavior [ RunTime:0.000207s ]
INFO: [ template_filter ] --END-- [ RunTime:0.000302s ]
NOTIC: [8] Undefined variable: lenFolder C:\PHPstudy\WWW\admin\Application\Runtime\Cache\Admin\c0301b7609b6150108969eef53f4bba4.php 第 640 行.
NOTIC: [8] Undefined variable: page C:\PHPstudy\WWW\admin\Application\Runtime\Cache\Admin\c0301b7609b6150108969eef53f4bba4.php 第 689 行.
INFO: Run Behavior\ParseTemplateBehavior [ RunTime:0.013669s ]
INFO: [ view_parse ] --END-- [ RunTime:0.013757s ]
INFO: [ view_filter ] --START--
INFO: Run Behavior\WriteHtmlCacheBehavior [ RunTime:0.000437s ]
INFO: [ view_filter ] --END-- [ RunTime:0.000496s ]
INFO: [ app_end ] --START--
INFO: Run Behavior\ShowPageTraceBehavior [ RunTime:0.000627s ]
INFO: [ app_end ] --END-- [ RunTime:0.000717s ]

[ 2016-06-17T16:48:10+08:00 ] ::1 /admin/Bootstrap/css/bootstrap.css.map
INFO: [ app_init ] --START--
INFO: Run Behavior\BuildLiteBehavior [ RunTime:0.000023s ]
INFO: [ app_init ] --END-- [ RunTime:0.000497s ]
INFO: [ app_begin ] --START--
INFO: Run Behavior\ReadHtmlCacheBehavior [ RunTime:0.000698s ]
INFO: [ app_begin ] --END-- [ RunTime:0.000833s ]
ERR: 无法加载控制器:Bootstrap

[ 2016-06-17T16:48:11+08:00 ] ::1 /admin/index.php/Gallery/index.html
INFO: [ app_init ] --START--
INFO: Run Behavior\BuildLiteBehavior [ RunTime:0.000020s ]
INFO: [ app_init ] --END-- [ RunTime:0.000490s ]
INFO: [ app_begin ] --START--
INFO: Run Behavior\ReadHtmlCacheBehavior [ RunTime:0.000391s ]
INFO: [ app_begin ] --END-- [ RunTime:0.000442s ]
INFO: [ view_parse ] --START--
INFO: [ template_filter ] --START--
INFO: Run Behavior\ContentReplaceBehavior [ RunTime:0.000148s ]
INFO: [ template_filter ] --END-- [ RunTime:0.000225s ]
NOTIC: [8] Undefined variable: lenFiles C:\PHPstudy\WWW\admin\Application\Runtime\Cache\Admin\c0301b7609b6150108969eef53f4bba4.php 第 656 行.
NOTIC: [8] Undefined variable: page C:\PHPstudy\WWW\admin\Application\Runtime\Cache\Admin\c0301b7609b6150108969eef53f4bba4.php 第 689 行.
INFO: Run Behavior\ParseTemplateBehavior [ RunTime:0.011876s ]
INFO: [ view_parse ] --END-- [ RunTime:0.011943s ]
INFO: [ view_filter ] --START--
INFO: Run Behavior\WriteHtmlCacheBehavior [ RunTime:0.000227s ]
INFO: [ view_filter ] --END-- [ RunTime:0.000262s ]
INFO: [ app_end ] --START--
INFO: Run Behavior\ShowPageTraceBehavior [ RunTime:0.000418s ]
INFO: [ app_end ] --END-- [ RunTime:0.000468s ]

[ 2016-06-17T16:48:11+08:00 ] ::1 /admin/Bootstrap/css/bootstrap.css.map
INFO: [ app_init ] --START--
INFO: Run Behavior\BuildLiteBehavior [ RunTime:0.000028s ]
INFO: [ app_init ] --END-- [ RunTime:0.000500s ]
INFO: [ app_begin ] --START--
INFO: Run Behavior\ReadHtmlCacheBehavior [ RunTime:0.000765s ]
INFO: [ app_begin ] --END-- [ RunTime:0.000884s ]
ERR: 无法加载控制器:Bootstrap

[ 2016-06-17T16:48:14+08:00 ] ::1 /admin/index.php/Gallery/delFolder.html?folder=goods
INFO: [ app_init ] --START--
INFO: Run Behavior\BuildLiteBehavior [ RunTime:0.000017s ]
INFO: [ app_init ] --END-- [ RunTime:0.000426s ]
INFO: [ app_begin ] --START--
INFO: Run Behavior\ReadHtmlCacheBehavior [ RunTime:0.000683s ]
INFO: [ app_begin ] --END-- [ RunTime:0.000781s ]
NOTIC: [2] unlink(Public/upload/image/goods/.) [<a href='function.unlink'>function.unlink</a>]: Permission denied C:\PHPstudy\WWW\admin\Application\Admin\Controller\GalleryController.class.php 第 45 行.
NOTIC: [2] unlink(Public/upload/image/goods/..) [<a href='function.unlink'>function.unlink</a>]: Permission denied C:\PHPstudy\WWW\admin\Application\Admin\Controller\GalleryController.class.php 第 45 行.
NOTIC: [2] unlink(Public/upload/image/goods/20160603) [<a href='function.unlink'>function.unlink</a>]: Permission denied C:\PHPstudy\WWW\admin\Application\Admin\Controller\GalleryController.class.php 第 45 行.
NOTIC: [2] rmdir(Public/upload/image/goods) [<a href='function.rmdir'>function.rmdir</a>]: Directory not empty C:\PHPstudy\WWW\admin\Application\Admin\Controller\GalleryController.class.php 第 48 行.
INFO: [ view_parse ] --START--
INFO: [ template_filter ] --START--
INFO: Run Behavior\ContentReplaceBehavior [ RunTime:0.000095s ]
INFO: [ template_filter ] --END-- [ RunTime:0.000227s ]
INFO: Run Behavior\ParseTemplateBehavior [ RunTime:0.005405s ]
INFO: [ view_parse ] --END-- [ RunTime:0.005468s ]
INFO: [ view_filter ] --START--
INFO: Run Behavior\WriteHtmlCacheBehavior [ RunTime:0.000723s ]
INFO: [ view_filter ] --END-- [ RunTime:0.000791s ]

[ 2016-06-17T16:48:16+08:00 ] ::1 /admin/Bootstrap/css/bootstrap.css.map
INFO: [ app_init ] --START--
INFO: Run Behavior\BuildLiteBehavior [ RunTime:0.000020s ]
INFO: [ app_init ] --END-- [ RunTime:0.000481s ]
INFO: [ app_begin ] --START--
INFO: Run Behavior\ReadHtmlCacheBehavior [ RunTime:0.000859s ]
INFO: [ app_begin ] --END-- [ RunTime:0.000954s ]
ERR: 无法加载控制器:Bootstrap

[ 2016-06-17T16:48:16+08:00 ] ::1 /admin/index.php/Gallery/image.html?folder=goods
INFO: [ app_init ] --START--
INFO: Run Behavior\BuildLiteBehavior [ RunTime:0.000025s ]
INFO: [ app_init ] --END-- [ RunTime:0.000515s ]
INFO: [ app_begin ] --START--
INFO: Run Behavior\ReadHtmlCacheBehavior [ RunTime:0.000528s ]
INFO: [ app_begin ] --END-- [ RunTime:0.000627s ]
INFO: [ view_parse ] --START--
INFO: [ template_filter ] --START--
INFO: Run Behavior\ContentReplaceBehavior [ RunTime:0.000120s ]
INFO: [ template_filter ] --END-- [ RunTime:0.000172s ]
NOTIC: [8] Undefined variable: lenFolder C:\PHPstudy\WWW\admin\Application\Runtime\Cache\Admin\c0301b7609b6150108969eef53f4bba4.php 第 640 行.
NOTIC: [8] Undefined variable: page C:\PHPstudy\WWW\admin\Application\Runtime\Cache\Admin\c0301b7609b6150108969eef53f4bba4.php 第 689 行.
INFO: Run Behavior\ParseTemplateBehavior [ RunTime:0.011641s ]
INFO: [ view_parse ] --END-- [ RunTime:0.011696s ]
INFO: [ view_filter ] --START--
INFO: Run Behavior\WriteHtmlCacheBehavior [ RunTime:0.000264s ]
INFO: [ view_filter ] --END-- [ RunTime:0.000301s ]
INFO: [ app_end ] --START--
INFO: Run Behavior\ShowPageTraceBehavior [ RunTime:0.000503s ]
INFO: [ app_end ] --END-- [ RunTime:0.000564s ]

[ 2016-06-17T16:48:16+08:00 ] ::1 /admin/Bootstrap/css/bootstrap.css.map
INFO: [ app_init ] --START--
INFO: Run Behavior\BuildLiteBehavior [ RunTime:0.000028s ]
INFO: [ app_init ] --END-- [ RunTime:0.000556s ]
INFO: [ app_begin ] --START--
INFO: Run Behavior\ReadHtmlCacheBehavior [ RunTime:0.000775s ]
INFO: [ app_begin ] --END-- [ RunTime:0.000899s ]
ERR: 无法加载控制器:Bootstrap

[ 2016-06-17T16:48:19+08:00 ] ::1 /admin/index.php/Gallery/delFile.html?folder=goods&file=20160603
INFO: [ app_init ] --START--
INFO: Run Behavior\BuildLiteBehavior [ RunTime:0.000035s ]
INFO: [ app_init ] --END-- [ RunTime:0.000529s ]
INFO: [ app_begin ] --START--
INFO: Run Behavior\ReadHtmlCacheBehavior [ RunTime:0.000599s ]
INFO: [ app_begin ] --END-- [ RunTime:0.000679s ]
NOTIC: [2] unlink(Public/upload/image/goods/20160603) [<a href='function.unlink'>function.unlink</a>]: Permission denied C:\PHPstudy\WWW\admin\Application\Admin\Controller\GalleryController.class.php 第 33 行.
INFO: [ view_parse ] --START--
INFO: [ template_filter ] --START--
INFO: Run Behavior\ContentReplaceBehavior [ RunTime:0.000040s ]
INFO: [ template_filter ] --END-- [ RunTime:0.000092s ]
INFO: Run Behavior\ParseTemplateBehavior [ RunTime:0.004324s ]
INFO: [ view_parse ] --END-- [ RunTime:0.004386s ]
INFO: [ view_filter ] --START--
INFO: Run Behavior\WriteHtmlCacheBehavior [ RunTime:0.000259s ]
INFO: [ view_filter ] --END-- [ RunTime:0.000295s ]

[ 2016-06-17T16:48:21+08:00 ] ::1 /admin/Bootstrap/css/bootstrap.css.map
INFO: [ app_init ] --START--
INFO: Run Behavior\BuildLiteBehavior [ RunTime:0.000021s ]
INFO: [ app_init ] --END-- [ RunTime:0.000542s ]
INFO: [ app_begin ] --START--
INFO: Run Behavior\ReadHtmlCacheBehavior [ RunTime:0.000653s ]
INFO: [ app_begin ] --END-- [ RunTime:0.000746s ]
ERR: 无法加载控制器:Bootstrap

[ 2016-06-17T16:48:21+08:00 ] ::1 /admin/index.php/Gallery/index.html
INFO: [ app_init ] --START--
INFO: Run Behavior\BuildLiteBehavior [ RunTime:0.000023s ]
INFO: [ app_init ] --END-- [ RunTime:0.000580s ]
INFO: [ app_begin ] --START--
INFO: Run Behavior\ReadHtmlCacheBehavior [ RunTime:0.001049s ]
INFO: [ app_begin ] --END-- [ RunTime:0.001241s ]
INFO: [ view_parse ] --START--
INFO: [ template_filter ] --START--
INFO: Run Behavior\ContentReplaceBehavior [ RunTime:0.000120s ]
INFO: [ template_filter ] --END-- [ RunTime:0.000173s ]
NOTIC: [8] Undefined variable: lenFiles C:\PHPstudy\WWW\admin\Application\Runtime\Cache\Admin\c0301b7609b6150108969eef53f4bba4.php 第 656 行.
NOTIC: [8] Undefined variable: page C:\PHPstudy\WWW\admin\Application\Runtime\Cache\Admin\c0301b7609b6150108969eef53f4bba4.php 第 689 行.
INFO: Run Behavior\ParseTemplateBehavior [ RunTime:0.009368s ]
INFO: [ view_parse ] --END-- [ RunTime:0.009419s ]
INFO: [ view_filter ] --START--
INFO: Run Behavior\WriteHtmlCacheBehavior [ RunTime:0.000279s ]
INFO: [ view_filter ] --END-- [ RunTime:0.000316s ]
INFO: [ app_end ] --START--
INFO: Run Behavior\ShowPageTraceBehavior [ RunTime:0.000505s ]
INFO: [ app_end ] --END-- [ RunTime:0.000564s ]

[ 2016-06-17T16:48:21+08:00 ] ::1 /admin/Bootstrap/css/bootstrap.css.map
INFO: [ app_init ] --START--
INFO: Run Behavior\BuildLiteBehavior [ RunTime:0.000024s ]
INFO: [ app_init ] --END-- [ RunTime:0.000487s ]
INFO: [ app_begin ] --START--
INFO: Run Behavior\ReadHtmlCacheBehavior [ RunTime:0.000741s ]
INFO: [ app_begin ] --END-- [ RunTime:0.000851s ]
ERR: 无法加载控制器:Bootstrap

[ 2016-06-17T16:48:22+08:00 ] ::1 /admin/index.php/Gallery/image.html?folder=20160605
INFO: [ app_init ] --START--
INFO: Run Behavior\BuildLiteBehavior [ RunTime:0.000013s ]
INFO: [ app_init ] --END-- [ RunTime:0.000339s ]
INFO: [ app_begin ] --START--
INFO: Run Behavior\ReadHtmlCacheBehavior [ RunTime:0.000413s ]
INFO: [ app_begin ] --END-- [ RunTime:0.000476s ]
INFO: [ view_parse ] --START--
INFO: [ template_filter ] --START--
INFO: Run Behavior\ContentReplaceBehavior [ RunTime:0.000119s ]
INFO: [ template_filter ] --END-- [ RunTime:0.000173s ]
NOTIC: [8] Undefined variable: lenFolder C:\PHPstudy\WWW\admin\Application\Runtime\Cache\Admin\c0301b7609b6150108969eef53f4bba4.php 第 640 行.
NOTIC: [8] Undefined variable: page C:\PHPstudy\WWW\admin\Application\Runtime\Cache\Admin\c0301b7609b6150108969eef53f4bba4.php 第 689 行.
INFO: Run Behavior\ParseTemplateBehavior [ RunTime:0.009215s ]
INFO: [ view_parse ] --END-- [ RunTime:0.009302s ]
INFO: [ view_filter ] --START--
INFO: Run Behavior\WriteHtmlCacheBehavior [ RunTime:0.000343s ]
INFO: [ view_filter ] --END-- [ RunTime:0.000399s ]
INFO: [ app_end ] --START--
INFO: Run Behavior\ShowPageTraceBehavior [ RunTime:0.000661s ]
INFO: [ app_end ] --END-- [ RunTime:0.000740s ]

[ 2016-06-17T16:48:22+08:00 ] ::1 /admin/Bootstrap/css/bootstrap.css.map
INFO: [ app_init ] --START--
INFO: Run Behavior\BuildLiteBehavior [ RunTime:0.000022s ]
INFO: [ app_init ] --END-- [ RunTime:0.000626s ]
INFO: [ app_begin ] --START--
INFO: Run Behavior\ReadHtmlCacheBehavior [ RunTime:0.000395s ]
INFO: [ app_begin ] --END-- [ RunTime:0.000456s ]
ERR: 无法加载控制器:Bootstrap

[ 2016-06-17T16:48:23+08:00 ] ::1 /admin/index.php/Gallery/index.html
INFO: [ app_init ] --START--
INFO: Run Behavior\BuildLiteBehavior [ RunTime:0.000026s ]
INFO: [ app_init ] --END-- [ RunTime:0.000640s ]
INFO: [ app_begin ] --START--
INFO: Run Behavior\ReadHtmlCacheBehavior [ RunTime:0.000417s ]
INFO: [ app_begin ] --END-- [ RunTime:0.000486s ]
INFO: [ view_parse ] --START--
INFO: [ template_filter ] --START--
INFO: Run Behavior\ContentReplaceBehavior [ RunTime:0.000120s ]
INFO: [ template_filter ] --END-- [ RunTime:0.000172s ]
NOTIC: [8] Undefined variable: lenFiles C:\PHPstudy\WWW\admin\Application\Runtime\Cache\Admin\c0301b7609b6150108969eef53f4bba4.php 第 656 行.
NOTIC: [8] Undefined variable: page C:\PHPstudy\WWW\admin\Application\Runtime\Cache\Admin\c0301b7609b6150108969eef53f4bba4.php 第 689 行.
INFO: Run Behavior\ParseTemplateBehavior [ RunTime:0.011205s ]
INFO: [ view_parse ] --END-- [ RunTime:0.011256s ]
INFO: [ view_filter ] --START--
INFO: Run Behavior\WriteHtmlCacheBehavior [ RunTime:0.000270s ]
INFO: [ view_filter ] --END-- [ RunTime:0.000306s ]
INFO: [ app_end ] --START--
INFO: Run Behavior\ShowPageTraceBehavior [ RunTime:0.000530s ]
INFO: [ app_end ] --END-- [ RunTime:0.000591s ]

[ 2016-06-17T16:48:23+08:00 ] ::1 /admin/Bootstrap/css/bootstrap.css.map
INFO: [ app_init ] --START--
INFO: Run Behavior\BuildLiteBehavior [ RunTime:0.000023s ]
INFO: [ app_init ] --END-- [ RunTime:0.000605s ]
INFO: [ app_begin ] --START--
INFO: Run Behavior\ReadHtmlCacheBehavior [ RunTime:0.000719s ]
INFO: [ app_begin ] --END-- [ RunTime:0.000832s ]
ERR: 无法加载控制器:Bootstrap

[ 2016-06-17T16:48:25+08:00 ] ::1 /admin/index.php/Gallery/delFolder.html?folder=20160605
INFO: [ app_init ] --START--
INFO: Run Behavior\BuildLiteBehavior [ RunTime:0.000017s ]
INFO: [ app_init ] --END-- [ RunTime:0.000529s ]
INFO: [ app_begin ] --START--
INFO: Run Behavior\ReadHtmlCacheBehavior [ RunTime:0.000856s ]
INFO: [ app_begin ] --END-- [ RunTime:0.000971s ]
NOTIC: [2] unlink(Public/upload/image/20160605/.) [<a href='function.unlink'>function.unlink</a>]: Permission denied C:\PHPstudy\WWW\admin\Application\Admin\Controller\GalleryController.class.php 第 45 行.
NOTIC: [2] unlink(Public/upload/image/20160605/..) [<a href='function.unlink'>function.unlink</a>]: Permission denied C:\PHPstudy\WWW\admin\Application\Admin\Controller\GalleryController.class.php 第 45 行.
INFO: [ view_parse ] --START--
INFO: [ template_filter ] --START--
INFO: Run Behavior\ContentReplaceBehavior [ RunTime:0.000044s ]
INFO: [ template_filter ] --END-- [ RunTime:0.000106s ]
INFO: Run Behavior\ParseTemplateBehavior [ RunTime:0.005915s ]
INFO: [ view_parse ] --END-- [ RunTime:0.005990s ]
INFO: [ view_filter ] --START--
INFO: Run Behavior\WriteHtmlCacheBehavior [ RunTime:0.000419s ]
INFO: [ view_filter ] --END-- [ RunTime:0.000459s ]
INFO: [ app_end ] --START--
INFO: Run Behavior\ShowPageTraceBehavior [ RunTime:0.000482s ]
INFO: [ app_end ] --END-- [ RunTime:0.000523s ]

[ 2016-06-17T16:48:26+08:00 ] ::1 /admin/index.php/Gallery/index.html
INFO: [ app_init ] --START--
INFO: Run Behavior\BuildLiteBehavior [ RunTime:0.000029s ]
INFO: [ app_init ] --END-- [ RunTime:0.000964s ]
INFO: [ app_begin ] --START--
INFO: Run Behavior\ReadHtmlCacheBehavior [ RunTime:0.001075s ]
INFO: [ app_begin ] --END-- [ RunTime:0.001238s ]
INFO: [ view_parse ] --START--
INFO: [ template_filter ] --START--
INFO: Run Behavior\ContentReplaceBehavior [ RunTime:0.000124s ]
INFO: [ template_filter ] --END-- [ RunTime:0.000181s ]
NOTIC: [8] Undefined variable: lenFiles C:\PHPstudy\WWW\admin\Application\Runtime\Cache\Admin\c0301b7609b6150108969eef53f4bba4.php 第 656 行.
NOTIC: [8] Undefined variable: page C:\PHPstudy\WWW\admin\Application\Runtime\Cache\Admin\c0301b7609b6150108969eef53f4bba4.php 第 689 行.
INFO: Run Behavior\ParseTemplateBehavior [ RunTime:0.013692s ]
INFO: [ view_parse ] --END-- [ RunTime:0.013775s ]
INFO: [ view_filter ] --START--
INFO: Run Behavior\WriteHtmlCacheBehavior [ RunTime:0.000230s ]
INFO: [ view_filter ] --END-- [ RunTime:0.000268s ]
INFO: [ app_end ] --START--
INFO: Run Behavior\ShowPageTraceBehavior [ RunTime:0.000524s ]
INFO: [ app_end ] --END-- [ RunTime:0.000701s ]

[ 2016-06-17T16:48:26+08:00 ] ::1 /admin/Bootstrap/css/bootstrap.css.map
INFO: [ app_init ] --START--
INFO: Run Behavior\BuildLiteBehavior [ RunTime:0.000027s ]
INFO: [ app_init ] --END-- [ RunTime:0.000621s ]
INFO: [ app_begin ] --START--
INFO: Run Behavior\ReadHtmlCacheBehavior [ RunTime:0.000835s ]
INFO: [ app_begin ] --END-- [ RunTime:0.000987s ]
ERR: 无法加载控制器:Bootstrap

[ 2016-06-17T16:54:11+08:00 ] ::1 /admin/index.php/Gallery/index.html
INFO: [ app_init ] --START--
INFO: Run Behavior\BuildLiteBehavior [ RunTime:0.000028s ]
INFO: [ app_init ] --END-- [ RunTime:0.000630s ]
INFO: [ app_begin ] --START--
INFO: Run Behavior\ReadHtmlCacheBehavior [ RunTime:0.000881s ]
INFO: [ app_begin ] --END-- [ RunTime:0.001010s ]
INFO: [ view_parse ] --START--
INFO: [ template_filter ] --START--
INFO: Run Behavior\ContentReplaceBehavior [ RunTime:0.000150s ]
INFO: [ template_filter ] --END-- [ RunTime:0.000207s ]
NOTIC: [8] Undefined variable: lenFiles C:\PHPstudy\WWW\admin\Application\Runtime\Cache\Admin\c0301b7609b6150108969eef53f4bba4.php 第 656 行.
NOTIC: [8] Undefined variable: page C:\PHPstudy\WWW\admin\Application\Runtime\Cache\Admin\c0301b7609b6150108969eef53f4bba4.php 第 689 行.
INFO: Run Behavior\ParseTemplateBehavior [ RunTime:0.019942s ]
INFO: [ view_parse ] --END-- [ RunTime:0.020036s ]
INFO: [ view_filter ] --START--
INFO: Run Behavior\WriteHtmlCacheBehavior [ RunTime:0.000553s ]
INFO: [ view_filter ] --END-- [ RunTime:0.000612s ]
INFO: [ app_end ] --START--
INFO: Run Behavior\ShowPageTraceBehavior [ RunTime:0.000713s ]
INFO: [ app_end ] --END-- [ RunTime:0.000784s ]

[ 2016-06-17T16:54:14+08:00 ] ::1 /admin/index.php/Goods/index.html
INFO: [ app_init ] --START--
INFO: Run Behavior\BuildLiteBehavior [ RunTime:0.000017s ]
INFO: [ app_init ] --END-- [ RunTime:0.000601s ]
INFO: [ app_begin ] --START--
INFO: Run Behavior\ReadHtmlCacheBehavior [ RunTime:0.000608s ]
INFO: [ app_begin ] --END-- [ RunTime:0.000746s ]
SQL: SHOW COLUMNS FROM `hc_goods` [ RunTime:0.0082s ]
NOTIC: [8] Undefined variable: count C:\PHPstudy\WWW\admin\Application\Admin\Controller\GoodsController.class.php 第 8 行.
SQL: SELECT * FROM `hc_goods` ORDER BY time desc LIMIT 0,10   [ RunTime:0.0009s ]
INFO: [ view_parse ] --START--
INFO: [ template_filter ] --START--
INFO: Run Behavior\ContentReplaceBehavior [ RunTime:0.000337s ]
INFO: [ template_filter ] --END-- [ RunTime:0.000441s ]
INFO: Run Behavior\ParseTemplateBehavior [ RunTime:0.018082s ]
INFO: [ view_parse ] --END-- [ RunTime:0.018202s ]
INFO: [ view_filter ] --START--
INFO: Run Behavior\WriteHtmlCacheBehavior [ RunTime:0.000533s ]
INFO: [ view_filter ] --END-- [ RunTime:0.000634s ]
INFO: [ app_end ] --START--
INFO: Run Behavior\ShowPageTraceBehavior [ RunTime:0.000709s ]
INFO: [ app_end ] --END-- [ RunTime:0.000940s ]

[ 2016-06-17T16:56:30+08:00 ] ::1 /admin/index.php/Goods/widgets.html
INFO: [ app_init ] --START--
INFO: Run Behavior\BuildLiteBehavior [ RunTime:0.000035s ]
INFO: [ app_init ] --END-- [ RunTime:0.001096s ]
INFO: [ app_begin ] --START--
INFO: Run Behavior\ReadHtmlCacheBehavior [ RunTime:0.001295s ]
INFO: [ app_begin ] --END-- [ RunTime:0.004036s ]
ERR: 非法操作:widgets

[ 2016-06-17T16:56:33+08:00 ] ::1 /admin/index.php/Goods/calendar.html
INFO: [ app_init ] --START--
INFO: Run Behavior\BuildLiteBehavior [ RunTime:0.000021s ]
INFO: [ app_init ] --END-- [ RunTime:0.000481s ]
INFO: [ app_begin ] --START--
INFO: Run Behavior\ReadHtmlCacheBehavior [ RunTime:0.000669s ]
INFO: [ app_begin ] --END-- [ RunTime:0.000770s ]
ERR: 非法操作:calendar

[ 2016-06-17T16:56:35+08:00 ] ::1 /admin/index.php/Gallery/index.html
INFO: [ app_init ] --START--
INFO: Run Behavior\BuildLiteBehavior [ RunTime:0.000023s ]
INFO: [ app_init ] --END-- [ RunTime:0.000735s ]
INFO: [ app_begin ] --START--
INFO: Run Behavior\ReadHtmlCacheBehavior [ RunTime:0.000697s ]
INFO: [ app_begin ] --END-- [ RunTime:0.000803s ]
INFO: [ view_parse ] --START--
INFO: [ template_filter ] --START--
INFO: Run Behavior\ContentReplaceBehavior [ RunTime:0.000139s ]
INFO: [ template_filter ] --END-- [ RunTime:0.000215s ]
NOTIC: [8] Undefined variable: lenFiles C:\PHPstudy\WWW\admin\Application\Runtime\Cache\Admin\c0301b7609b6150108969eef53f4bba4.php 第 656 行.
NOTIC: [8] Undefined variable: page C:\PHPstudy\WWW\admin\Application\Runtime\Cache\Admin\c0301b7609b6150108969eef53f4bba4.php 第 689 行.
INFO: Run Behavior\ParseTemplateBehavior [ RunTime:0.016915s ]
INFO: [ view_parse ] --END-- [ RunTime:0.017014s ]
INFO: [ view_filter ] --START--
INFO: Run Behavior\WriteHtmlCacheBehavior [ RunTime:0.000769s ]
INFO: [ view_filter ] --END-- [ RunTime:0.000855s ]
INFO: [ app_end ] --START--
INFO: Run Behavior\ShowPageTraceBehavior [ RunTime:0.001890s ]
INFO: [ app_end ] --END-- [ RunTime:0.002138s ]

[ 2016-06-17T16:56:39+08:00 ] ::1 /admin/index.php/Admin/index.html
INFO: [ app_init ] --START--
INFO: Run Behavior\BuildLiteBehavior [ RunTime:0.000029s ]
INFO: [ app_init ] --END-- [ RunTime:0.000690s ]
INFO: [ app_begin ] --START--
INFO: Run Behavior\ReadHtmlCacheBehavior [ RunTime:0.001219s ]
INFO: [ app_begin ] --END-- [ RunTime:0.001378s ]
SQL: SHOW COLUMNS FROM `hc_admin` [ RunTime:0.0029s ]
SQL: SELECT COUNT(*) AS tp_count FROM `hc_admin` LIMIT 1   [ RunTime:0.0002s ]
SQL: SELECT * FROM `hc_admin` LIMIT 0,8   [ RunTime:0.0002s ]
INFO: [ view_parse ] --START--
INFO: [ template_filter ] --START--
INFO: Run Behavior\ContentReplaceBehavior [ RunTime:0.000119s ]
INFO: [ template_filter ] --END-- [ RunTime:0.000177s ]
INFO: Run Behavior\ParseTemplateBehavior [ RunTime:0.015423s ]
INFO: [ view_parse ] --END-- [ RunTime:0.015479s ]
INFO: [ view_filter ] --START--
INFO: Run Behavior\WriteHtmlCacheBehavior [ RunTime:0.000241s ]
INFO: [ view_filter ] --END-- [ RunTime:0.000280s ]
INFO: [ app_end ] --START--
INFO: Run Behavior\ShowPageTraceBehavior [ RunTime:0.000704s ]
INFO: [ app_end ] --END-- [ RunTime:0.000792s ]

[ 2016-06-17T16:56:40+08:00 ] ::1 /admin/index.php/Admin/add.html
INFO: [ app_init ] --START--
INFO: Run Behavior\BuildLiteBehavior [ RunTime:0.000026s ]
INFO: [ app_init ] --END-- [ RunTime:0.000639s ]
INFO: [ app_begin ] --START--
INFO: Run Behavior\ReadHtmlCacheBehavior [ RunTime:0.001070s ]
INFO: [ app_begin ] --END-- [ RunTime:0.001222s ]
INFO: [ view_parse ] --START--
INFO: [ template_filter ] --START--
INFO: Run Behavior\ContentReplaceBehavior [ RunTime:0.000237s ]
INFO: [ template_filter ] --END-- [ RunTime:0.000340s ]
INFO: Run Behavior\ParseTemplateBehavior [ RunTime:0.017273s ]
INFO: [ view_parse ] --END-- [ RunTime:0.017513s ]
INFO: [ view_filter ] --START--
INFO: Run Behavior\WriteHtmlCacheBehavior [ RunTime:0.001351s ]
INFO: [ view_filter ] --END-- [ RunTime:0.001476s ]
INFO: [ app_end ] --START--
INFO: Run Behavior\ShowPageTraceBehavior [ RunTime:0.000906s ]
INFO: [ app_end ] --END-- [ RunTime:0.001098s ]

[ 2016-06-17T16:56:42+08:00 ] ::1 /admin/index.php/Admin/faq.html
INFO: [ app_init ] --START--
INFO: Run Behavior\BuildLiteBehavior [ RunTime:0.000016s ]
INFO: [ app_init ] --END-- [ RunTime:0.000484s ]
INFO: [ app_begin ] --START--
INFO: Run Behavior\ReadHtmlCacheBehavior [ RunTime:0.000914s ]
INFO: [ app_begin ] --END-- [ RunTime:0.001034s ]
ERR: 非法操作:faq

[ 2016-06-17T16:56:48+08:00 ] ::1 /admin/index.php/Goods/index.html
INFO: [ app_init ] --START--
INFO: Run Behavior\BuildLiteBehavior [ RunTime:0.000032s ]
INFO: [ app_init ] --END-- [ RunTime:0.000841s ]
INFO: [ app_begin ] --START--
INFO: Run Behavior\ReadHtmlCacheBehavior [ RunTime:0.001101s ]
INFO: [ app_begin ] --END-- [ RunTime:0.001245s ]
SQL: SHOW COLUMNS FROM `hc_goods` [ RunTime:0.0034s ]
NOTIC: [8] Undefined variable: count C:\PHPstudy\WWW\admin\Application\Admin\Controller\GoodsController.class.php 第 8 行.
SQL: SELECT * FROM `hc_goods` ORDER BY time desc LIMIT 0,10   [ RunTime:0.0004s ]
INFO: [ view_parse ] --START--
INFO: [ template_filter ] --START--
INFO: Run Behavior\ContentReplaceBehavior [ RunTime:0.000170s ]
INFO: [ template_filter ] --END-- [ RunTime:0.000241s ]
INFO: Run Behavior\ParseTemplateBehavior [ RunTime:0.015139s ]
INFO: [ view_parse ] --END-- [ RunTime:0.015209s ]
INFO: [ view_filter ] --START--
INFO: Run Behavior\WriteHtmlCacheBehavior [ RunTime:0.000224s ]
INFO: [ view_filter ] --END-- [ RunTime:0.000262s ]
INFO: [ app_end ] --START--
INFO: Run Behavior\ShowPageTraceBehavior [ RunTime:0.000401s ]
INFO: [ app_end ] --END-- [ RunTime:0.000447s ]

[ 2016-06-17T16:56:49+08:00 ] ::1 /admin/index.php/Goods/add.html
INFO: [ app_init ] --START--
INFO: Run Behavior\BuildLiteBehavior [ RunTime:0.000025s ]
INFO: [ app_init ] --END-- [ RunTime:0.000454s ]
INFO: [ app_begin ] --START--
INFO: Run Behavior\ReadHtmlCacheBehavior [ RunTime:0.000548s ]
INFO: [ app_begin ] --END-- [ RunTime:0.000620s ]
INFO: [ view_parse ] --START--
INFO: [ template_filter ] --START--
INFO: Run Behavior\ContentReplaceBehavior [ RunTime:0.000133s ]
INFO: [ template_filter ] --END-- [ RunTime:0.000191s ]
INFO: Run Behavior\ParseTemplateBehavior [ RunTime:0.013583s ]
INFO: [ view_parse ] --END-- [ RunTime:0.013633s ]
INFO: [ view_filter ] --START--
INFO: Run Behavior\WriteHtmlCacheBehavior [ RunTime:0.000240s ]
INFO: [ view_filter ] --END-- [ RunTime:0.000277s ]
INFO: [ app_end ] --START--
INFO: Run Behavior\ShowPageTraceBehavior [ RunTime:0.000761s ]
INFO: [ app_end ] --END-- [ RunTime:0.000875s ]

[ 2016-06-17T16:56:52+08:00 ] ::1 /admin/index.php/Goods/index.html
INFO: [ app_init ] --START--
INFO: Run Behavior\BuildLiteBehavior [ RunTime:0.000020s ]
INFO: [ app_init ] --END-- [ RunTime:0.000650s ]
INFO: [ app_begin ] --START--
INFO: Run Behavior\ReadHtmlCacheBehavior [ RunTime:0.001243s ]
INFO: [ app_begin ] --END-- [ RunTime:0.001459s ]
SQL: SHOW COLUMNS FROM `hc_goods` [ RunTime:0.0046s ]
NOTIC: [8] Undefined variable: count C:\PHPstudy\WWW\admin\Application\Admin\Controller\GoodsController.class.php 第 8 行.
SQL: SELECT * FROM `hc_goods` ORDER BY time desc LIMIT 0,10   [ RunTime:0.0004s ]
INFO: [ view_parse ] --START--
INFO: [ template_filter ] --START--
INFO: Run Behavior\ContentReplaceBehavior [ RunTime:0.000107s ]
INFO: [ template_filter ] --END-- [ RunTime:0.000165s ]
INFO: Run Behavior\ParseTemplateBehavior [ RunTime:0.016103s ]
INFO: [ view_parse ] --END-- [ RunTime:0.016174s ]
INFO: [ view_filter ] --START--
INFO: Run Behavior\WriteHtmlCacheBehavior [ RunTime:0.000256s ]
INFO: [ view_filter ] --END-- [ RunTime:0.000304s ]
INFO: [ app_end ] --START--
INFO: Run Behavior\ShowPageTraceBehavior [ RunTime:0.000998s ]
INFO: [ app_end ] --END-- [ RunTime:0.001172s ]

[ 2016-06-17T16:56:56+08:00 ] ::1 /admin/index.php/Goods/edit.html?id=3
INFO: [ app_init ] --START--
INFO: Run Behavior\BuildLiteBehavior [ RunTime:0.000022s ]
INFO: [ app_init ] --END-- [ RunTime:0.000514s ]
INFO: [ app_begin ] --START--
INFO: Run Behavior\ReadHtmlCacheBehavior [ RunTime:0.000859s ]
INFO: [ app_begin ] --END-- [ RunTime:0.000986s ]
SQL: SHOW COLUMNS FROM `hc_goods` [ RunTime:0.0039s ]
SQL: SELECT * FROM `hc_goods` WHERE `id` = 3 LIMIT 1   [ RunTime:0.0285s ]
INFO: [ view_parse ] --START--
INFO: [ template_filter ] --START--
INFO: Run Behavior\ContentReplaceBehavior [ RunTime:0.000154s ]
INFO: [ template_filter ] --END-- [ RunTime:0.000218s ]
INFO: Run Behavior\ParseTemplateBehavior [ RunTime:0.011332s ]
INFO: [ view_parse ] --END-- [ RunTime:0.011475s ]
INFO: [ view_filter ] --START--
INFO: Run Behavior\WriteHtmlCacheBehavior [ RunTime:0.000921s ]
INFO: [ view_filter ] --END-- [ RunTime:0.001082s ]
INFO: [ app_end ] --START--
INFO: Run Behavior\ShowPageTraceBehavior [ RunTime:0.001454s ]
INFO: [ app_end ] --END-- [ RunTime:0.001662s ]

