[ 2016-06-20T11:39:52+08:00 ] ::1 /admin/
INFO: [ app_init ] --START--
INFO: Run Behavior\BuildLiteBehavior [ RunTime:0.000027s ]
INFO: [ app_init ] --END-- [ RunTime:0.000573s ]
INFO: [ app_begin ] --START--
INFO: Run Behavior\ReadHtmlCacheBehavior [ RunTime:0.001128s ]
INFO: [ app_begin ] --END-- [ RunTime:0.001270s ]

[ 2016-06-20T11:39:52+08:00 ] ::1 /admin/index.php/Login/index.html
INFO: [ app_init ] --START--
INFO: Run Behavior\BuildLiteBehavior [ RunTime:0.000013s ]
INFO: [ app_init ] --END-- [ RunTime:0.000337s ]
INFO: [ app_begin ] --START--
INFO: Run Behavior\ReadHtmlCacheBehavior [ RunTime:0.000724s ]
INFO: [ app_begin ] --END-- [ RunTime:0.000792s ]
INFO: [ view_parse ] --START--
INFO: [ template_filter ] --START--
INFO: Run Behavior\ContentReplaceBehavior [ RunTime:0.000050s ]
INFO: [ template_filter ] --END-- [ RunTime:0.000111s ]
INFO: Run Behavior\ParseTemplateBehavior [ RunTime:0.032497s ]
INFO: [ view_parse ] --END-- [ RunTime:0.032569s ]
INFO: [ view_filter ] --START--
INFO: Run Behavior\WriteHtmlCacheBehavior [ RunTime:0.000341s ]
INFO: [ view_filter ] --END-- [ RunTime:0.000385s ]
INFO: [ app_end ] --START--
INFO: Run Behavior\ShowPageTraceBehavior [ RunTime:0.000471s ]
INFO: [ app_end ] --END-- [ RunTime:0.000511s ]

[ 2016-06-20T11:39:55+08:00 ] ::1 /admin/index.php/Login/login.html
INFO: [ app_init ] --START--
INFO: Run Behavior\BuildLiteBehavior [ RunTime:0.000021s ]
INFO: [ app_init ] --END-- [ RunTime:0.000411s ]
INFO: [ app_begin ] --START--
INFO: Run Behavior\ReadHtmlCacheBehavior [ RunTime:0.000846s ]
INFO: [ app_begin ] --END-- [ RunTime:0.000983s ]
SQL: SHOW COLUMNS FROM `hc_admin` [ RunTime:0.0189s ]
SQL: SELECT * FROM `hc_admin` WHERE ( username = 'admin' ) LIMIT 1   [ RunTime:0.0003s ]
SQL: SHOW COLUMNS FROM `hc_log` [ RunTime:0.0217s ]
SQL: INSERT INTO `hc_log` (`ip`,`log`) VALUES ('::1','登录成功') [ RunTime:0.0061s ]

[ 2016-06-20T11:39:56+08:00 ] ::1 /admin/index.php/Index/index.html
INFO: [ app_init ] --START--
INFO: Run Behavior\BuildLiteBehavior [ RunTime:0.000027s ]
INFO: [ app_init ] --END-- [ RunTime:0.000670s ]
INFO: [ app_begin ] --START--
INFO: Run Behavior\ReadHtmlCacheBehavior [ RunTime:0.000684s ]
INFO: [ app_begin ] --END-- [ RunTime:0.000789s ]
SQL: SHOW COLUMNS FROM `hc_log` [ RunTime:0.0053s ]
SQL: SELECT COUNT(*) AS tp_count FROM `hc_log` LIMIT 1   [ RunTime:0.0002s ]
SQL: SELECT * FROM `hc_log` ORDER BY time desc LIMIT 0,10   [ RunTime:0.0003s ]
INFO: [ view_parse ] --START--
INFO: [ template_filter ] --START--
INFO: Run Behavior\ContentReplaceBehavior [ RunTime:0.000104s ]
INFO: [ template_filter ] --END-- [ RunTime:0.000160s ]
INFO: Run Behavior\ParseTemplateBehavior [ RunTime:0.033083s ]
INFO: [ view_parse ] --END-- [ RunTime:0.033143s ]
INFO: [ view_filter ] --START--
INFO: Run Behavior\WriteHtmlCacheBehavior [ RunTime:0.000334s ]
INFO: [ view_filter ] --END-- [ RunTime:0.000380s ]
INFO: [ app_end ] --START--
INFO: Run Behavior\ShowPageTraceBehavior [ RunTime:0.000569s ]
INFO: [ app_end ] --END-- [ RunTime:0.000622s ]

[ 2016-06-20T11:39:59+08:00 ] ::1 /admin/index.php/Index/form-elements.html
INFO: [ app_init ] --START--
INFO: Run Behavior\BuildLiteBehavior [ RunTime:0.000037s ]
INFO: [ app_init ] --END-- [ RunTime:0.000674s ]
INFO: [ app_begin ] --START--
INFO: Run Behavior\ReadHtmlCacheBehavior [ RunTime:0.000384s ]
INFO: [ app_begin ] --END-- [ RunTime:0.000437s ]
ERR: 非法操作:form-elements

[ 2016-06-20T11:40:03+08:00 ] ::1 /admin/index.php/Index/faq.html
INFO: [ app_init ] --START--
INFO: Run Behavior\BuildLiteBehavior [ RunTime:0.000014s ]
INFO: [ app_init ] --END-- [ RunTime:0.000307s ]
INFO: [ app_begin ] --START--
INFO: Run Behavior\ReadHtmlCacheBehavior [ RunTime:0.000416s ]
INFO: [ app_begin ] --END-- [ RunTime:0.000476s ]
ERR: 非法操作:faq

[ 2016-06-20T11:40:06+08:00 ] ::1 /admin/index.php/Admin/index.html
INFO: [ app_init ] --START--
INFO: Run Behavior\BuildLiteBehavior [ RunTime:0.000028s ]
INFO: [ app_init ] --END-- [ RunTime:0.000693s ]
INFO: [ app_begin ] --START--
INFO: Run Behavior\ReadHtmlCacheBehavior [ RunTime:0.000776s ]
INFO: [ app_begin ] --END-- [ RunTime:0.000942s ]
SQL: SHOW COLUMNS FROM `hc_admin` [ RunTime:0.0026s ]
SQL: SELECT COUNT(*) AS tp_count FROM `hc_admin` LIMIT 1   [ RunTime:0.0002s ]
SQL: SELECT * FROM `hc_admin` LIMIT 0,8   [ RunTime:0.0002s ]
INFO: [ view_parse ] --START--
INFO: [ template_filter ] --START--
INFO: Run Behavior\ContentReplaceBehavior [ RunTime:0.000162s ]
INFO: [ template_filter ] --END-- [ RunTime:0.000240s ]
INFO: Run Behavior\ParseTemplateBehavior [ RunTime:0.010824s ]
INFO: [ view_parse ] --END-- [ RunTime:0.010896s ]
INFO: [ view_filter ] --START--
INFO: Run Behavior\WriteHtmlCacheBehavior [ RunTime:0.000386s ]
INFO: [ view_filter ] --END-- [ RunTime:0.000423s ]
INFO: [ app_end ] --START--
INFO: Run Behavior\ShowPageTraceBehavior [ RunTime:0.000675s ]
INFO: [ app_end ] --END-- [ RunTime:0.000729s ]

[ 2016-06-20T11:40:06+08:00 ] ::1 /admin/index.php/Admin/add.html
INFO: [ app_init ] --START--
INFO: Run Behavior\BuildLiteBehavior [ RunTime:0.000013s ]
INFO: [ app_init ] --END-- [ RunTime:0.000352s ]
INFO: [ app_begin ] --START--
INFO: Run Behavior\ReadHtmlCacheBehavior [ RunTime:0.000423s ]
INFO: [ app_begin ] --END-- [ RunTime:0.000471s ]
INFO: [ view_parse ] --START--
INFO: [ template_filter ] --START--
INFO: Run Behavior\ContentReplaceBehavior [ RunTime:0.000118s ]
INFO: [ template_filter ] --END-- [ RunTime:0.000183s ]
INFO: Run Behavior\ParseTemplateBehavior [ RunTime:0.021287s ]
INFO: [ view_parse ] --END-- [ RunTime:0.021338s ]
INFO: [ view_filter ] --START--
INFO: Run Behavior\WriteHtmlCacheBehavior [ RunTime:0.000334s ]
INFO: [ view_filter ] --END-- [ RunTime:0.000374s ]
INFO: [ app_end ] --START--
INFO: Run Behavior\ShowPageTraceBehavior [ RunTime:0.000624s ]
INFO: [ app_end ] --END-- [ RunTime:0.000692s ]

[ 2016-06-20T11:40:07+08:00 ] ::1 /admin/index.php/Gallery/index.html
INFO: [ app_init ] --START--
INFO: Run Behavior\BuildLiteBehavior [ RunTime:0.000020s ]
INFO: [ app_init ] --END-- [ RunTime:0.000464s ]
INFO: [ app_begin ] --START--
INFO: Run Behavior\ReadHtmlCacheBehavior [ RunTime:0.000577s ]
INFO: [ app_begin ] --END-- [ RunTime:0.000656s ]
INFO: [ view_parse ] --START--
INFO: [ template_filter ] --START--
INFO: Run Behavior\ContentReplaceBehavior [ RunTime:0.000116s ]
INFO: [ template_filter ] --END-- [ RunTime:0.000167s ]
NOTIC: [8] Undefined variable: lenFiles C:\PHPstudy\WWW\admin\Application\Runtime\Cache\Admin\c0301b7609b6150108969eef53f4bba4.php 第 656 行.
NOTIC: [8] Undefined variable: page C:\PHPstudy\WWW\admin\Application\Runtime\Cache\Admin\c0301b7609b6150108969eef53f4bba4.php 第 689 行.
INFO: Run Behavior\ParseTemplateBehavior [ RunTime:0.024050s ]
INFO: [ view_parse ] --END-- [ RunTime:0.024125s ]
INFO: [ view_filter ] --START--
INFO: Run Behavior\WriteHtmlCacheBehavior [ RunTime:0.000483s ]
INFO: [ view_filter ] --END-- [ RunTime:0.000522s ]
INFO: [ app_end ] --START--
INFO: Run Behavior\ShowPageTraceBehavior [ RunTime:0.000773s ]
INFO: [ app_end ] --END-- [ RunTime:0.000861s ]

[ 2016-06-20T11:43:51+08:00 ] 127.0.0.1 /admin/
INFO: [ app_init ] --START--
INFO: Run Behavior\BuildLiteBehavior [ RunTime:0.000013s ]
INFO: [ app_init ] --END-- [ RunTime:0.000750s ]
INFO: [ app_begin ] --START--
INFO: Run Behavior\ReadHtmlCacheBehavior [ RunTime:0.000832s ]
INFO: [ app_begin ] --END-- [ RunTime:0.000885s ]

[ 2016-06-20T11:43:51+08:00 ] 127.0.0.1 /admin/index.php/Login/index.html
INFO: [ app_init ] --START--
INFO: Run Behavior\BuildLiteBehavior [ RunTime:0.000009s ]
INFO: [ app_init ] --END-- [ RunTime:0.000244s ]
INFO: [ app_begin ] --START--
INFO: Run Behavior\ReadHtmlCacheBehavior [ RunTime:0.000413s ]
INFO: [ app_begin ] --END-- [ RunTime:0.000471s ]
INFO: [ view_parse ] --START--
INFO: [ template_filter ] --START--
INFO: Run Behavior\ContentReplaceBehavior [ RunTime:0.000070s ]
INFO: [ template_filter ] --END-- [ RunTime:0.000136s ]
INFO: Run Behavior\ParseTemplateBehavior [ RunTime:0.090288s ]
INFO: [ view_parse ] --END-- [ RunTime:0.090351s ]
INFO: [ view_filter ] --START--
INFO: Run Behavior\WriteHtmlCacheBehavior [ RunTime:0.000792s ]
INFO: [ view_filter ] --END-- [ RunTime:0.000834s ]
INFO: [ app_end ] --START--
INFO: Run Behavior\ShowPageTraceBehavior [ RunTime:0.000798s ]
INFO: [ app_end ] --END-- [ RunTime:0.000834s ]

[ 2016-06-20T11:43:57+08:00 ] 127.0.0.1 /admin/index.php/Login/login.html
INFO: [ app_init ] --START--
INFO: Run Behavior\BuildLiteBehavior [ RunTime:0.000014s ]
INFO: [ app_init ] --END-- [ RunTime:0.000409s ]
INFO: [ app_begin ] --START--
INFO: Run Behavior\ReadHtmlCacheBehavior [ RunTime:0.000669s ]
INFO: [ app_begin ] --END-- [ RunTime:0.000742s ]
ERR: SQLSTATE[HY000] [1049] Unknown database 'huachuang'

[ 2016-06-20T11:45:54+08:00 ] 127.0.0.1 /admin/index.php/Login/login.html
INFO: [ app_init ] --START--
INFO: Run Behavior\BuildLiteBehavior [ RunTime:0.000009s ]
INFO: [ app_init ] --END-- [ RunTime:0.000401s ]
INFO: [ app_begin ] --START--
INFO: Run Behavior\ReadHtmlCacheBehavior [ RunTime:0.001010s ]
INFO: [ app_begin ] --END-- [ RunTime:0.001053s ]
SQL: SHOW COLUMNS FROM `hc_admin` [ RunTime:0.0099s ]
SQL: SELECT * FROM `hc_admin` WHERE ( username = 'admin' ) LIMIT 1   [ RunTime:0.0002s ]
SQL: SHOW COLUMNS FROM `hc_log` [ RunTime:0.0061s ]
SQL: INSERT INTO `hc_log` (`ip`,`log`) VALUES ('127.0.0.1','登录成功') [ RunTime:0.0002s ]

[ 2016-06-20T11:45:55+08:00 ] 127.0.0.1 /admin/index.php/Index/index.html
INFO: [ app_init ] --START--
INFO: Run Behavior\BuildLiteBehavior [ RunTime:0.000015s ]
INFO: [ app_init ] --END-- [ RunTime:0.000728s ]
INFO: [ app_begin ] --START--
INFO: Run Behavior\ReadHtmlCacheBehavior [ RunTime:0.001698s ]
INFO: [ app_begin ] --END-- [ RunTime:0.001772s ]
SQL: SHOW COLUMNS FROM `hc_log` [ RunTime:0.0064s ]
SQL: SELECT COUNT(*) AS tp_count FROM `hc_log` LIMIT 1   [ RunTime:0.0002s ]
SQL: SELECT * FROM `hc_log` ORDER BY time desc LIMIT 0,10   [ RunTime:0.0004s ]
INFO: [ view_parse ] --START--
INFO: [ template_filter ] --START--
INFO: Run Behavior\ContentReplaceBehavior [ RunTime:0.000100s ]
INFO: [ template_filter ] --END-- [ RunTime:0.000138s ]
INFO: Run Behavior\ParseTemplateBehavior [ RunTime:0.046135s ]
INFO: [ view_parse ] --END-- [ RunTime:0.046189s ]
INFO: [ view_filter ] --START--
INFO: Run Behavior\WriteHtmlCacheBehavior [ RunTime:0.001137s ]
INFO: [ view_filter ] --END-- [ RunTime:0.001173s ]
INFO: [ app_end ] --START--
INFO: Run Behavior\ShowPageTraceBehavior [ RunTime:0.001906s ]
INFO: [ app_end ] --END-- [ RunTime:0.001948s ]

[ 2016-06-20T11:46:32+08:00 ] 127.0.0.1 /admin/index.php/Index/form-elements.html
INFO: [ app_init ] --START--
INFO: Run Behavior\BuildLiteBehavior [ RunTime:0.000009s ]
INFO: [ app_init ] --END-- [ RunTime:0.000256s ]
INFO: [ app_begin ] --START--
INFO: Run Behavior\ReadHtmlCacheBehavior [ RunTime:0.000542s ]
INFO: [ app_begin ] --END-- [ RunTime:0.000597s ]
ERR: 非法操作:form-elements

[ 2016-06-20T11:46:35+08:00 ] 127.0.0.1 /admin/index.php/Index/form-elements-2.html
INFO: [ app_init ] --START--
INFO: Run Behavior\BuildLiteBehavior [ RunTime:0.000009s ]
INFO: [ app_init ] --END-- [ RunTime:0.000274s ]
INFO: [ app_begin ] --START--
INFO: Run Behavior\ReadHtmlCacheBehavior [ RunTime:0.000524s ]
INFO: [ app_begin ] --END-- [ RunTime:0.000566s ]
ERR: 非法操作:form-elements-2

[ 2016-06-20T11:46:41+08:00 ] 127.0.0.1 /admin/index.php/Goods/index.html
INFO: [ app_init ] --START--
INFO: Run Behavior\BuildLiteBehavior [ RunTime:0.000014s ]
INFO: [ app_init ] --END-- [ RunTime:0.000356s ]
INFO: [ app_begin ] --START--
INFO: Run Behavior\ReadHtmlCacheBehavior [ RunTime:0.001046s ]
INFO: [ app_begin ] --END-- [ RunTime:0.001118s ]
SQL: SHOW COLUMNS FROM `hc_goods` [ RunTime:0.0184s ]
NOTIC: [8] Undefined variable: count D:\phpStudy\WWW\admin\Application\Admin\Controller\GoodsController.class.php 第 8 行.
SQL: SELECT * FROM `hc_goods` ORDER BY time desc LIMIT 0,10   [ RunTime:0.0003s ]
INFO: [ view_parse ] --START--
INFO: [ template_filter ] --START--
INFO: Run Behavior\ContentReplaceBehavior [ RunTime:0.000105s ]
INFO: [ template_filter ] --END-- [ RunTime:0.000144s ]
INFO: Run Behavior\ParseTemplateBehavior [ RunTime:0.041114s ]
INFO: [ view_parse ] --END-- [ RunTime:0.041177s ]
INFO: [ view_filter ] --START--
INFO: Run Behavior\WriteHtmlCacheBehavior [ RunTime:0.000701s ]
INFO: [ view_filter ] --END-- [ RunTime:0.000745s ]
INFO: [ app_end ] --START--
INFO: Run Behavior\ShowPageTraceBehavior [ RunTime:0.000999s ]
INFO: [ app_end ] --END-- [ RunTime:0.001062s ]

[ 2016-06-20T11:46:46+08:00 ] 127.0.0.1 /admin/index.php/Goods/add.html
INFO: [ app_init ] --START--
INFO: Run Behavior\BuildLiteBehavior [ RunTime:0.000009s ]
INFO: [ app_init ] --END-- [ RunTime:0.000305s ]
INFO: [ app_begin ] --START--
INFO: Run Behavior\ReadHtmlCacheBehavior [ RunTime:0.000507s ]
INFO: [ app_begin ] --END-- [ RunTime:0.000545s ]
INFO: [ view_parse ] --START--
INFO: [ template_filter ] --START--
INFO: Run Behavior\ContentReplaceBehavior [ RunTime:0.000120s ]
INFO: [ template_filter ] --END-- [ RunTime:0.000161s ]
INFO: Run Behavior\ParseTemplateBehavior [ RunTime:0.060442s ]
INFO: [ view_parse ] --END-- [ RunTime:0.060487s ]
INFO: [ view_filter ] --START--
INFO: Run Behavior\WriteHtmlCacheBehavior [ RunTime:0.000416s ]
INFO: [ view_filter ] --END-- [ RunTime:0.000442s ]
INFO: [ app_end ] --START--
INFO: Run Behavior\ShowPageTraceBehavior [ RunTime:0.000778s ]
INFO: [ app_end ] --END-- [ RunTime:0.000835s ]

[ 2016-06-20T11:46:49+08:00 ] 127.0.0.1 /admin/index.php/Goods/calendar.html
INFO: [ app_init ] --START--
INFO: Run Behavior\BuildLiteBehavior [ RunTime:0.000012s ]
INFO: [ app_init ] --END-- [ RunTime:0.000304s ]
INFO: [ app_begin ] --START--
INFO: Run Behavior\ReadHtmlCacheBehavior [ RunTime:0.000456s ]
INFO: [ app_begin ] --END-- [ RunTime:0.000493s ]
ERR: 非法操作:calendar

[ 2016-06-20T11:46:51+08:00 ] 127.0.0.1 /admin/index.php/Gallery/index.html
INFO: [ app_init ] --START--
INFO: Run Behavior\BuildLiteBehavior [ RunTime:0.000008s ]
INFO: [ app_init ] --END-- [ RunTime:0.000268s ]
INFO: [ app_begin ] --START--
INFO: Run Behavior\ReadHtmlCacheBehavior [ RunTime:0.000571s ]
INFO: [ app_begin ] --END-- [ RunTime:0.000622s ]
INFO: [ view_parse ] --START--
INFO: [ template_filter ] --START--
INFO: Run Behavior\ContentReplaceBehavior [ RunTime:0.000114s ]
INFO: [ template_filter ] --END-- [ RunTime:0.000150s ]
NOTIC: [8] Undefined variable: lenFiles D:\phpStudy\WWW\admin\Application\Runtime\Cache\Admin\c0301b7609b6150108969eef53f4bba4.php 第 656 行.
NOTIC: [8] Undefined variable: page D:\phpStudy\WWW\admin\Application\Runtime\Cache\Admin\c0301b7609b6150108969eef53f4bba4.php 第 689 行.
INFO: Run Behavior\ParseTemplateBehavior [ RunTime:0.067930s ]
INFO: [ view_parse ] --END-- [ RunTime:0.067969s ]
INFO: [ view_filter ] --START--
INFO: Run Behavior\WriteHtmlCacheBehavior [ RunTime:0.000504s ]
INFO: [ view_filter ] --END-- [ RunTime:0.000538s ]
INFO: [ app_end ] --START--
INFO: Run Behavior\ShowPageTraceBehavior [ RunTime:0.000970s ]
INFO: [ app_end ] --END-- [ RunTime:0.001031s ]

[ 2016-06-20T11:46:53+08:00 ] 127.0.0.1 /admin/index.php/Gallery/image.html?folder=goods
INFO: [ app_init ] --START--
INFO: Run Behavior\BuildLiteBehavior [ RunTime:0.000009s ]
INFO: [ app_init ] --END-- [ RunTime:0.000275s ]
INFO: [ app_begin ] --START--
INFO: Run Behavior\ReadHtmlCacheBehavior [ RunTime:0.000455s ]
INFO: [ app_begin ] --END-- [ RunTime:0.000487s ]
INFO: [ view_parse ] --START--
INFO: [ template_filter ] --START--
INFO: Run Behavior\ContentReplaceBehavior [ RunTime:0.000115s ]
INFO: [ template_filter ] --END-- [ RunTime:0.000149s ]
NOTIC: [8] Undefined variable: lenFolder D:\phpStudy\WWW\admin\Application\Runtime\Cache\Admin\c0301b7609b6150108969eef53f4bba4.php 第 640 行.
NOTIC: [8] Undefined variable: page D:\phpStudy\WWW\admin\Application\Runtime\Cache\Admin\c0301b7609b6150108969eef53f4bba4.php 第 689 行.
INFO: Run Behavior\ParseTemplateBehavior [ RunTime:0.062896s ]
INFO: [ view_parse ] --END-- [ RunTime:0.062945s ]
INFO: [ view_filter ] --START--
INFO: Run Behavior\WriteHtmlCacheBehavior [ RunTime:0.000417s ]
INFO: [ view_filter ] --END-- [ RunTime:0.000441s ]
INFO: [ app_end ] --START--
INFO: Run Behavior\ShowPageTraceBehavior [ RunTime:0.000708s ]
INFO: [ app_end ] --END-- [ RunTime:0.000748s ]

[ 2016-06-20T11:46:55+08:00 ] 127.0.0.1 /admin/index.php/Gallery/index.html
INFO: [ app_init ] --START--
INFO: Run Behavior\BuildLiteBehavior [ RunTime:0.000009s ]
INFO: [ app_init ] --END-- [ RunTime:0.000273s ]
INFO: [ app_begin ] --START--
INFO: Run Behavior\ReadHtmlCacheBehavior [ RunTime:0.000489s ]
INFO: [ app_begin ] --END-- [ RunTime:0.000526s ]
INFO: [ view_parse ] --START--
INFO: [ template_filter ] --START--
INFO: Run Behavior\ContentReplaceBehavior [ RunTime:0.000166s ]
INFO: [ template_filter ] --END-- [ RunTime:0.000219s ]
NOTIC: [8] Undefined variable: lenFiles D:\phpStudy\WWW\admin\Application\Runtime\Cache\Admin\c0301b7609b6150108969eef53f4bba4.php 第 656 行.
NOTIC: [8] Undefined variable: page D:\phpStudy\WWW\admin\Application\Runtime\Cache\Admin\c0301b7609b6150108969eef53f4bba4.php 第 689 行.
INFO: Run Behavior\ParseTemplateBehavior [ RunTime:0.042403s ]
INFO: [ view_parse ] --END-- [ RunTime:0.042436s ]
INFO: [ view_filter ] --START--
INFO: Run Behavior\WriteHtmlCacheBehavior [ RunTime:0.000454s ]
INFO: [ view_filter ] --END-- [ RunTime:0.000492s ]
INFO: [ app_end ] --START--
INFO: Run Behavior\ShowPageTraceBehavior [ RunTime:0.001450s ]
INFO: [ app_end ] --END-- [ RunTime:0.001583s ]

[ 2016-06-20T11:46:56+08:00 ] 127.0.0.1 /admin/index.php/Gallery/image.html?folder=goods
INFO: [ app_init ] --START--
INFO: Run Behavior\BuildLiteBehavior [ RunTime:0.000011s ]
INFO: [ app_init ] --END-- [ RunTime:0.000304s ]
INFO: [ app_begin ] --START--
INFO: Run Behavior\ReadHtmlCacheBehavior [ RunTime:0.000460s ]
INFO: [ app_begin ] --END-- [ RunTime:0.000493s ]
INFO: [ view_parse ] --START--
INFO: [ template_filter ] --START--
INFO: Run Behavior\ContentReplaceBehavior [ RunTime:0.000201s ]
INFO: [ template_filter ] --END-- [ RunTime:0.000261s ]
NOTIC: [8] Undefined variable: lenFolder D:\phpStudy\WWW\admin\Application\Runtime\Cache\Admin\c0301b7609b6150108969eef53f4bba4.php 第 640 行.
NOTIC: [8] Undefined variable: page D:\phpStudy\WWW\admin\Application\Runtime\Cache\Admin\c0301b7609b6150108969eef53f4bba4.php 第 689 行.
INFO: Run Behavior\ParseTemplateBehavior [ RunTime:0.068582s ]
INFO: [ view_parse ] --END-- [ RunTime:0.068618s ]
INFO: [ view_filter ] --START--
INFO: Run Behavior\WriteHtmlCacheBehavior [ RunTime:0.000592s ]
INFO: [ view_filter ] --END-- [ RunTime:0.000627s ]
INFO: [ app_end ] --START--
INFO: Run Behavior\ShowPageTraceBehavior [ RunTime:0.000742s ]
INFO: [ app_end ] --END-- [ RunTime:0.000816s ]

[ 2016-06-20T11:46:57+08:00 ] 127.0.0.1 /admin/index.php/Gallery/index.html
INFO: [ app_init ] --START--
INFO: Run Behavior\BuildLiteBehavior [ RunTime:0.000010s ]
INFO: [ app_init ] --END-- [ RunTime:0.000286s ]
INFO: [ app_begin ] --START--
INFO: Run Behavior\ReadHtmlCacheBehavior [ RunTime:0.000450s ]
INFO: [ app_begin ] --END-- [ RunTime:0.000482s ]
INFO: [ view_parse ] --START--
INFO: [ template_filter ] --START--
INFO: Run Behavior\ContentReplaceBehavior [ RunTime:0.000154s ]
INFO: [ template_filter ] --END-- [ RunTime:0.000214s ]
NOTIC: [8] Undefined variable: lenFiles D:\phpStudy\WWW\admin\Application\Runtime\Cache\Admin\c0301b7609b6150108969eef53f4bba4.php 第 656 行.
NOTIC: [8] Undefined variable: page D:\phpStudy\WWW\admin\Application\Runtime\Cache\Admin\c0301b7609b6150108969eef53f4bba4.php 第 689 行.
INFO: Run Behavior\ParseTemplateBehavior [ RunTime:0.071544s ]
INFO: [ view_parse ] --END-- [ RunTime:0.071595s ]
INFO: [ view_filter ] --START--
INFO: Run Behavior\WriteHtmlCacheBehavior [ RunTime:0.000824s ]
INFO: [ view_filter ] --END-- [ RunTime:0.000883s ]
INFO: [ app_end ] --START--
INFO: Run Behavior\ShowPageTraceBehavior [ RunTime:0.001088s ]
INFO: [ app_end ] --END-- [ RunTime:0.001153s ]

[ 2016-06-20T11:46:58+08:00 ] 127.0.0.1 /admin/index.php/Gallery/image.html?folder=goods
INFO: [ app_init ] --START--
INFO: Run Behavior\BuildLiteBehavior [ RunTime:0.000013s ]
INFO: [ app_init ] --END-- [ RunTime:0.000418s ]
INFO: [ app_begin ] --START--
INFO: Run Behavior\ReadHtmlCacheBehavior [ RunTime:0.000730s ]
INFO: [ app_begin ] --END-- [ RunTime:0.000790s ]
INFO: [ view_parse ] --START--
INFO: [ template_filter ] --START--
INFO: Run Behavior\ContentReplaceBehavior [ RunTime:0.000177s ]
INFO: [ template_filter ] --END-- [ RunTime:0.000242s ]
NOTIC: [8] Undefined variable: lenFolder D:\phpStudy\WWW\admin\Application\Runtime\Cache\Admin\c0301b7609b6150108969eef53f4bba4.php 第 640 行.
NOTIC: [8] Undefined variable: page D:\phpStudy\WWW\admin\Application\Runtime\Cache\Admin\c0301b7609b6150108969eef53f4bba4.php 第 689 行.
INFO: Run Behavior\ParseTemplateBehavior [ RunTime:0.089566s ]
INFO: [ view_parse ] --END-- [ RunTime:0.089617s ]
INFO: [ view_filter ] --START--
INFO: Run Behavior\WriteHtmlCacheBehavior [ RunTime:0.000629s ]
INFO: [ view_filter ] --END-- [ RunTime:0.000662s ]
INFO: [ app_end ] --START--
INFO: Run Behavior\ShowPageTraceBehavior [ RunTime:0.001047s ]
INFO: [ app_end ] --END-- [ RunTime:0.001467s ]

[ 2016-06-20T11:46:58+08:00 ] 127.0.0.1 /admin/index.php/Gallery/index.html
INFO: [ app_init ] --START--
INFO: Run Behavior\BuildLiteBehavior [ RunTime:0.000014s ]
INFO: [ app_init ] --END-- [ RunTime:0.000407s ]
INFO: [ app_begin ] --START--
INFO: Run Behavior\ReadHtmlCacheBehavior [ RunTime:0.000613s ]
INFO: [ app_begin ] --END-- [ RunTime:0.000670s ]
INFO: [ view_parse ] --START--
INFO: [ template_filter ] --START--
INFO: Run Behavior\ContentReplaceBehavior [ RunTime:0.000247s ]
INFO: [ template_filter ] --END-- [ RunTime:0.000295s ]
NOTIC: [8] Undefined variable: lenFiles D:\phpStudy\WWW\admin\Application\Runtime\Cache\Admin\c0301b7609b6150108969eef53f4bba4.php 第 656 行.
NOTIC: [8] Undefined variable: page D:\phpStudy\WWW\admin\Application\Runtime\Cache\Admin\c0301b7609b6150108969eef53f4bba4.php 第 689 行.
INFO: Run Behavior\ParseTemplateBehavior [ RunTime:0.070666s ]
INFO: [ view_parse ] --END-- [ RunTime:0.070711s ]
INFO: [ view_filter ] --START--
INFO: Run Behavior\WriteHtmlCacheBehavior [ RunTime:0.000469s ]
INFO: [ view_filter ] --END-- [ RunTime:0.000504s ]
INFO: [ app_end ] --START--
INFO: Run Behavior\ShowPageTraceBehavior [ RunTime:0.001472s ]
INFO: [ app_end ] --END-- [ RunTime:0.001526s ]

[ 2016-06-20T11:46:59+08:00 ] 127.0.0.1 /admin/index.php/Gallery/image.html?folder=goods
INFO: [ app_init ] --START--
INFO: Run Behavior\BuildLiteBehavior [ RunTime:0.000016s ]
INFO: [ app_init ] --END-- [ RunTime:0.000536s ]
INFO: [ app_begin ] --START--
INFO: Run Behavior\ReadHtmlCacheBehavior [ RunTime:0.000816s ]
INFO: [ app_begin ] --END-- [ RunTime:0.000886s ]
INFO: [ view_parse ] --START--
INFO: [ template_filter ] --START--
INFO: Run Behavior\ContentReplaceBehavior [ RunTime:0.000119s ]
INFO: [ template_filter ] --END-- [ RunTime:0.000166s ]
NOTIC: [8] Undefined variable: lenFolder D:\phpStudy\WWW\admin\Application\Runtime\Cache\Admin\c0301b7609b6150108969eef53f4bba4.php 第 640 行.
NOTIC: [8] Undefined variable: page D:\phpStudy\WWW\admin\Application\Runtime\Cache\Admin\c0301b7609b6150108969eef53f4bba4.php 第 689 行.
INFO: Run Behavior\ParseTemplateBehavior [ RunTime:0.055052s ]
INFO: [ view_parse ] --END-- [ RunTime:0.055102s ]
INFO: [ view_filter ] --START--
INFO: Run Behavior\WriteHtmlCacheBehavior [ RunTime:0.000425s ]
INFO: [ view_filter ] --END-- [ RunTime:0.000453s ]
INFO: [ app_end ] --START--
INFO: Run Behavior\ShowPageTraceBehavior [ RunTime:0.000977s ]
INFO: [ app_end ] --END-- [ RunTime:0.001019s ]

[ 2016-06-20T11:47:05+08:00 ] 127.0.0.1 /admin/index.php/Gallery/index.html
INFO: [ app_init ] --START--
INFO: Run Behavior\BuildLiteBehavior [ RunTime:0.000010s ]
INFO: [ app_init ] --END-- [ RunTime:0.000290s ]
INFO: [ app_begin ] --START--
INFO: Run Behavior\ReadHtmlCacheBehavior [ RunTime:0.000466s ]
INFO: [ app_begin ] --END-- [ RunTime:0.000506s ]
INFO: [ view_parse ] --START--
INFO: [ template_filter ] --START--
INFO: Run Behavior\ContentReplaceBehavior [ RunTime:0.000134s ]
INFO: [ template_filter ] --END-- [ RunTime:0.000171s ]
NOTIC: [8] Undefined variable: lenFiles D:\phpStudy\WWW\admin\Application\Runtime\Cache\Admin\c0301b7609b6150108969eef53f4bba4.php 第 656 行.
NOTIC: [8] Undefined variable: page D:\phpStudy\WWW\admin\Application\Runtime\Cache\Admin\c0301b7609b6150108969eef53f4bba4.php 第 689 行.
INFO: Run Behavior\ParseTemplateBehavior [ RunTime:0.055933s ]
INFO: [ view_parse ] --END-- [ RunTime:0.056015s ]
INFO: [ view_filter ] --START--
INFO: Run Behavior\WriteHtmlCacheBehavior [ RunTime:0.001305s ]
INFO: [ view_filter ] --END-- [ RunTime:0.001382s ]
INFO: [ app_end ] --START--
INFO: Run Behavior\ShowPageTraceBehavior [ RunTime:0.001287s ]
INFO: [ app_end ] --END-- [ RunTime:0.001362s ]

[ 2016-06-20T11:47:09+08:00 ] 127.0.0.1 /admin/index.php/Gallery/index.html
INFO: [ app_init ] --START--
INFO: Run Behavior\BuildLiteBehavior [ RunTime:0.000009s ]
INFO: [ app_init ] --END-- [ RunTime:0.000282s ]
INFO: [ app_begin ] --START--
INFO: Run Behavior\ReadHtmlCacheBehavior [ RunTime:0.000580s ]
INFO: [ app_begin ] --END-- [ RunTime:0.000622s ]
INFO: [ view_parse ] --START--
INFO: [ template_filter ] --START--
INFO: Run Behavior\ContentReplaceBehavior [ RunTime:0.000118s ]
INFO: [ template_filter ] --END-- [ RunTime:0.000156s ]
NOTIC: [8] Undefined variable: lenFiles D:\phpStudy\WWW\admin\Application\Runtime\Cache\Admin\c0301b7609b6150108969eef53f4bba4.php 第 656 行.
NOTIC: [8] Undefined variable: page D:\phpStudy\WWW\admin\Application\Runtime\Cache\Admin\c0301b7609b6150108969eef53f4bba4.php 第 689 行.
INFO: Run Behavior\ParseTemplateBehavior [ RunTime:0.046263s ]
INFO: [ view_parse ] --END-- [ RunTime:0.046299s ]
INFO: [ view_filter ] --START--
INFO: Run Behavior\WriteHtmlCacheBehavior [ RunTime:0.000423s ]
INFO: [ view_filter ] --END-- [ RunTime:0.000448s ]
INFO: [ app_end ] --START--
INFO: Run Behavior\ShowPageTraceBehavior [ RunTime:0.001024s ]
INFO: [ app_end ] --END-- [ RunTime:0.001168s ]

[ 2016-06-20T11:47:11+08:00 ] 127.0.0.1 /admin/index.php/Gallery/index.html
INFO: [ app_init ] --START--
INFO: Run Behavior\BuildLiteBehavior [ RunTime:0.000012s ]
INFO: [ app_init ] --END-- [ RunTime:0.000395s ]
INFO: [ app_begin ] --START--
INFO: Run Behavior\ReadHtmlCacheBehavior [ RunTime:0.000480s ]
INFO: [ app_begin ] --END-- [ RunTime:0.000513s ]
INFO: [ view_parse ] --START--
INFO: [ template_filter ] --START--
INFO: Run Behavior\ContentReplaceBehavior [ RunTime:0.000218s ]
INFO: [ template_filter ] --END-- [ RunTime:0.000285s ]
NOTIC: [8] Undefined variable: lenFiles D:\phpStudy\WWW\admin\Application\Runtime\Cache\Admin\c0301b7609b6150108969eef53f4bba4.php 第 656 行.
NOTIC: [8] Undefined variable: page D:\phpStudy\WWW\admin\Application\Runtime\Cache\Admin\c0301b7609b6150108969eef53f4bba4.php 第 689 行.
INFO: Run Behavior\ParseTemplateBehavior [ RunTime:0.057467s ]
INFO: [ view_parse ] --END-- [ RunTime:0.057510s ]
INFO: [ view_filter ] --START--
INFO: Run Behavior\WriteHtmlCacheBehavior [ RunTime:0.000671s ]
INFO: [ view_filter ] --END-- [ RunTime:0.000709s ]
INFO: [ app_end ] --START--
INFO: Run Behavior\ShowPageTraceBehavior [ RunTime:0.001481s ]
INFO: [ app_end ] --END-- [ RunTime:0.001539s ]

[ 2016-06-20T11:47:18+08:00 ] 127.0.0.1 /admin/index.php/Gallery/image.html?folder=goods
INFO: [ app_init ] --START--
INFO: Run Behavior\BuildLiteBehavior [ RunTime:0.000010s ]
INFO: [ app_init ] --END-- [ RunTime:0.000257s ]
INFO: [ app_begin ] --START--
INFO: Run Behavior\ReadHtmlCacheBehavior [ RunTime:0.000479s ]
INFO: [ app_begin ] --END-- [ RunTime:0.000510s ]
INFO: [ view_parse ] --START--
INFO: [ template_filter ] --START--
INFO: Run Behavior\ContentReplaceBehavior [ RunTime:0.000128s ]
INFO: [ template_filter ] --END-- [ RunTime:0.000165s ]
NOTIC: [8] Undefined variable: lenFolder D:\phpStudy\WWW\admin\Application\Runtime\Cache\Admin\c0301b7609b6150108969eef53f4bba4.php 第 640 行.
NOTIC: [8] Undefined variable: page D:\phpStudy\WWW\admin\Application\Runtime\Cache\Admin\c0301b7609b6150108969eef53f4bba4.php 第 689 行.
INFO: Run Behavior\ParseTemplateBehavior [ RunTime:0.041886s ]
INFO: [ view_parse ] --END-- [ RunTime:0.042031s ]
INFO: [ view_filter ] --START--
INFO: Run Behavior\WriteHtmlCacheBehavior [ RunTime:0.000722s ]
INFO: [ view_filter ] --END-- [ RunTime:0.000779s ]
INFO: [ app_end ] --START--
INFO: Run Behavior\ShowPageTraceBehavior [ RunTime:0.001048s ]
INFO: [ app_end ] --END-- [ RunTime:0.001118s ]

[ 2016-06-20T11:47:32+08:00 ] 127.0.0.1 /admin/index.php/Gallery/index.html
INFO: [ app_init ] --START--
INFO: Run Behavior\BuildLiteBehavior [ RunTime:0.000010s ]
INFO: [ app_init ] --END-- [ RunTime:0.000261s ]
INFO: [ app_begin ] --START--
INFO: Run Behavior\ReadHtmlCacheBehavior [ RunTime:0.000483s ]
INFO: [ app_begin ] --END-- [ RunTime:0.000521s ]
INFO: [ view_parse ] --START--
INFO: [ template_filter ] --START--
INFO: Run Behavior\ContentReplaceBehavior [ RunTime:0.000120s ]
INFO: [ template_filter ] --END-- [ RunTime:0.000155s ]
NOTIC: [8] Undefined variable: lenFiles D:\phpStudy\WWW\admin\Application\Runtime\Cache\Admin\c0301b7609b6150108969eef53f4bba4.php 第 656 行.
NOTIC: [8] Undefined variable: page D:\phpStudy\WWW\admin\Application\Runtime\Cache\Admin\c0301b7609b6150108969eef53f4bba4.php 第 689 行.
INFO: Run Behavior\ParseTemplateBehavior [ RunTime:0.040702s ]
INFO: [ view_parse ] --END-- [ RunTime:0.040736s ]
INFO: [ view_filter ] --START--
INFO: Run Behavior\WriteHtmlCacheBehavior [ RunTime:0.000434s ]
INFO: [ view_filter ] --END-- [ RunTime:0.000460s ]
INFO: [ app_end ] --START--
INFO: Run Behavior\ShowPageTraceBehavior [ RunTime:0.001273s ]
INFO: [ app_end ] --END-- [ RunTime:0.001334s ]

[ 2016-06-20T11:47:34+08:00 ] 127.0.0.1 /admin/index.php/Gallery/image.html?folder=goods
INFO: [ app_init ] --START--
INFO: Run Behavior\BuildLiteBehavior [ RunTime:0.000009s ]
INFO: [ app_init ] --END-- [ RunTime:0.000250s ]
INFO: [ app_begin ] --START--
INFO: Run Behavior\ReadHtmlCacheBehavior [ RunTime:0.000453s ]
INFO: [ app_begin ] --END-- [ RunTime:0.000485s ]
INFO: [ view_parse ] --START--
INFO: [ template_filter ] --START--
INFO: Run Behavior\ContentReplaceBehavior [ RunTime:0.000112s ]
INFO: [ template_filter ] --END-- [ RunTime:0.000145s ]
NOTIC: [8] Undefined variable: lenFolder D:\phpStudy\WWW\admin\Application\Runtime\Cache\Admin\c0301b7609b6150108969eef53f4bba4.php 第 640 行.
NOTIC: [8] Undefined variable: page D:\phpStudy\WWW\admin\Application\Runtime\Cache\Admin\c0301b7609b6150108969eef53f4bba4.php 第 689 行.
INFO: Run Behavior\ParseTemplateBehavior [ RunTime:0.069531s ]
INFO: [ view_parse ] --END-- [ RunTime:0.069567s ]
INFO: [ view_filter ] --START--
INFO: Run Behavior\WriteHtmlCacheBehavior [ RunTime:0.000977s ]
INFO: [ view_filter ] --END-- [ RunTime:0.001021s ]
INFO: [ app_end ] --START--
INFO: Run Behavior\ShowPageTraceBehavior [ RunTime:0.001064s ]
INFO: [ app_end ] --END-- [ RunTime:0.001117s ]

[ 2016-06-20T11:48:01+08:00 ] 127.0.0.1 /admin/index.php/Gallery/image.html?folder=goods
INFO: [ app_init ] --START--
INFO: Run Behavior\BuildLiteBehavior [ RunTime:0.000010s ]
INFO: [ app_init ] --END-- [ RunTime:0.000294s ]
INFO: [ app_begin ] --START--
INFO: Run Behavior\ReadHtmlCacheBehavior [ RunTime:0.000467s ]
INFO: [ app_begin ] --END-- [ RunTime:0.000500s ]
INFO: [ view_parse ] --START--
INFO: [ template_filter ] --START--
INFO: Run Behavior\ContentReplaceBehavior [ RunTime:0.000213s ]
INFO: [ template_filter ] --END-- [ RunTime:0.000269s ]
NOTIC: [8] Undefined variable: lenFolder D:\phpStudy\WWW\admin\Application\Runtime\Cache\Admin\c0301b7609b6150108969eef53f4bba4.php 第 640 行.
NOTIC: [8] Undefined variable: page D:\phpStudy\WWW\admin\Application\Runtime\Cache\Admin\c0301b7609b6150108969eef53f4bba4.php 第 689 行.
INFO: Run Behavior\ParseTemplateBehavior [ RunTime:0.057017s ]
INFO: [ view_parse ] --END-- [ RunTime:0.057090s ]
INFO: [ view_filter ] --START--
INFO: Run Behavior\WriteHtmlCacheBehavior [ RunTime:0.000388s ]
INFO: [ view_filter ] --END-- [ RunTime:0.000413s ]
INFO: [ app_end ] --START--
INFO: Run Behavior\ShowPageTraceBehavior [ RunTime:0.000955s ]
INFO: [ app_end ] --END-- [ RunTime:0.001019s ]

[ 2016-06-20T11:48:11+08:00 ] 127.0.0.1 /admin/index.php/Gallery/image.html?folder=goods
INFO: [ app_init ] --START--
INFO: Run Behavior\BuildLiteBehavior [ RunTime:0.000009s ]
INFO: [ app_init ] --END-- [ RunTime:0.000293s ]
INFO: [ app_begin ] --START--
INFO: Run Behavior\ReadHtmlCacheBehavior [ RunTime:0.000431s ]
INFO: [ app_begin ] --END-- [ RunTime:0.000470s ]
INFO: [ view_parse ] --START--
INFO: [ template_filter ] --START--
INFO: Run Behavior\ContentReplaceBehavior [ RunTime:0.000193s ]
INFO: [ template_filter ] --END-- [ RunTime:0.000261s ]
NOTIC: [8] Undefined variable: lenFolder D:\phpStudy\WWW\admin\Application\Runtime\Cache\Admin\c0301b7609b6150108969eef53f4bba4.php 第 640 行.
NOTIC: [8] Undefined variable: page D:\phpStudy\WWW\admin\Application\Runtime\Cache\Admin\c0301b7609b6150108969eef53f4bba4.php 第 689 行.
INFO: Run Behavior\ParseTemplateBehavior [ RunTime:0.057016s ]
INFO: [ view_parse ] --END-- [ RunTime:0.057051s ]
INFO: [ view_filter ] --START--
INFO: Run Behavior\WriteHtmlCacheBehavior [ RunTime:0.000349s ]
INFO: [ view_filter ] --END-- [ RunTime:0.000373s ]
INFO: [ app_end ] --START--
INFO: Run Behavior\ShowPageTraceBehavior [ RunTime:0.000833s ]
INFO: [ app_end ] --END-- [ RunTime:0.000892s ]

[ 2016-06-20T11:48:31+08:00 ] 127.0.0.1 /admin/index.php/Gallery/image.html?folder=goods
INFO: [ app_init ] --START--
INFO: Run Behavior\BuildLiteBehavior [ RunTime:0.000009s ]
INFO: [ app_init ] --END-- [ RunTime:0.000256s ]
INFO: [ app_begin ] --START--
INFO: Run Behavior\ReadHtmlCacheBehavior [ RunTime:0.000461s ]
INFO: [ app_begin ] --END-- [ RunTime:0.000505s ]
INFO: [ view_parse ] --START--
INFO: [ template_filter ] --START--
INFO: Run Behavior\ContentReplaceBehavior [ RunTime:0.000118s ]
INFO: [ template_filter ] --END-- [ RunTime:0.000153s ]
NOTIC: [8] Undefined variable: lenFolder D:\phpStudy\WWW\admin\Application\Runtime\Cache\Admin\c0301b7609b6150108969eef53f4bba4.php 第 640 行.
NOTIC: [8] Undefined variable: page D:\phpStudy\WWW\admin\Application\Runtime\Cache\Admin\c0301b7609b6150108969eef53f4bba4.php 第 689 行.
INFO: Run Behavior\ParseTemplateBehavior [ RunTime:0.040569s ]
INFO: [ view_parse ] --END-- [ RunTime:0.040603s ]
INFO: [ view_filter ] --START--
INFO: Run Behavior\WriteHtmlCacheBehavior [ RunTime:0.000356s ]
INFO: [ view_filter ] --END-- [ RunTime:0.000381s ]
INFO: [ app_end ] --START--
INFO: Run Behavior\ShowPageTraceBehavior [ RunTime:0.002369s ]
INFO: [ app_end ] --END-- [ RunTime:0.002427s ]

[ 2016-06-20T11:48:35+08:00 ] 127.0.0.1 /admin/index.php/Gallery/delFile.html?folder=goods&file=855647188046637010.jpg
INFO: [ app_init ] --START--
INFO: Run Behavior\BuildLiteBehavior [ RunTime:0.000010s ]
INFO: [ app_init ] --END-- [ RunTime:0.000296s ]
INFO: [ app_begin ] --START--
INFO: Run Behavior\ReadHtmlCacheBehavior [ RunTime:0.000566s ]
INFO: [ app_begin ] --END-- [ RunTime:0.000603s ]
INFO: [ view_parse ] --START--
INFO: [ template_filter ] --START--
INFO: Run Behavior\ContentReplaceBehavior [ RunTime:0.000043s ]
INFO: [ template_filter ] --END-- [ RunTime:0.000112s ]
INFO: Run Behavior\ParseTemplateBehavior [ RunTime:0.011176s ]
INFO: [ view_parse ] --END-- [ RunTime:0.011245s ]
INFO: [ view_filter ] --START--
INFO: Run Behavior\WriteHtmlCacheBehavior [ RunTime:0.000586s ]
INFO: [ view_filter ] --END-- [ RunTime:0.000639s ]
INFO: [ app_end ] --START--
INFO: Run Behavior\ShowPageTraceBehavior [ RunTime:0.000638s ]
INFO: [ app_end ] --END-- [ RunTime:0.000694s ]

[ 2016-06-20T11:48:36+08:00 ] 127.0.0.1 /admin/index.php/Gallery/image.html?folder=goods
INFO: [ app_init ] --START--
INFO: Run Behavior\BuildLiteBehavior [ RunTime:0.000009s ]
INFO: [ app_init ] --END-- [ RunTime:0.000255s ]
INFO: [ app_begin ] --START--
INFO: Run Behavior\ReadHtmlCacheBehavior [ RunTime:0.000458s ]
INFO: [ app_begin ] --END-- [ RunTime:0.000509s ]
INFO: [ view_parse ] --START--
INFO: [ template_filter ] --START--
INFO: Run Behavior\ContentReplaceBehavior [ RunTime:0.000114s ]
INFO: [ template_filter ] --END-- [ RunTime:0.000149s ]
NOTIC: [8] Undefined variable: lenFolder D:\phpStudy\WWW\admin\Application\Runtime\Cache\Admin\c0301b7609b6150108969eef53f4bba4.php 第 640 行.
NOTIC: [8] Undefined variable: page D:\phpStudy\WWW\admin\Application\Runtime\Cache\Admin\c0301b7609b6150108969eef53f4bba4.php 第 689 行.
INFO: Run Behavior\ParseTemplateBehavior [ RunTime:0.044266s ]
INFO: [ view_parse ] --END-- [ RunTime:0.044306s ]
INFO: [ view_filter ] --START--
INFO: Run Behavior\WriteHtmlCacheBehavior [ RunTime:0.000202s ]
INFO: [ view_filter ] --END-- [ RunTime:0.000225s ]
INFO: [ app_end ] --START--
INFO: Run Behavior\ShowPageTraceBehavior [ RunTime:0.000341s ]
INFO: [ app_end ] --END-- [ RunTime:0.000371s ]

[ 2016-06-20T11:48:42+08:00 ] 127.0.0.1 /admin/index.php/Gallery/image.html?folder=goods
INFO: [ app_init ] --START--
INFO: Run Behavior\BuildLiteBehavior [ RunTime:0.000019s ]
INFO: [ app_init ] --END-- [ RunTime:0.000260s ]
INFO: [ app_begin ] --START--
INFO: Run Behavior\ReadHtmlCacheBehavior [ RunTime:0.000278s ]
INFO: [ app_begin ] --END-- [ RunTime:0.000315s ]
INFO: [ view_parse ] --START--
INFO: [ template_filter ] --START--
INFO: Run Behavior\ContentReplaceBehavior [ RunTime:0.000213s ]
INFO: [ template_filter ] --END-- [ RunTime:0.000281s ]
NOTIC: [8] Undefined variable: lenFolder D:\phpStudy\WWW\admin\Application\Runtime\Cache\Admin\c0301b7609b6150108969eef53f4bba4.php 第 640 行.
NOTIC: [8] Undefined variable: page D:\phpStudy\WWW\admin\Application\Runtime\Cache\Admin\c0301b7609b6150108969eef53f4bba4.php 第 689 行.
INFO: Run Behavior\ParseTemplateBehavior [ RunTime:0.088814s ]
INFO: [ view_parse ] --END-- [ RunTime:0.088857s ]
INFO: [ view_filter ] --START--
INFO: Run Behavior\WriteHtmlCacheBehavior [ RunTime:0.000271s ]
INFO: [ view_filter ] --END-- [ RunTime:0.000309s ]
INFO: [ app_end ] --START--
INFO: Run Behavior\ShowPageTraceBehavior [ RunTime:0.000872s ]
INFO: [ app_end ] --END-- [ RunTime:0.000972s ]

[ 2016-06-20T11:48:42+08:00 ] 127.0.0.1 /admin/Public/upload/image/goods/%EF%BF%BD%CB%B5%EF%BF%BD.jpg
INFO: [ app_init ] --START--
INFO: Run Behavior\BuildLiteBehavior [ RunTime:0.000016s ]
INFO: [ app_init ] --END-- [ RunTime:0.000493s ]

[ 2016-06-20T11:49:22+08:00 ] 127.0.0.1 /admin/index.php/Gallery/image.html?folder=goods
INFO: [ app_init ] --START--
INFO: Run Behavior\BuildLiteBehavior [ RunTime:0.000010s ]
INFO: [ app_init ] --END-- [ RunTime:0.000284s ]
INFO: [ app_begin ] --START--
INFO: Run Behavior\ReadHtmlCacheBehavior [ RunTime:0.000529s ]
INFO: [ app_begin ] --END-- [ RunTime:0.000565s ]
INFO: [ view_parse ] --START--
INFO: [ template_filter ] --START--
INFO: Run Behavior\ContentReplaceBehavior [ RunTime:0.000112s ]
INFO: [ template_filter ] --END-- [ RunTime:0.000148s ]
NOTIC: [8] Undefined variable: lenFolder D:\phpStudy\WWW\admin\Application\Runtime\Cache\Admin\c0301b7609b6150108969eef53f4bba4.php 第 640 行.
NOTIC: [8] Undefined variable: page D:\phpStudy\WWW\admin\Application\Runtime\Cache\Admin\c0301b7609b6150108969eef53f4bba4.php 第 689 行.
INFO: Run Behavior\ParseTemplateBehavior [ RunTime:0.040909s ]
INFO: [ view_parse ] --END-- [ RunTime:0.040970s ]
INFO: [ view_filter ] --START--
INFO: Run Behavior\WriteHtmlCacheBehavior [ RunTime:0.000527s ]
INFO: [ view_filter ] --END-- [ RunTime:0.000560s ]
INFO: [ app_end ] --START--
INFO: Run Behavior\ShowPageTraceBehavior [ RunTime:0.000932s ]
INFO: [ app_end ] --END-- [ RunTime:0.000998s ]

[ 2016-06-20T11:49:22+08:00 ] 127.0.0.1 /admin/Public/upload/image/goods/%EF%BF%BD%CB%B5%EF%BF%BD.jpg
INFO: [ app_init ] --START--
INFO: Run Behavior\BuildLiteBehavior [ RunTime:0.000014s ]
INFO: [ app_init ] --END-- [ RunTime:0.000337s ]

[ 2016-06-20T11:49:22+08:00 ] 127.0.0.1 /admin/Public/upload/image/goods/%EF%BF%BD%CB%B5%EF%BF%BD.jpg
INFO: [ app_init ] --START--
INFO: Run Behavior\BuildLiteBehavior [ RunTime:0.000010s ]
INFO: [ app_init ] --END-- [ RunTime:0.000317s ]

[ 2016-06-20T11:49:51+08:00 ] 127.0.0.1 /admin/index.php/Gallery/image.html?folder=goods
INFO: [ app_init ] --START--
INFO: Run Behavior\BuildLiteBehavior [ RunTime:0.000009s ]
INFO: [ app_init ] --END-- [ RunTime:0.000215s ]
INFO: [ app_begin ] --START--
INFO: Run Behavior\ReadHtmlCacheBehavior [ RunTime:0.000361s ]
INFO: [ app_begin ] --END-- [ RunTime:0.000393s ]
INFO: [ view_parse ] --START--
INFO: [ template_filter ] --START--
INFO: Run Behavior\ContentReplaceBehavior [ RunTime:0.000187s ]
INFO: [ template_filter ] --END-- [ RunTime:0.000300s ]
NOTIC: [8] Undefined variable: lenFolder D:\phpStudy\WWW\admin\Application\Runtime\Cache\Admin\c0301b7609b6150108969eef53f4bba4.php 第 640 行.
NOTIC: [8] Undefined variable: page D:\phpStudy\WWW\admin\Application\Runtime\Cache\Admin\c0301b7609b6150108969eef53f4bba4.php 第 689 行.
INFO: Run Behavior\ParseTemplateBehavior [ RunTime:0.039779s ]
INFO: [ view_parse ] --END-- [ RunTime:0.039814s ]
INFO: [ view_filter ] --START--
INFO: Run Behavior\WriteHtmlCacheBehavior [ RunTime:0.000321s ]
INFO: [ view_filter ] --END-- [ RunTime:0.000352s ]
INFO: [ app_end ] --START--
INFO: Run Behavior\ShowPageTraceBehavior [ RunTime:0.001432s ]
INFO: [ app_end ] --END-- [ RunTime:0.001516s ]

[ 2016-06-20T11:49:51+08:00 ] 127.0.0.1 /admin/Public/upload/image/goods/%EF%BF%BD%CB%B5%EF%BF%BD.jpg
INFO: [ app_init ] --START--
INFO: Run Behavior\BuildLiteBehavior [ RunTime:0.000036s ]
INFO: [ app_init ] --END-- [ RunTime:0.000998s ]

[ 2016-06-20T11:49:51+08:00 ] 127.0.0.1 /admin/Public/upload/image/goods/%EF%BF%BD%CB%B5%EF%BF%BD.jpg
INFO: [ app_init ] --START--
INFO: Run Behavior\BuildLiteBehavior [ RunTime:0.000014s ]
INFO: [ app_init ] --END-- [ RunTime:0.000445s ]

[ 2016-06-20T11:50:01+08:00 ] 127.0.0.1 /admin/Bootstrap/css/bootstrap.css.map
INFO: [ app_init ] --START--
INFO: Run Behavior\BuildLiteBehavior [ RunTime:0.000014s ]
INFO: [ app_init ] --END-- [ RunTime:0.000363s ]
INFO: [ app_begin ] --START--
INFO: Run Behavior\ReadHtmlCacheBehavior [ RunTime:0.000411s ]
INFO: [ app_begin ] --END-- [ RunTime:0.000474s ]
ERR: 无法加载控制器:Bootstrap

[ 2016-06-20T11:51:34+08:00 ] 127.0.0.1 /admin/index.php/Gallery/image.html?folder=goods
INFO: [ app_init ] --START--
INFO: Run Behavior\BuildLiteBehavior [ RunTime:0.000010s ]
INFO: [ app_init ] --END-- [ RunTime:0.000259s ]
INFO: [ app_begin ] --START--
INFO: Run Behavior\ReadHtmlCacheBehavior [ RunTime:0.000263s ]
INFO: [ app_begin ] --END-- [ RunTime:0.000294s ]
INFO: [ view_parse ] --START--
INFO: [ template_filter ] --START--
INFO: Run Behavior\ContentReplaceBehavior [ RunTime:0.000148s ]
INFO: [ template_filter ] --END-- [ RunTime:0.000194s ]
NOTIC: [8] Undefined variable: lenFolder D:\phpStudy\WWW\admin\Application\Runtime\Cache\Admin\c0301b7609b6150108969eef53f4bba4.php 第 640 行.
NOTIC: [8] Undefined variable: page D:\phpStudy\WWW\admin\Application\Runtime\Cache\Admin\c0301b7609b6150108969eef53f4bba4.php 第 689 行.
INFO: Run Behavior\ParseTemplateBehavior [ RunTime:0.051461s ]
INFO: [ view_parse ] --END-- [ RunTime:0.051496s ]
INFO: [ view_filter ] --START--
INFO: Run Behavior\WriteHtmlCacheBehavior [ RunTime:0.000190s ]
INFO: [ view_filter ] --END-- [ RunTime:0.000213s ]
INFO: [ app_end ] --START--
INFO: Run Behavior\ShowPageTraceBehavior [ RunTime:0.000523s ]
INFO: [ app_end ] --END-- [ RunTime:0.000575s ]

[ 2016-06-20T11:51:34+08:00 ] 127.0.0.1 /admin/Public/upload/image/goods/%EF%BF%BD%CB%B5%EF%BF%BD.jpg
INFO: [ app_init ] --START--
INFO: Run Behavior\BuildLiteBehavior [ RunTime:0.000013s ]
INFO: [ app_init ] --END-- [ RunTime:0.000422s ]

[ 2016-06-20T11:51:34+08:00 ] 127.0.0.1 /admin/Bootstrap/css/bootstrap.css.map
INFO: [ app_init ] --START--
INFO: Run Behavior\BuildLiteBehavior [ RunTime:0.000014s ]
INFO: [ app_init ] --END-- [ RunTime:0.000421s ]
INFO: [ app_begin ] --START--
INFO: Run Behavior\ReadHtmlCacheBehavior [ RunTime:0.000857s ]
INFO: [ app_begin ] --END-- [ RunTime:0.000920s ]
ERR: 无法加载控制器:Bootstrap

[ 2016-06-20T11:51:34+08:00 ] 127.0.0.1 /admin/Public/upload/image/goods/%EF%BF%BD%CB%B5%EF%BF%BD.jpg
INFO: [ app_init ] --START--
INFO: Run Behavior\BuildLiteBehavior [ RunTime:0.000029s ]
INFO: [ app_init ] --END-- [ RunTime:0.000741s ]

[ 2016-06-20T11:51:50+08:00 ] 127.0.0.1 /admin/index.php/Gallery/image.html?folder=goods
INFO: [ app_init ] --START--
INFO: Run Behavior\BuildLiteBehavior [ RunTime:0.000010s ]
INFO: [ app_init ] --END-- [ RunTime:0.000255s ]
INFO: [ app_begin ] --START--
INFO: Run Behavior\ReadHtmlCacheBehavior [ RunTime:0.000503s ]
INFO: [ app_begin ] --END-- [ RunTime:0.000536s ]
INFO: [ view_parse ] --START--
INFO: [ template_filter ] --START--
INFO: Run Behavior\ContentReplaceBehavior [ RunTime:0.000115s ]
INFO: [ template_filter ] --END-- [ RunTime:0.000149s ]
NOTIC: [8] Undefined variable: lenFolder D:\phpStudy\WWW\admin\Application\Runtime\Cache\Admin\c0301b7609b6150108969eef53f4bba4.php 第 640 行.
NOTIC: [8] Undefined variable: page D:\phpStudy\WWW\admin\Application\Runtime\Cache\Admin\c0301b7609b6150108969eef53f4bba4.php 第 689 行.
INFO: Run Behavior\ParseTemplateBehavior [ RunTime:0.043868s ]
INFO: [ view_parse ] --END-- [ RunTime:0.043902s ]
INFO: [ view_filter ] --START--
INFO: Run Behavior\WriteHtmlCacheBehavior [ RunTime:0.000447s ]
INFO: [ view_filter ] --END-- [ RunTime:0.000472s ]
INFO: [ app_end ] --START--
INFO: Run Behavior\ShowPageTraceBehavior [ RunTime:0.000970s ]
INFO: [ app_end ] --END-- [ RunTime:0.001032s ]

[ 2016-06-20T11:51:50+08:00 ] 127.0.0.1 /admin/Public/upload/image/goods/%EF%BF%BD%CB%B5%EF%BF%BD.jpg
INFO: [ app_init ] --START--
INFO: Run Behavior\BuildLiteBehavior [ RunTime:0.000013s ]
INFO: [ app_init ] --END-- [ RunTime:0.000321s ]

[ 2016-06-20T11:51:50+08:00 ] 127.0.0.1 /admin/Bootstrap/css/bootstrap.css.map
INFO: [ app_init ] --START--
INFO: Run Behavior\BuildLiteBehavior [ RunTime:0.000014s ]
INFO: [ app_init ] --END-- [ RunTime:0.000301s ]
INFO: [ app_begin ] --START--
INFO: Run Behavior\ReadHtmlCacheBehavior [ RunTime:0.000408s ]
INFO: [ app_begin ] --END-- [ RunTime:0.000463s ]
ERR: 无法加载控制器:Bootstrap

[ 2016-06-20T11:51:50+08:00 ] 127.0.0.1 /admin/Public/upload/image/goods/%EF%BF%BD%CB%B5%EF%BF%BD.jpg
INFO: [ app_init ] --START--
INFO: Run Behavior\BuildLiteBehavior [ RunTime:0.000014s ]
INFO: [ app_init ] --END-- [ RunTime:0.000373s ]

[ 2016-06-20T11:56:41+08:00 ] 127.0.0.1 /admin/index.php/Gallery/image.html?folder=goods
INFO: [ app_init ] --START--
INFO: Run Behavior\BuildLiteBehavior [ RunTime:0.000058s ]
INFO: [ app_init ] --END-- [ RunTime:0.001081s ]
INFO: [ app_begin ] --START--
INFO: Run Behavior\ReadHtmlCacheBehavior [ RunTime:0.000972s ]
INFO: [ app_begin ] --END-- [ RunTime:0.001056s ]
NOTIC: [2] iconv() expects parameter 3 to be string, array given D:\phpStudy\WWW\admin\Application\Admin\Controller\GalleryController.class.php 第 22 行.
INFO: [ view_parse ] --START--
INFO: [ template_filter ] --START--
INFO: Run Behavior\ContentReplaceBehavior [ RunTime:0.000119s ]
INFO: [ template_filter ] --END-- [ RunTime:0.000156s ]
NOTIC: [8] Undefined variable: lenFolder D:\phpStudy\WWW\admin\Application\Runtime\Cache\Admin\c0301b7609b6150108969eef53f4bba4.php 第 640 行.
NOTIC: [8] Undefined variable: page D:\phpStudy\WWW\admin\Application\Runtime\Cache\Admin\c0301b7609b6150108969eef53f4bba4.php 第 689 行.
INFO: Run Behavior\ParseTemplateBehavior [ RunTime:0.045597s ]
INFO: [ view_parse ] --END-- [ RunTime:0.045639s ]
INFO: [ view_filter ] --START--
INFO: Run Behavior\WriteHtmlCacheBehavior [ RunTime:0.000442s ]
INFO: [ view_filter ] --END-- [ RunTime:0.000468s ]
INFO: [ app_end ] --START--
INFO: Run Behavior\ShowPageTraceBehavior [ RunTime:0.000973s ]
INFO: [ app_end ] --END-- [ RunTime:0.001035s ]

[ 2016-06-20T11:56:41+08:00 ] 127.0.0.1 /admin/Bootstrap/css/bootstrap.css.map
INFO: [ app_init ] --START--
INFO: Run Behavior\BuildLiteBehavior [ RunTime:0.000019s ]
INFO: [ app_init ] --END-- [ RunTime:0.000651s ]
INFO: [ app_begin ] --START--
INFO: Run Behavior\ReadHtmlCacheBehavior [ RunTime:0.001369s ]
INFO: [ app_begin ] --END-- [ RunTime:0.001480s ]
ERR: 无法加载控制器:Bootstrap

[ 2016-06-20T11:57:19+08:00 ] 127.0.0.1 /admin/index.php/Gallery/image.html?folder=goods
INFO: [ app_init ] --START--
INFO: Run Behavior\BuildLiteBehavior [ RunTime:0.000010s ]
INFO: [ app_init ] --END-- [ RunTime:0.000264s ]
INFO: [ app_begin ] --START--
INFO: Run Behavior\ReadHtmlCacheBehavior [ RunTime:0.000485s ]
INFO: [ app_begin ] --END-- [ RunTime:0.000540s ]
NOTIC: [2] iconv() expects parameter 3 to be string, array given D:\phpStudy\WWW\admin\Application\Admin\Controller\GalleryController.class.php 第 22 行.
INFO: [ view_parse ] --START--
INFO: [ template_filter ] --START--
INFO: Run Behavior\ContentReplaceBehavior [ RunTime:0.000160s ]
INFO: [ template_filter ] --END-- [ RunTime:0.000207s ]
NOTIC: [8] Undefined variable: lenFolder D:\phpStudy\WWW\admin\Application\Runtime\Cache\Admin\c0301b7609b6150108969eef53f4bba4.php 第 640 行.
NOTIC: [8] Undefined variable: page D:\phpStudy\WWW\admin\Application\Runtime\Cache\Admin\c0301b7609b6150108969eef53f4bba4.php 第 689 行.
INFO: Run Behavior\ParseTemplateBehavior [ RunTime:0.043025s ]
INFO: [ view_parse ] --END-- [ RunTime:0.043057s ]
INFO: [ view_filter ] --START--
INFO: Run Behavior\WriteHtmlCacheBehavior [ RunTime:0.000396s ]
INFO: [ view_filter ] --END-- [ RunTime:0.000423s ]
INFO: [ app_end ] --START--
INFO: Run Behavior\ShowPageTraceBehavior [ RunTime:0.001645s ]
INFO: [ app_end ] --END-- [ RunTime:0.001709s ]

[ 2016-06-20T11:57:22+08:00 ] 127.0.0.1 /admin/Bootstrap/css/bootstrap.css.map
INFO: [ app_init ] --START--
INFO: Run Behavior\BuildLiteBehavior [ RunTime:0.000014s ]
INFO: [ app_init ] --END-- [ RunTime:0.000413s ]
INFO: [ app_begin ] --START--
INFO: Run Behavior\ReadHtmlCacheBehavior [ RunTime:0.000722s ]
INFO: [ app_begin ] --END-- [ RunTime:0.000783s ]
ERR: 无法加载控制器:Bootstrap

[ 2016-06-20T11:57:28+08:00 ] 127.0.0.1 /admin/index.php/Gallery/image.html?folder=goods
INFO: [ app_init ] --START--
INFO: Run Behavior\BuildLiteBehavior [ RunTime:0.000009s ]
INFO: [ app_init ] --END-- [ RunTime:0.000262s ]
INFO: [ app_begin ] --START--
INFO: Run Behavior\ReadHtmlCacheBehavior [ RunTime:0.000424s ]
INFO: [ app_begin ] --END-- [ RunTime:0.000458s ]
INFO: [ view_parse ] --START--
INFO: [ template_filter ] --START--
INFO: Run Behavior\ContentReplaceBehavior [ RunTime:0.000121s ]
INFO: [ template_filter ] --END-- [ RunTime:0.000157s ]
NOTIC: [8] Undefined variable: lenFolder D:\phpStudy\WWW\admin\Application\Runtime\Cache\Admin\c0301b7609b6150108969eef53f4bba4.php 第 640 行.
NOTIC: [8] Undefined variable: page D:\phpStudy\WWW\admin\Application\Runtime\Cache\Admin\c0301b7609b6150108969eef53f4bba4.php 第 689 行.
INFO: Run Behavior\ParseTemplateBehavior [ RunTime:0.063254s ]
INFO: [ view_parse ] --END-- [ RunTime:0.063288s ]
INFO: [ view_filter ] --START--
INFO: Run Behavior\WriteHtmlCacheBehavior [ RunTime:0.000380s ]
INFO: [ view_filter ] --END-- [ RunTime:0.000405s ]
INFO: [ app_end ] --START--
INFO: Run Behavior\ShowPageTraceBehavior [ RunTime:0.000800s ]
INFO: [ app_end ] --END-- [ RunTime:0.000858s ]

[ 2016-06-20T11:57:28+08:00 ] 127.0.0.1 /admin/Public/upload/image/goods/%EF%BF%BD%CB%B5%EF%BF%BD.jpg
INFO: [ app_init ] --START--
INFO: Run Behavior\BuildLiteBehavior [ RunTime:0.000017s ]
INFO: [ app_init ] --END-- [ RunTime:0.000497s ]

[ 2016-06-20T11:57:28+08:00 ] 127.0.0.1 /admin/Bootstrap/css/bootstrap.css.map
INFO: [ app_init ] --START--
INFO: Run Behavior\BuildLiteBehavior [ RunTime:0.000014s ]
INFO: [ app_init ] --END-- [ RunTime:0.000461s ]
INFO: [ app_begin ] --START--
INFO: Run Behavior\ReadHtmlCacheBehavior [ RunTime:0.000883s ]
INFO: [ app_begin ] --END-- [ RunTime:0.000950s ]
ERR: 无法加载控制器:Bootstrap

[ 2016-06-20T11:57:28+08:00 ] 127.0.0.1 /admin/Public/upload/image/goods/%EF%BF%BD%CB%B5%EF%BF%BD.jpg
INFO: [ app_init ] --START--
INFO: Run Behavior\BuildLiteBehavior [ RunTime:0.000017s ]
INFO: [ app_init ] --END-- [ RunTime:0.000594s ]

[ 2016-06-20T11:57:55+08:00 ] 127.0.0.1 /admin/Public/upload/image/goods/%EF%BF%BD%CB%B5%EF%BF%BD.jpg
INFO: [ app_init ] --START--
INFO: Run Behavior\BuildLiteBehavior [ RunTime:0.000017s ]
INFO: [ app_init ] --END-- [ RunTime:0.000475s ]

[ 2016-06-20T11:58:03+08:00 ] 127.0.0.1 /admin/index.php/Gallery/image.html?folder=goods
INFO: [ app_init ] --START--
INFO: Run Behavior\BuildLiteBehavior [ RunTime:0.000014s ]
INFO: [ app_init ] --END-- [ RunTime:0.000504s ]
INFO: [ app_begin ] --START--
INFO: Run Behavior\ReadHtmlCacheBehavior [ RunTime:0.000610s ]
INFO: [ app_begin ] --END-- [ RunTime:0.000648s ]
INFO: [ view_parse ] --START--
INFO: [ template_filter ] --START--
INFO: Run Behavior\ContentReplaceBehavior [ RunTime:0.000132s ]
INFO: [ template_filter ] --END-- [ RunTime:0.000182s ]
NOTIC: [8] Undefined variable: lenFolder D:\phpStudy\WWW\admin\Application\Runtime\Cache\Admin\c0301b7609b6150108969eef53f4bba4.php 第 640 行.
NOTIC: [8] Undefined variable: page D:\phpStudy\WWW\admin\Application\Runtime\Cache\Admin\c0301b7609b6150108969eef53f4bba4.php 第 689 行.
INFO: Run Behavior\ParseTemplateBehavior [ RunTime:0.081570s ]
INFO: [ view_parse ] --END-- [ RunTime:0.081625s ]
INFO: [ view_filter ] --START--
INFO: Run Behavior\WriteHtmlCacheBehavior [ RunTime:0.001096s ]
INFO: [ view_filter ] --END-- [ RunTime:0.001140s ]
INFO: [ app_end ] --START--
INFO: Run Behavior\ShowPageTraceBehavior [ RunTime:0.001674s ]
INFO: [ app_end ] --END-- [ RunTime:0.001747s ]

[ 2016-06-20T11:58:03+08:00 ] 127.0.0.1 /admin/Bootstrap/css/bootstrap.css.map
INFO: [ app_init ] --START--
INFO: Run Behavior\BuildLiteBehavior [ RunTime:0.000019s ]
INFO: [ app_init ] --END-- [ RunTime:0.000505s ]
INFO: [ app_begin ] --START--
INFO: Run Behavior\ReadHtmlCacheBehavior [ RunTime:0.000720s ]
INFO: [ app_begin ] --END-- [ RunTime:0.000796s ]
ERR: 无法加载控制器:Bootstrap

[ 2016-06-20T11:58:11+08:00 ] 127.0.0.1 /admin/index.php/Gallery/image.html?folder=goods
INFO: [ app_init ] --START--
INFO: Run Behavior\BuildLiteBehavior [ RunTime:0.000016s ]
INFO: [ app_init ] --END-- [ RunTime:0.000426s ]
INFO: [ app_begin ] --START--
INFO: Run Behavior\ReadHtmlCacheBehavior [ RunTime:0.000801s ]
INFO: [ app_begin ] --END-- [ RunTime:0.000869s ]
INFO: [ view_parse ] --START--
INFO: [ template_filter ] --START--
INFO: Run Behavior\ContentReplaceBehavior [ RunTime:0.000119s ]
INFO: [ template_filter ] --END-- [ RunTime:0.000154s ]
NOTIC: [8] Undefined variable: lenFolder D:\phpStudy\WWW\admin\Application\Runtime\Cache\Admin\c0301b7609b6150108969eef53f4bba4.php 第 640 行.
NOTIC: [8] Undefined variable: page D:\phpStudy\WWW\admin\Application\Runtime\Cache\Admin\c0301b7609b6150108969eef53f4bba4.php 第 689 行.
INFO: Run Behavior\ParseTemplateBehavior [ RunTime:0.046602s ]
INFO: [ view_parse ] --END-- [ RunTime:0.046654s ]
INFO: [ view_filter ] --START--
INFO: Run Behavior\WriteHtmlCacheBehavior [ RunTime:0.000479s ]
INFO: [ view_filter ] --END-- [ RunTime:0.000504s ]
INFO: [ app_end ] --START--
INFO: Run Behavior\ShowPageTraceBehavior [ RunTime:0.000952s ]
INFO: [ app_end ] --END-- [ RunTime:0.001016s ]

[ 2016-06-20T11:58:11+08:00 ] 127.0.0.1 /admin/Public/upload/image/goods/%EF%BF%BD%CB%B5%EF%BF%BD.jpg
INFO: [ app_init ] --START--
INFO: Run Behavior\BuildLiteBehavior [ RunTime:0.000014s ]
INFO: [ app_init ] --END-- [ RunTime:0.000408s ]

[ 2016-06-20T11:58:11+08:00 ] 127.0.0.1 /admin/Bootstrap/css/bootstrap.css.map
INFO: [ app_init ] --START--
INFO: Run Behavior\BuildLiteBehavior [ RunTime:0.000016s ]
INFO: [ app_init ] --END-- [ RunTime:0.000497s ]
INFO: [ app_begin ] --START--
INFO: Run Behavior\ReadHtmlCacheBehavior [ RunTime:0.000951s ]
INFO: [ app_begin ] --END-- [ RunTime:0.001035s ]
ERR: 无法加载控制器:Bootstrap

[ 2016-06-20T11:58:11+08:00 ] 127.0.0.1 /admin/Public/upload/image/goods/%EF%BF%BD%CB%B5%EF%BF%BD.jpg
INFO: [ app_init ] --START--
INFO: Run Behavior\BuildLiteBehavior [ RunTime:0.000016s ]
INFO: [ app_init ] --END-- [ RunTime:0.000435s ]

[ 2016-06-20T11:59:23+08:00 ] 127.0.0.1 /admin/index.php/Gallery/image.html?folder=goods
INFO: [ app_init ] --START--
INFO: Run Behavior\BuildLiteBehavior [ RunTime:0.000009s ]
INFO: [ app_init ] --END-- [ RunTime:0.000254s ]
INFO: [ app_begin ] --START--
INFO: Run Behavior\ReadHtmlCacheBehavior [ RunTime:0.000413s ]
INFO: [ app_begin ] --END-- [ RunTime:0.000448s ]
INFO: [ view_parse ] --START--
INFO: [ template_filter ] --START--
INFO: Run Behavior\ContentReplaceBehavior [ RunTime:0.000121s ]
INFO: [ template_filter ] --END-- [ RunTime:0.000157s ]
NOTIC: [8] Undefined variable: lenFolder D:\phpStudy\WWW\admin\Application\Runtime\Cache\Admin\c0301b7609b6150108969eef53f4bba4.php 第 640 行.
NOTIC: [8] Undefined variable: page D:\phpStudy\WWW\admin\Application\Runtime\Cache\Admin\c0301b7609b6150108969eef53f4bba4.php 第 689 行.
INFO: Run Behavior\ParseTemplateBehavior [ RunTime:0.040383s ]
INFO: [ view_parse ] --END-- [ RunTime:0.040423s ]
INFO: [ view_filter ] --START--
INFO: Run Behavior\WriteHtmlCacheBehavior [ RunTime:0.000433s ]
INFO: [ view_filter ] --END-- [ RunTime:0.000464s ]
INFO: [ app_end ] --START--
INFO: Run Behavior\ShowPageTraceBehavior [ RunTime:0.000758s ]
INFO: [ app_end ] --END-- [ RunTime:0.000811s ]

[ 2016-06-20T11:59:24+08:00 ] 127.0.0.1 /admin/Public/upload/image/goods/%EF%BF%BD%CB%B5%EF%BF%BD.jpg
INFO: [ app_init ] --START--
INFO: Run Behavior\BuildLiteBehavior [ RunTime:0.000014s ]
INFO: [ app_init ] --END-- [ RunTime:0.000463s ]

[ 2016-06-20T11:59:24+08:00 ] 127.0.0.1 /admin/Public/upload/image/goods/%EF%BF%BD%CB%B5%EF%BF%BD.jpg
INFO: [ app_init ] --START--
INFO: Run Behavior\BuildLiteBehavior [ RunTime:0.000010s ]
INFO: [ app_init ] --END-- [ RunTime:0.000291s ]

[ 2016-06-20T11:59:28+08:00 ] 127.0.0.1 /admin/Bootstrap/css/bootstrap.css.map
INFO: [ app_init ] --START--
INFO: Run Behavior\BuildLiteBehavior [ RunTime:0.000014s ]
INFO: [ app_init ] --END-- [ RunTime:0.000423s ]
INFO: [ app_begin ] --START--
INFO: Run Behavior\ReadHtmlCacheBehavior [ RunTime:0.000605s ]
INFO: [ app_begin ] --END-- [ RunTime:0.000658s ]
ERR: 无法加载控制器:Bootstrap

[ 2016-06-20T11:59:31+08:00 ] 127.0.0.1 /admin/index.php/Gallery/image.html?folder=goods
INFO: [ app_init ] --START--
INFO: Run Behavior\BuildLiteBehavior [ RunTime:0.000010s ]
INFO: [ app_init ] --END-- [ RunTime:0.000285s ]
INFO: [ app_begin ] --START--
INFO: Run Behavior\ReadHtmlCacheBehavior [ RunTime:0.000564s ]
INFO: [ app_begin ] --END-- [ RunTime:0.000606s ]
INFO: [ view_parse ] --START--
INFO: [ template_filter ] --START--
INFO: Run Behavior\ContentReplaceBehavior [ RunTime:0.000131s ]
INFO: [ template_filter ] --END-- [ RunTime:0.000177s ]
NOTIC: [8] Undefined variable: lenFolder D:\phpStudy\WWW\admin\Application\Runtime\Cache\Admin\c0301b7609b6150108969eef53f4bba4.php 第 640 行.
NOTIC: [8] Undefined variable: page D:\phpStudy\WWW\admin\Application\Runtime\Cache\Admin\c0301b7609b6150108969eef53f4bba4.php 第 689 行.
INFO: Run Behavior\ParseTemplateBehavior [ RunTime:0.074898s ]
INFO: [ view_parse ] --END-- [ RunTime:0.074939s ]
INFO: [ view_filter ] --START--
INFO: Run Behavior\WriteHtmlCacheBehavior [ RunTime:0.000447s ]
INFO: [ view_filter ] --END-- [ RunTime:0.000474s ]
INFO: [ app_end ] --START--
INFO: Run Behavior\ShowPageTraceBehavior [ RunTime:0.000817s ]
INFO: [ app_end ] --END-- [ RunTime:0.000873s ]

[ 2016-06-20T11:59:36+08:00 ] 127.0.0.1 /admin/index.php/Gallery/image.html?folder=goods
INFO: [ app_init ] --START--
INFO: Run Behavior\BuildLiteBehavior [ RunTime:0.000008s ]
INFO: [ app_init ] --END-- [ RunTime:0.000215s ]
INFO: [ app_begin ] --START--
INFO: Run Behavior\ReadHtmlCacheBehavior [ RunTime:0.000267s ]
INFO: [ app_begin ] --END-- [ RunTime:0.000298s ]
INFO: [ view_parse ] --START--
INFO: [ template_filter ] --START--
INFO: Run Behavior\ContentReplaceBehavior [ RunTime:0.000165s ]
INFO: [ template_filter ] --END-- [ RunTime:0.000216s ]
NOTIC: [8] Undefined variable: lenFolder D:\phpStudy\WWW\admin\Application\Runtime\Cache\Admin\c0301b7609b6150108969eef53f4bba4.php 第 640 行.
NOTIC: [8] Undefined variable: page D:\phpStudy\WWW\admin\Application\Runtime\Cache\Admin\c0301b7609b6150108969eef53f4bba4.php 第 689 行.
INFO: Run Behavior\ParseTemplateBehavior [ RunTime:0.060023s ]
INFO: [ view_parse ] --END-- [ RunTime:0.060056s ]
INFO: [ view_filter ] --START--
INFO: Run Behavior\WriteHtmlCacheBehavior [ RunTime:0.000305s ]
INFO: [ view_filter ] --END-- [ RunTime:0.000329s ]
INFO: [ app_end ] --START--
INFO: Run Behavior\ShowPageTraceBehavior [ RunTime:0.000538s ]
INFO: [ app_end ] --END-- [ RunTime:0.000585s ]

[ 2016-06-20T11:59:36+08:00 ] 127.0.0.1 /admin/Public/upload/image/goods/%EF%BF%BD%CB%B5%EF%BF%BD.jpg
INFO: [ app_init ] --START--
INFO: Run Behavior\BuildLiteBehavior [ RunTime:0.000017s ]
INFO: [ app_init ] --END-- [ RunTime:0.000504s ]

[ 2016-06-20T11:59:36+08:00 ] 127.0.0.1 /admin/Public/upload/image/goods/%EF%BF%BD%CB%B5%EF%BF%BD.jpg
INFO: [ app_init ] --START--
INFO: Run Behavior\BuildLiteBehavior [ RunTime:0.000017s ]
INFO: [ app_init ] --END-- [ RunTime:0.000518s ]

[ 2016-06-20T11:59:42+08:00 ] 127.0.0.1 /admin/index.php/Gallery/image.html?folder=goods
INFO: [ app_init ] --START--
INFO: Run Behavior\BuildLiteBehavior [ RunTime:0.000011s ]
INFO: [ app_init ] --END-- [ RunTime:0.000290s ]
INFO: [ app_begin ] --START--
INFO: Run Behavior\ReadHtmlCacheBehavior [ RunTime:0.000512s ]
INFO: [ app_begin ] --END-- [ RunTime:0.000548s ]
INFO: [ view_parse ] --START--
INFO: [ template_filter ] --START--
INFO: Run Behavior\ContentReplaceBehavior [ RunTime:0.000122s ]
INFO: [ template_filter ] --END-- [ RunTime:0.000163s ]
NOTIC: [8] Undefined variable: lenFolder D:\phpStudy\WWW\admin\Application\Runtime\Cache\Admin\c0301b7609b6150108969eef53f4bba4.php 第 640 行.
NOTIC: [8] Undefined variable: page D:\phpStudy\WWW\admin\Application\Runtime\Cache\Admin\c0301b7609b6150108969eef53f4bba4.php 第 689 行.
INFO: Run Behavior\ParseTemplateBehavior [ RunTime:0.039566s ]
INFO: [ view_parse ] --END-- [ RunTime:0.039599s ]
INFO: [ view_filter ] --START--
INFO: Run Behavior\WriteHtmlCacheBehavior [ RunTime:0.000415s ]
INFO: [ view_filter ] --END-- [ RunTime:0.000440s ]
INFO: [ app_end ] --START--
INFO: Run Behavior\ShowPageTraceBehavior [ RunTime:0.000939s ]
INFO: [ app_end ] --END-- [ RunTime:0.000998s ]

[ 2016-06-20T11:59:42+08:00 ] 127.0.0.1 /admin/Public/upload/image/goods/%EF%BF%BD%CB%B5%EF%BF%BD.jpg
INFO: [ app_init ] --START--
INFO: Run Behavior\BuildLiteBehavior [ RunTime:0.000010s ]
INFO: [ app_init ] --END-- [ RunTime:0.000268s ]

[ 2016-06-20T11:59:42+08:00 ] 127.0.0.1 /admin/Public/upload/image/goods/%EF%BF%BD%CB%B5%EF%BF%BD.jpg
INFO: [ app_init ] --START--
INFO: Run Behavior\BuildLiteBehavior [ RunTime:0.000015s ]
INFO: [ app_init ] --END-- [ RunTime:0.000508s ]

[ 2016-06-20T12:02:53+08:00 ] 127.0.0.1 /admin/index.php/Gallery/image.html?folder=goods
INFO: [ app_init ] --START--
INFO: Run Behavior\BuildLiteBehavior [ RunTime:0.000009s ]
INFO: [ app_init ] --END-- [ RunTime:0.000267s ]
INFO: [ app_begin ] --START--
INFO: Run Behavior\ReadHtmlCacheBehavior [ RunTime:0.000379s ]
INFO: [ app_begin ] --END-- [ RunTime:0.000413s ]
INFO: [ view_parse ] --START--
INFO: [ template_filter ] --START--
INFO: Run Behavior\ContentReplaceBehavior [ RunTime:0.000169s ]
INFO: [ template_filter ] --END-- [ RunTime:0.000219s ]
NOTIC: [8] Undefined variable: lenFolder D:\phpStudy\WWW\admin\Application\Runtime\Cache\Admin\c0301b7609b6150108969eef53f4bba4.php 第 640 行.
NOTIC: [8] Undefined variable: page D:\phpStudy\WWW\admin\Application\Runtime\Cache\Admin\c0301b7609b6150108969eef53f4bba4.php 第 689 行.
INFO: Run Behavior\ParseTemplateBehavior [ RunTime:0.040799s ]
INFO: [ view_parse ] --END-- [ RunTime:0.040834s ]
INFO: [ view_filter ] --START--
INFO: Run Behavior\WriteHtmlCacheBehavior [ RunTime:0.000280s ]
INFO: [ view_filter ] --END-- [ RunTime:0.000304s ]
INFO: [ app_end ] --START--
INFO: Run Behavior\ShowPageTraceBehavior [ RunTime:0.000616s ]
INFO: [ app_end ] --END-- [ RunTime:0.000674s ]

[ 2016-06-20T14:21:22+08:00 ] 127.0.0.1 /admin/
INFO: [ app_init ] --START--
INFO: Run Behavior\BuildLiteBehavior [ RunTime:0.000011s ]
INFO: [ app_init ] --END-- [ RunTime:0.000585s ]
INFO: [ app_begin ] --START--
INFO: Run Behavior\ReadHtmlCacheBehavior [ RunTime:0.006596s ]
INFO: [ app_begin ] --END-- [ RunTime:0.006646s ]
SQL: SHOW COLUMNS FROM `hc_log` [ RunTime:0.0090s ]
SQL: SELECT COUNT(*) AS tp_count FROM `hc_log` LIMIT 1   [ RunTime:0.0002s ]
SQL: SELECT * FROM `hc_log` ORDER BY time desc LIMIT 0,10   [ RunTime:0.0003s ]
INFO: [ view_parse ] --START--
INFO: [ template_filter ] --START--
INFO: Run Behavior\ContentReplaceBehavior [ RunTime:0.000100s ]
INFO: [ template_filter ] --END-- [ RunTime:0.000136s ]
INFO: Run Behavior\ParseTemplateBehavior [ RunTime:0.104820s ]
INFO: [ view_parse ] --END-- [ RunTime:0.104868s ]
INFO: [ view_filter ] --START--
INFO: Run Behavior\WriteHtmlCacheBehavior [ RunTime:0.004279s ]
INFO: [ view_filter ] --END-- [ RunTime:0.004320s ]
INFO: [ app_end ] --START--
INFO: Run Behavior\ShowPageTraceBehavior [ RunTime:0.007615s ]
INFO: [ app_end ] --END-- [ RunTime:0.007669s ]

[ 2016-06-20T14:21:30+08:00 ] 127.0.0.1 /admin/index.php/Index/index/p/4.html
INFO: [ app_init ] --START--
INFO: Run Behavior\BuildLiteBehavior [ RunTime:0.000010s ]
INFO: [ app_init ] --END-- [ RunTime:0.000297s ]
INFO: [ app_begin ] --START--
INFO: Run Behavior\ReadHtmlCacheBehavior [ RunTime:0.000298s ]
INFO: [ app_begin ] --END-- [ RunTime:0.000332s ]
SQL: SHOW COLUMNS FROM `hc_log` [ RunTime:0.0274s ]
SQL: SELECT COUNT(*) AS tp_count FROM `hc_log` LIMIT 1   [ RunTime:0.0003s ]
SQL: SELECT * FROM `hc_log` ORDER BY time desc LIMIT 30,10   [ RunTime:0.0004s ]
INFO: [ view_parse ] --START--
INFO: [ template_filter ] --START--
INFO: Run Behavior\ContentReplaceBehavior [ RunTime:0.000163s ]
INFO: [ template_filter ] --END-- [ RunTime:0.000221s ]
INFO: Run Behavior\ParseTemplateBehavior [ RunTime:0.041946s ]
INFO: [ view_parse ] --END-- [ RunTime:0.042004s ]
INFO: [ view_filter ] --START--
INFO: Run Behavior\WriteHtmlCacheBehavior [ RunTime:0.000228s ]
INFO: [ view_filter ] --END-- [ RunTime:0.000255s ]
INFO: [ app_end ] --START--
INFO: Run Behavior\ShowPageTraceBehavior [ RunTime:0.000644s ]
INFO: [ app_end ] --END-- [ RunTime:0.000738s ]

[ 2016-06-20T14:21:33+08:00 ] 127.0.0.1 /admin/index.php/Index/index/p/1.html
INFO: [ app_init ] --START--
INFO: Run Behavior\BuildLiteBehavior [ RunTime:0.000011s ]
INFO: [ app_init ] --END-- [ RunTime:0.000267s ]
INFO: [ app_begin ] --START--
INFO: Run Behavior\ReadHtmlCacheBehavior [ RunTime:0.000288s ]
INFO: [ app_begin ] --END-- [ RunTime:0.000320s ]
SQL: SHOW COLUMNS FROM `hc_log` [ RunTime:0.0108s ]
SQL: SELECT COUNT(*) AS tp_count FROM `hc_log` LIMIT 1   [ RunTime:0.0002s ]
SQL: SELECT * FROM `hc_log` ORDER BY time desc LIMIT 0,10   [ RunTime:0.0003s ]
INFO: [ view_parse ] --START--
INFO: [ template_filter ] --START--
INFO: Run Behavior\ContentReplaceBehavior [ RunTime:0.000179s ]
INFO: [ template_filter ] --END-- [ RunTime:0.000252s ]
INFO: Run Behavior\ParseTemplateBehavior [ RunTime:0.052145s ]
INFO: [ view_parse ] --END-- [ RunTime:0.052199s ]
INFO: [ view_filter ] --START--
INFO: Run Behavior\WriteHtmlCacheBehavior [ RunTime:0.000287s ]
INFO: [ view_filter ] --END-- [ RunTime:0.000318s ]
INFO: [ app_end ] --START--
INFO: Run Behavior\ShowPageTraceBehavior [ RunTime:0.000816s ]
INFO: [ app_end ] --END-- [ RunTime:0.000931s ]

[ 2016-06-20T14:21:43+08:00 ] 127.0.0.1 /admin/index.php/Index/index/p/1.html
INFO: [ app_init ] --START--
INFO: Run Behavior\BuildLiteBehavior [ RunTime:0.000018s ]
INFO: [ app_init ] --END-- [ RunTime:0.000496s ]
INFO: [ app_begin ] --START--
INFO: Run Behavior\ReadHtmlCacheBehavior [ RunTime:0.000624s ]
INFO: [ app_begin ] --END-- [ RunTime:0.000709s ]
SQL: SHOW COLUMNS FROM `hc_log` [ RunTime:0.0062s ]
SQL: SELECT COUNT(*) AS tp_count FROM `hc_log` LIMIT 1   [ RunTime:0.0002s ]
SQL: SELECT * FROM `hc_log` ORDER BY time desc LIMIT 0,10   [ RunTime:0.0002s ]
INFO: [ view_parse ] --START--
INFO: [ template_filter ] --START--
INFO: Run Behavior\ContentReplaceBehavior [ RunTime:0.000110s ]
INFO: [ template_filter ] --END-- [ RunTime:0.000150s ]
INFO: Run Behavior\ParseTemplateBehavior [ RunTime:0.036893s ]
INFO: [ view_parse ] --END-- [ RunTime:0.036943s ]
INFO: [ view_filter ] --START--
INFO: Run Behavior\WriteHtmlCacheBehavior [ RunTime:0.000324s ]
INFO: [ view_filter ] --END-- [ RunTime:0.000359s ]
INFO: [ app_end ] --START--
INFO: Run Behavior\ShowPageTraceBehavior [ RunTime:0.000592s ]
INFO: [ app_end ] --END-- [ RunTime:0.000657s ]

[ 2016-06-20T14:21:45+08:00 ] 127.0.0.1 /admin/index.php/Index/index/p/1.html
INFO: [ app_init ] --START--
INFO: Run Behavior\BuildLiteBehavior [ RunTime:0.000015s ]
INFO: [ app_init ] --END-- [ RunTime:0.000354s ]
INFO: [ app_begin ] --START--
INFO: Run Behavior\ReadHtmlCacheBehavior [ RunTime:0.000448s ]
INFO: [ app_begin ] --END-- [ RunTime:0.000516s ]
SQL: SHOW COLUMNS FROM `hc_log` [ RunTime:0.0082s ]
SQL: SELECT COUNT(*) AS tp_count FROM `hc_log` LIMIT 1   [ RunTime:0.0002s ]
SQL: SELECT * FROM `hc_log` ORDER BY time desc LIMIT 0,10   [ RunTime:0.0003s ]
INFO: [ view_parse ] --START--
INFO: [ template_filter ] --START--
INFO: Run Behavior\ContentReplaceBehavior [ RunTime:0.000154s ]
INFO: [ template_filter ] --END-- [ RunTime:0.000209s ]
INFO: Run Behavior\ParseTemplateBehavior [ RunTime:0.048131s ]
INFO: [ view_parse ] --END-- [ RunTime:0.048189s ]
INFO: [ view_filter ] --START--
INFO: Run Behavior\WriteHtmlCacheBehavior [ RunTime:0.000297s ]
INFO: [ view_filter ] --END-- [ RunTime:0.000335s ]
INFO: [ app_end ] --START--
INFO: Run Behavior\ShowPageTraceBehavior [ RunTime:0.001390s ]
INFO: [ app_end ] --END-- [ RunTime:0.001479s ]

[ 2016-06-20T14:21:47+08:00 ] 127.0.0.1 /admin/index.php/Login/quit.html
INFO: [ app_init ] --START--
INFO: Run Behavior\BuildLiteBehavior [ RunTime:0.000015s ]
INFO: [ app_init ] --END-- [ RunTime:0.000400s ]
INFO: [ app_begin ] --START--
INFO: Run Behavior\ReadHtmlCacheBehavior [ RunTime:0.000405s ]
INFO: [ app_begin ] --END-- [ RunTime:0.000453s ]

[ 2016-06-20T14:21:47+08:00 ] 127.0.0.1 /admin/index.php/Login/index.html
INFO: [ app_init ] --START--
INFO: Run Behavior\BuildLiteBehavior [ RunTime:0.000009s ]
INFO: [ app_init ] --END-- [ RunTime:0.000226s ]
INFO: [ app_begin ] --START--
INFO: Run Behavior\ReadHtmlCacheBehavior [ RunTime:0.000277s ]
INFO: [ app_begin ] --END-- [ RunTime:0.000309s ]
INFO: [ view_parse ] --START--
INFO: [ template_filter ] --START--
INFO: Run Behavior\ContentReplaceBehavior [ RunTime:0.000036s ]
INFO: [ template_filter ] --END-- [ RunTime:0.000073s ]
INFO: Run Behavior\ParseTemplateBehavior [ RunTime:0.004037s ]
INFO: [ view_parse ] --END-- [ RunTime:0.004077s ]
INFO: [ view_filter ] --START--
INFO: Run Behavior\WriteHtmlCacheBehavior [ RunTime:0.000210s ]
INFO: [ view_filter ] --END-- [ RunTime:0.000234s ]
INFO: [ app_end ] --START--
INFO: Run Behavior\ShowPageTraceBehavior [ RunTime:0.000292s ]
INFO: [ app_end ] --END-- [ RunTime:0.000319s ]

[ 2016-06-20T14:21:53+08:00 ] 127.0.0.1 /admin/index.php/Login/login.html
INFO: [ app_init ] --START--
INFO: Run Behavior\BuildLiteBehavior [ RunTime:0.000009s ]
INFO: [ app_init ] --END-- [ RunTime:0.000226s ]
INFO: [ app_begin ] --START--
INFO: Run Behavior\ReadHtmlCacheBehavior [ RunTime:0.000279s ]
INFO: [ app_begin ] --END-- [ RunTime:0.000314s ]
SQL: SHOW COLUMNS FROM `hc_admin` [ RunTime:0.0168s ]
SQL: SELECT * FROM `hc_admin` WHERE ( username = 'admin' ) LIMIT 1   [ RunTime:0.0002s ]
SQL: SHOW COLUMNS FROM `hc_log` [ RunTime:0.0057s ]
SQL: INSERT INTO `hc_log` (`ip`,`log`) VALUES ('127.0.0.1','登录成功') [ RunTime:0.0002s ]

[ 2016-06-20T14:21:54+08:00 ] 127.0.0.1 /admin/index.php/Index/index.html
INFO: [ app_init ] --START--
INFO: Run Behavior\BuildLiteBehavior [ RunTime:0.000010s ]
INFO: [ app_init ] --END-- [ RunTime:0.000230s ]
INFO: [ app_begin ] --START--
INFO: Run Behavior\ReadHtmlCacheBehavior [ RunTime:0.000281s ]
INFO: [ app_begin ] --END-- [ RunTime:0.000315s ]
SQL: SHOW COLUMNS FROM `hc_log` [ RunTime:0.0136s ]
SQL: SELECT COUNT(*) AS tp_count FROM `hc_log` LIMIT 1   [ RunTime:0.0003s ]
SQL: SELECT * FROM `hc_log` ORDER BY time desc LIMIT 0,10   [ RunTime:0.0006s ]
INFO: [ view_parse ] --START--
INFO: [ template_filter ] --START--
INFO: Run Behavior\ContentReplaceBehavior [ RunTime:0.000180s ]
INFO: [ template_filter ] --END-- [ RunTime:0.000250s ]
INFO: Run Behavior\ParseTemplateBehavior [ RunTime:0.042499s ]
INFO: [ view_parse ] --END-- [ RunTime:0.042566s ]
INFO: [ view_filter ] --START--
INFO: Run Behavior\WriteHtmlCacheBehavior [ RunTime:0.000266s ]
INFO: [ view_filter ] --END-- [ RunTime:0.000291s ]
INFO: [ app_end ] --START--
INFO: Run Behavior\ShowPageTraceBehavior [ RunTime:0.000354s ]
INFO: [ app_end ] --END-- [ RunTime:0.000387s ]

