[ 2016-06-27T09:12:53+08:00 ] 127.0.0.1 /storehouse/
INFO: [ app_init ] --START--
INFO: Run Behavior\BuildLiteBehavior [ RunTime:0.000012s ]
INFO: [ app_init ] --END-- [ RunTime:0.007545s ]
INFO: [ app_begin ] --START--
INFO: Run Behavior\ReadHtmlCacheBehavior [ RunTime:0.007570s ]
INFO: [ app_begin ] --END-- [ RunTime:0.007624s ]

[ 2016-06-27T09:12:53+08:00 ] 127.0.0.1 /storehouse/Login/index.html
INFO: [ app_init ] --START--
INFO: Run Behavior\BuildLiteBehavior [ RunTime:0.000010s ]
INFO: [ app_init ] --END-- [ RunTime:0.000235s ]
INFO: [ app_begin ] --START--
INFO: Run Behavior\ReadHtmlCacheBehavior [ RunTime:0.000322s ]
INFO: [ app_begin ] --END-- [ RunTime:0.000362s ]
INFO: [ view_parse ] --START--
INFO: [ template_filter ] --START--
INFO: Run Behavior\ContentReplaceBehavior [ RunTime:0.000071s ]
INFO: [ template_filter ] --END-- [ RunTime:0.000120s ]
INFO: Run Behavior\ParseTemplateBehavior [ RunTime:0.175312s ]
INFO: [ view_parse ] --END-- [ RunTime:0.175437s ]
INFO: [ view_filter ] --START--
INFO: Run Behavior\WriteHtmlCacheBehavior [ RunTime:0.009071s ]
INFO: [ view_filter ] --END-- [ RunTime:0.009173s ]
INFO: [ app_end ] --START--
INFO: Run Behavior\ShowPageTraceBehavior [ RunTime:0.007535s ]
INFO: [ app_end ] --END-- [ RunTime:0.007619s ]

[ 2016-06-27T09:13:01+08:00 ] 127.0.0.1 /storehouse/Login/login.html
INFO: [ app_init ] --START--
INFO: Run Behavior\BuildLiteBehavior [ RunTime:0.000010s ]
INFO: [ app_init ] --END-- [ RunTime:0.000257s ]
INFO: [ app_begin ] --START--
INFO: Run Behavior\ReadHtmlCacheBehavior [ RunTime:0.000361s ]
INFO: [ app_begin ] --END-- [ RunTime:0.000398s ]
SQL: SHOW COLUMNS FROM `hc_admin` [ RunTime:0.0411s ]
SQL: SELECT * FROM `hc_admin` WHERE ( username = 'admin' ) LIMIT 1   [ RunTime:0.0003s ]

[ 2016-06-27T09:13:11+08:00 ] 127.0.0.1 /storehouse/Login/login.html
INFO: [ app_init ] --START--
INFO: Run Behavior\BuildLiteBehavior [ RunTime:0.000010s ]
INFO: [ app_init ] --END-- [ RunTime:0.000229s ]
INFO: [ app_begin ] --START--
INFO: Run Behavior\ReadHtmlCacheBehavior [ RunTime:0.000271s ]
INFO: [ app_begin ] --END-- [ RunTime:0.000305s ]
SQL: SHOW COLUMNS FROM `hc_admin` [ RunTime:0.0081s ]
SQL: SELECT * FROM `hc_admin` WHERE ( username = 'admin' ) LIMIT 1   [ RunTime:0.0003s ]

[ 2016-06-27T09:13:20+08:00 ] 127.0.0.1 /storehouse/Login/login.html
INFO: [ app_init ] --START--
INFO: Run Behavior\BuildLiteBehavior [ RunTime:0.000010s ]
INFO: [ app_init ] --END-- [ RunTime:0.000274s ]
INFO: [ app_begin ] --START--
INFO: Run Behavior\ReadHtmlCacheBehavior [ RunTime:0.000371s ]
INFO: [ app_begin ] --END-- [ RunTime:0.000411s ]
SQL: SHOW COLUMNS FROM `hc_admin` [ RunTime:0.0151s ]
SQL: SELECT * FROM `hc_admin` WHERE ( username = 'admin' ) LIMIT 1   [ RunTime:0.0002s ]
SQL: SHOW COLUMNS FROM `hc_log` [ RunTime:0.0387s ]
SQL: INSERT INTO `hc_log` (`ip`,`log`) VALUES ('127.0.0.1','登录成功') [ RunTime:0.0405s ]

[ 2016-06-27T09:13:21+08:00 ] 127.0.0.1 /storehouse/Index/index.html
INFO: [ app_init ] --START--
INFO: Run Behavior\BuildLiteBehavior [ RunTime:0.000010s ]
INFO: [ app_init ] --END-- [ RunTime:0.000249s ]
INFO: [ app_begin ] --START--
INFO: Run Behavior\ReadHtmlCacheBehavior [ RunTime:0.000273s ]
INFO: [ app_begin ] --END-- [ RunTime:0.000308s ]
SQL: SHOW COLUMNS FROM `hc_log` [ RunTime:0.0140s ]
SQL: SELECT COUNT(*) AS tp_count FROM `hc_log` LIMIT 1   [ RunTime:0.0004s ]
SQL: SELECT * FROM `hc_log` ORDER BY time desc LIMIT 0,15   [ RunTime:0.0004s ]
INFO: [ view_parse ] --START--
INFO: [ template_filter ] --START--
INFO: Run Behavior\ContentReplaceBehavior [ RunTime:0.000193s ]
INFO: [ template_filter ] --END-- [ RunTime:0.000266s ]
NOTIC: [8] Use of undefined constant table - assumed 'table' D:\phpStudy\WWW\storehouse\App\Runtime\Cache\Admin\9df924d9a2d217daa77a359c5bee0c33.php 第 742 行.
NOTIC: [8] Use of undefined constant excel - assumed 'excel' D:\phpStudy\WWW\storehouse\App\Runtime\Cache\Admin\9df924d9a2d217daa77a359c5bee0c33.php 第 746 行.
INFO: Run Behavior\ParseTemplateBehavior [ RunTime:0.112758s ]
INFO: [ view_parse ] --END-- [ RunTime:0.112807s ]
INFO: [ view_filter ] --START--
INFO: Run Behavior\WriteHtmlCacheBehavior [ RunTime:0.000295s ]
INFO: [ view_filter ] --END-- [ RunTime:0.000323s ]
INFO: [ app_end ] --START--
INFO: Run Behavior\ShowPageTraceBehavior [ RunTime:0.000660s ]
INFO: [ app_end ] --END-- [ RunTime:0.000726s ]

[ 2016-06-27T09:16:58+08:00 ] 127.0.0.1 /storehouse/Login/index.html
INFO: [ app_init ] --START--
INFO: Run Behavior\BuildLiteBehavior [ RunTime:0.000010s ]
INFO: [ app_init ] --END-- [ RunTime:0.000257s ]
INFO: [ app_begin ] --START--
INFO: Run Behavior\ReadHtmlCacheBehavior [ RunTime:0.000356s ]
INFO: [ app_begin ] --END-- [ RunTime:0.000388s ]
INFO: [ view_parse ] --START--
INFO: [ template_filter ] --START--
INFO: Run Behavior\ContentReplaceBehavior [ RunTime:0.000037s ]
INFO: [ template_filter ] --END-- [ RunTime:0.000068s ]
INFO: Run Behavior\ParseTemplateBehavior [ RunTime:0.004588s ]
INFO: [ view_parse ] --END-- [ RunTime:0.004640s ]
INFO: [ view_filter ] --START--
INFO: Run Behavior\WriteHtmlCacheBehavior [ RunTime:0.000273s ]
INFO: [ view_filter ] --END-- [ RunTime:0.000307s ]
INFO: [ app_end ] --START--
INFO: Run Behavior\ShowPageTraceBehavior [ RunTime:0.000345s ]
INFO: [ app_end ] --END-- [ RunTime:0.000371s ]

[ 2016-06-27T09:17:04+08:00 ] 127.0.0.1 /storehouse/Login/login.html
INFO: [ app_init ] --START--
INFO: Run Behavior\BuildLiteBehavior [ RunTime:0.000009s ]
INFO: [ app_init ] --END-- [ RunTime:0.000244s ]
INFO: [ app_begin ] --START--
INFO: Run Behavior\ReadHtmlCacheBehavior [ RunTime:0.000547s ]
INFO: [ app_begin ] --END-- [ RunTime:0.000606s ]
SQL: SHOW COLUMNS FROM `hc_admin` [ RunTime:0.0231s ]
SQL: SELECT * FROM `hc_admin` WHERE ( username = 'admin' ) LIMIT 1   [ RunTime:0.0005s ]
SQL: SHOW COLUMNS FROM `hc_log` [ RunTime:0.0104s ]
SQL: INSERT INTO `hc_log` (`ip`,`log`) VALUES ('127.0.0.1','登录成功') [ RunTime:0.0484s ]

[ 2016-06-27T09:17:05+08:00 ] 127.0.0.1 /storehouse/Index/index.html
INFO: [ app_init ] --START--
INFO: Run Behavior\BuildLiteBehavior [ RunTime:0.000018s ]
INFO: [ app_init ] --END-- [ RunTime:0.000473s ]
INFO: [ app_begin ] --START--
INFO: Run Behavior\ReadHtmlCacheBehavior [ RunTime:0.000586s ]
INFO: [ app_begin ] --END-- [ RunTime:0.000667s ]
SQL: SHOW COLUMNS FROM `hc_log` [ RunTime:0.0226s ]
SQL: SELECT COUNT(*) AS tp_count FROM `hc_log` LIMIT 1   [ RunTime:0.0005s ]
SQL: SELECT * FROM `hc_log` ORDER BY time desc LIMIT 0,15   [ RunTime:0.0005s ]
INFO: [ view_parse ] --START--
INFO: [ template_filter ] --START--
INFO: Run Behavior\ContentReplaceBehavior [ RunTime:0.000173s ]
INFO: [ template_filter ] --END-- [ RunTime:0.000240s ]
NOTIC: [8] Use of undefined constant table - assumed 'table' D:\phpStudy\WWW\storehouse\App\Runtime\Cache\Admin\9df924d9a2d217daa77a359c5bee0c33.php 第 742 行.
NOTIC: [8] Use of undefined constant excel - assumed 'excel' D:\phpStudy\WWW\storehouse\App\Runtime\Cache\Admin\9df924d9a2d217daa77a359c5bee0c33.php 第 746 行.
INFO: Run Behavior\ParseTemplateBehavior [ RunTime:0.062406s ]
INFO: [ view_parse ] --END-- [ RunTime:0.062488s ]
INFO: [ view_filter ] --START--
INFO: Run Behavior\WriteHtmlCacheBehavior [ RunTime:0.000411s ]
INFO: [ view_filter ] --END-- [ RunTime:0.000453s ]
INFO: [ app_end ] --START--
INFO: Run Behavior\ShowPageTraceBehavior [ RunTime:0.000898s ]
INFO: [ app_end ] --END-- [ RunTime:0.000972s ]

[ 2016-06-27T09:18:04+08:00 ] 127.0.0.1 /storehouse/
INFO: [ app_init ] --START--
INFO: Run Behavior\BuildLiteBehavior [ RunTime:0.000009s ]
INFO: [ app_init ] --END-- [ RunTime:0.000234s ]
INFO: [ app_begin ] --START--
INFO: Run Behavior\ReadHtmlCacheBehavior [ RunTime:0.000262s ]
INFO: [ app_begin ] --END-- [ RunTime:0.000296s ]
SQL: SHOW COLUMNS FROM `hc_log` [ RunTime:0.0158s ]
SQL: SELECT COUNT(*) AS tp_count FROM `hc_log` LIMIT 1   [ RunTime:0.0004s ]
SQL: SELECT * FROM `hc_log` ORDER BY time desc LIMIT 0,15   [ RunTime:0.0009s ]
INFO: [ view_parse ] --START--
INFO: [ template_filter ] --START--
INFO: Run Behavior\ContentReplaceBehavior [ RunTime:0.000154s ]
INFO: [ template_filter ] --END-- [ RunTime:0.000210s ]
NOTIC: [8] Undefined index: username D:\phpStudy\WWW\storehouse\App\Runtime\Cache\Admin\9df924d9a2d217daa77a359c5bee0c33.php 第 328 行.
NOTIC: [8] Use of undefined constant table - assumed 'table' D:\phpStudy\WWW\storehouse\App\Runtime\Cache\Admin\9df924d9a2d217daa77a359c5bee0c33.php 第 742 行.
NOTIC: [8] Use of undefined constant excel - assumed 'excel' D:\phpStudy\WWW\storehouse\App\Runtime\Cache\Admin\9df924d9a2d217daa77a359c5bee0c33.php 第 746 行.
INFO: Run Behavior\ParseTemplateBehavior [ RunTime:0.049054s ]
INFO: [ view_parse ] --END-- [ RunTime:0.049138s ]
INFO: [ view_filter ] --START--
INFO: Run Behavior\WriteHtmlCacheBehavior [ RunTime:0.000223s ]
INFO: [ view_filter ] --END-- [ RunTime:0.000247s ]
INFO: [ app_end ] --START--
INFO: Run Behavior\ShowPageTraceBehavior [ RunTime:0.000340s ]
INFO: [ app_end ] --END-- [ RunTime:0.000371s ]

[ 2016-06-27T09:36:16+08:00 ] 127.0.0.1 /storehouse/Order/order.html
INFO: [ app_init ] --START--
INFO: Run Behavior\BuildLiteBehavior [ RunTime:0.000010s ]
INFO: [ app_init ] --END-- [ RunTime:0.000269s ]
INFO: [ app_begin ] --START--
INFO: Run Behavior\ReadHtmlCacheBehavior [ RunTime:0.000401s ]
INFO: [ app_begin ] --END-- [ RunTime:0.000437s ]
INFO: [ view_parse ] --START--
INFO: [ template_filter ] --START--
INFO: Run Behavior\ContentReplaceBehavior [ RunTime:0.000116s ]
INFO: [ template_filter ] --END-- [ RunTime:0.000159s ]
NOTIC: [8] Undefined index: username D:\phpStudy\WWW\storehouse\App\Runtime\Cache\Admin\b0cad532d15f1eb8e767a5fe7e1258ee.php 第 328 行.
INFO: Run Behavior\ParseTemplateBehavior [ RunTime:0.056786s ]
INFO: [ view_parse ] --END-- [ RunTime:0.056825s ]
INFO: [ view_filter ] --START--
INFO: Run Behavior\WriteHtmlCacheBehavior [ RunTime:0.000276s ]
INFO: [ view_filter ] --END-- [ RunTime:0.000303s ]
INFO: [ app_end ] --START--
INFO: Run Behavior\ShowPageTraceBehavior [ RunTime:0.000628s ]
INFO: [ app_end ] --END-- [ RunTime:0.000688s ]

[ 2016-06-27T09:36:16+08:00 ] 127.0.0.1 /storehouse/Order/index.html
INFO: [ app_init ] --START--
INFO: Run Behavior\BuildLiteBehavior [ RunTime:0.000009s ]
INFO: [ app_init ] --END-- [ RunTime:0.000214s ]
INFO: [ app_begin ] --START--
INFO: Run Behavior\ReadHtmlCacheBehavior [ RunTime:0.000281s ]
INFO: [ app_begin ] --END-- [ RunTime:0.000319s ]
INFO: [ view_parse ] --START--
INFO: [ template_filter ] --START--
INFO: Run Behavior\ContentReplaceBehavior [ RunTime:0.000127s ]
INFO: [ template_filter ] --END-- [ RunTime:0.000173s ]
NOTIC: [8] Undefined index: username D:\phpStudy\WWW\storehouse\App\Runtime\Cache\Admin\fe3111dbdfd9340f96aca53ab7ea90c5.php 第 328 行.
NOTIC: [8] Undefined variable: val D:\phpStudy\WWW\storehouse\App\Runtime\Cache\Admin\fe3111dbdfd9340f96aca53ab7ea90c5.php 第 682 行.
NOTIC: [8] Undefined variable: val D:\phpStudy\WWW\storehouse\App\Runtime\Cache\Admin\fe3111dbdfd9340f96aca53ab7ea90c5.php 第 696 行.
NOTIC: [8] Use of undefined constant table - assumed 'table' D:\phpStudy\WWW\storehouse\App\Runtime\Cache\Admin\fe3111dbdfd9340f96aca53ab7ea90c5.php 第 766 行.
INFO: Run Behavior\ParseTemplateBehavior [ RunTime:0.041167s ]
INFO: [ view_parse ] --END-- [ RunTime:0.041201s ]
INFO: [ view_filter ] --START--
INFO: Run Behavior\WriteHtmlCacheBehavior [ RunTime:0.000223s ]
INFO: [ view_filter ] --END-- [ RunTime:0.000253s ]
INFO: [ app_end ] --START--
INFO: Run Behavior\ShowPageTraceBehavior [ RunTime:0.000470s ]
INFO: [ app_end ] --END-- [ RunTime:0.000520s ]

[ 2016-06-27T09:36:17+08:00 ] 127.0.0.1 /storehouse/Order/order.html
INFO: [ app_init ] --START--
INFO: Run Behavior\BuildLiteBehavior [ RunTime:0.000008s ]
INFO: [ app_init ] --END-- [ RunTime:0.000212s ]
INFO: [ app_begin ] --START--
INFO: Run Behavior\ReadHtmlCacheBehavior [ RunTime:0.000262s ]
INFO: [ app_begin ] --END-- [ RunTime:0.000294s ]
INFO: [ view_parse ] --START--
INFO: [ template_filter ] --START--
INFO: Run Behavior\ContentReplaceBehavior [ RunTime:0.000106s ]
INFO: [ template_filter ] --END-- [ RunTime:0.000141s ]
NOTIC: [8] Undefined index: username D:\phpStudy\WWW\storehouse\App\Runtime\Cache\Admin\b0cad532d15f1eb8e767a5fe7e1258ee.php 第 328 行.
INFO: Run Behavior\ParseTemplateBehavior [ RunTime:0.030979s ]
INFO: [ view_parse ] --END-- [ RunTime:0.031017s ]
INFO: [ view_filter ] --START--
INFO: Run Behavior\WriteHtmlCacheBehavior [ RunTime:0.000200s ]
INFO: [ view_filter ] --END-- [ RunTime:0.000232s ]
INFO: [ app_end ] --START--
INFO: Run Behavior\ShowPageTraceBehavior [ RunTime:0.000381s ]
INFO: [ app_end ] --END-- [ RunTime:0.000418s ]

[ 2016-06-27T09:36:18+08:00 ] 127.0.0.1 /storehouse/Account/index.html
INFO: [ app_init ] --START--
INFO: Run Behavior\BuildLiteBehavior [ RunTime:0.000008s ]
INFO: [ app_init ] --END-- [ RunTime:0.000209s ]
INFO: [ app_begin ] --START--
INFO: Run Behavior\ReadHtmlCacheBehavior [ RunTime:0.000268s ]
INFO: [ app_begin ] --END-- [ RunTime:0.000303s ]
INFO: [ view_parse ] --START--
INFO: [ template_filter ] --START--
INFO: Run Behavior\ContentReplaceBehavior [ RunTime:0.000105s ]
INFO: [ template_filter ] --END-- [ RunTime:0.000144s ]
NOTIC: [8] Undefined index: username D:\phpStudy\WWW\storehouse\App\Runtime\Cache\Admin\f0a1bb3f7a1c7d3a0bea46e78563b7e1.php 第 328 行.
NOTIC: [8] Undefined variable: val D:\phpStudy\WWW\storehouse\App\Runtime\Cache\Admin\f0a1bb3f7a1c7d3a0bea46e78563b7e1.php 第 681 行.
NOTIC: [8] Undefined variable: val D:\phpStudy\WWW\storehouse\App\Runtime\Cache\Admin\f0a1bb3f7a1c7d3a0bea46e78563b7e1.php 第 694 行.
NOTIC: [8] Use of undefined constant table - assumed 'table' D:\phpStudy\WWW\storehouse\App\Runtime\Cache\Admin\f0a1bb3f7a1c7d3a0bea46e78563b7e1.php 第 763 行.
INFO: Run Behavior\ParseTemplateBehavior [ RunTime:0.042799s ]
INFO: [ view_parse ] --END-- [ RunTime:0.042835s ]
INFO: [ view_filter ] --START--
INFO: Run Behavior\WriteHtmlCacheBehavior [ RunTime:0.000192s ]
INFO: [ view_filter ] --END-- [ RunTime:0.000217s ]
INFO: [ app_end ] --START--
INFO: Run Behavior\ShowPageTraceBehavior [ RunTime:0.000335s ]
INFO: [ app_end ] --END-- [ RunTime:0.000366s ]

[ 2016-06-27T09:48:40+08:00 ] 127.0.0.1 /storehouse/Account/index.html
INFO: [ app_init ] --START--
INFO: Run Behavior\BuildLiteBehavior [ RunTime:0.000013s ]
INFO: [ app_init ] --END-- [ RunTime:0.000334s ]
INFO: [ app_begin ] --START--
INFO: Run Behavior\ReadHtmlCacheBehavior [ RunTime:0.000450s ]
INFO: [ app_begin ] --END-- [ RunTime:0.000485s ]
INFO: [ view_parse ] --START--
INFO: [ template_filter ] --START--
INFO: Run Behavior\ContentReplaceBehavior [ RunTime:0.000108s ]
INFO: [ template_filter ] --END-- [ RunTime:0.000147s ]
NOTIC: [8] Undefined index: username D:\phpStudy\WWW\storehouse\App\Runtime\Cache\Admin\f0a1bb3f7a1c7d3a0bea46e78563b7e1.php 第 328 行.
NOTIC: [8] Undefined variable: val D:\phpStudy\WWW\storehouse\App\Runtime\Cache\Admin\f0a1bb3f7a1c7d3a0bea46e78563b7e1.php 第 681 行.
NOTIC: [8] Undefined variable: val D:\phpStudy\WWW\storehouse\App\Runtime\Cache\Admin\f0a1bb3f7a1c7d3a0bea46e78563b7e1.php 第 694 行.
NOTIC: [8] Use of undefined constant table - assumed 'table' D:\phpStudy\WWW\storehouse\App\Runtime\Cache\Admin\f0a1bb3f7a1c7d3a0bea46e78563b7e1.php 第 763 行.
INFO: Run Behavior\ParseTemplateBehavior [ RunTime:0.033974s ]
INFO: [ view_parse ] --END-- [ RunTime:0.034008s ]
INFO: [ view_filter ] --START--
INFO: Run Behavior\WriteHtmlCacheBehavior [ RunTime:0.000323s ]
INFO: [ view_filter ] --END-- [ RunTime:0.000353s ]
INFO: [ app_end ] --START--
INFO: Run Behavior\ShowPageTraceBehavior [ RunTime:0.000718s ]
INFO: [ app_end ] --END-- [ RunTime:0.000786s ]

[ 2016-06-27T09:48:44+08:00 ] 127.0.0.1 /storehouse/Account/account.html
INFO: [ app_init ] --START--
INFO: Run Behavior\BuildLiteBehavior [ RunTime:0.000010s ]
INFO: [ app_init ] --END-- [ RunTime:0.000279s ]
INFO: [ app_begin ] --START--
INFO: Run Behavior\ReadHtmlCacheBehavior [ RunTime:0.000538s ]
INFO: [ app_begin ] --END-- [ RunTime:0.000581s ]
INFO: [ view_parse ] --START--
INFO: [ template_filter ] --START--
INFO: Run Behavior\ContentReplaceBehavior [ RunTime:0.000107s ]
INFO: [ template_filter ] --END-- [ RunTime:0.000146s ]
NOTIC: [8] Undefined index: username D:\phpStudy\WWW\storehouse\App\Runtime\Cache\Admin\25e972fe5fabf9534b37cc7108ad0110.php 第 328 行.
INFO: Run Behavior\ParseTemplateBehavior [ RunTime:0.031018s ]
INFO: [ view_parse ] --END-- [ RunTime:0.031062s ]
INFO: [ view_filter ] --START--
INFO: Run Behavior\WriteHtmlCacheBehavior [ RunTime:0.000445s ]
INFO: [ view_filter ] --END-- [ RunTime:0.000486s ]
INFO: [ app_end ] --START--
INFO: Run Behavior\ShowPageTraceBehavior [ RunTime:0.000960s ]
INFO: [ app_end ] --END-- [ RunTime:0.001026s ]

[ 2016-06-27T09:48:45+08:00 ] 127.0.0.1 /storehouse/Account/index.html
INFO: [ app_init ] --START--
INFO: Run Behavior\BuildLiteBehavior [ RunTime:0.000009s ]
INFO: [ app_init ] --END-- [ RunTime:0.000250s ]
INFO: [ app_begin ] --START--
INFO: Run Behavior\ReadHtmlCacheBehavior [ RunTime:0.000388s ]
INFO: [ app_begin ] --END-- [ RunTime:0.000422s ]
INFO: [ view_parse ] --START--
INFO: [ template_filter ] --START--
INFO: Run Behavior\ContentReplaceBehavior [ RunTime:0.000107s ]
INFO: [ template_filter ] --END-- [ RunTime:0.000150s ]
NOTIC: [8] Undefined index: username D:\phpStudy\WWW\storehouse\App\Runtime\Cache\Admin\f0a1bb3f7a1c7d3a0bea46e78563b7e1.php 第 328 行.
NOTIC: [8] Undefined variable: val D:\phpStudy\WWW\storehouse\App\Runtime\Cache\Admin\f0a1bb3f7a1c7d3a0bea46e78563b7e1.php 第 681 行.
NOTIC: [8] Undefined variable: val D:\phpStudy\WWW\storehouse\App\Runtime\Cache\Admin\f0a1bb3f7a1c7d3a0bea46e78563b7e1.php 第 694 行.
NOTIC: [8] Use of undefined constant table - assumed 'table' D:\phpStudy\WWW\storehouse\App\Runtime\Cache\Admin\f0a1bb3f7a1c7d3a0bea46e78563b7e1.php 第 763 行.
INFO: Run Behavior\ParseTemplateBehavior [ RunTime:0.032157s ]
INFO: [ view_parse ] --END-- [ RunTime:0.032191s ]
INFO: [ view_filter ] --START--
INFO: Run Behavior\WriteHtmlCacheBehavior [ RunTime:0.000327s ]
INFO: [ view_filter ] --END-- [ RunTime:0.000359s ]
INFO: [ app_end ] --START--
INFO: Run Behavior\ShowPageTraceBehavior [ RunTime:0.000515s ]
INFO: [ app_end ] --END-- [ RunTime:0.000567s ]

[ 2016-06-27T09:48:46+08:00 ] 127.0.0.1 /storehouse/Account/account.html
INFO: [ app_init ] --START--
INFO: Run Behavior\BuildLiteBehavior [ RunTime:0.000009s ]
INFO: [ app_init ] --END-- [ RunTime:0.000256s ]
INFO: [ app_begin ] --START--
INFO: Run Behavior\ReadHtmlCacheBehavior [ RunTime:0.000427s ]
INFO: [ app_begin ] --END-- [ RunTime:0.000461s ]
INFO: [ view_parse ] --START--
INFO: [ template_filter ] --START--
INFO: Run Behavior\ContentReplaceBehavior [ RunTime:0.000105s ]
INFO: [ template_filter ] --END-- [ RunTime:0.000137s ]
NOTIC: [8] Undefined index: username D:\phpStudy\WWW\storehouse\App\Runtime\Cache\Admin\25e972fe5fabf9534b37cc7108ad0110.php 第 328 行.
INFO: Run Behavior\ParseTemplateBehavior [ RunTime:0.031620s ]
INFO: [ view_parse ] --END-- [ RunTime:0.031658s ]
INFO: [ view_filter ] --START--
INFO: Run Behavior\WriteHtmlCacheBehavior [ RunTime:0.000324s ]
INFO: [ view_filter ] --END-- [ RunTime:0.000353s ]
INFO: [ app_end ] --START--
INFO: Run Behavior\ShowPageTraceBehavior [ RunTime:0.000529s ]
INFO: [ app_end ] --END-- [ RunTime:0.000584s ]

[ 2016-06-27T09:49:21+08:00 ] 127.0.0.1 /storehouse/Account/account.html
INFO: [ app_init ] --START--
INFO: Run Behavior\BuildLiteBehavior [ RunTime:0.000009s ]
INFO: [ app_init ] --END-- [ RunTime:0.000252s ]
INFO: [ app_begin ] --START--
INFO: Run Behavior\ReadHtmlCacheBehavior [ RunTime:0.000390s ]
INFO: [ app_begin ] --END-- [ RunTime:0.000423s ]
INFO: [ view_parse ] --START--
INFO: [ template_filter ] --START--
INFO: Run Behavior\ContentReplaceBehavior [ RunTime:0.000109s ]
INFO: [ template_filter ] --END-- [ RunTime:0.000146s ]
NOTIC: [8] Undefined index: username D:\phpStudy\WWW\storehouse\App\Runtime\Cache\Admin\25e972fe5fabf9534b37cc7108ad0110.php 第 328 行.
INFO: Run Behavior\ParseTemplateBehavior [ RunTime:0.029926s ]
INFO: [ view_parse ] --END-- [ RunTime:0.029964s ]
INFO: [ view_filter ] --START--
INFO: Run Behavior\WriteHtmlCacheBehavior [ RunTime:0.000331s ]
INFO: [ view_filter ] --END-- [ RunTime:0.000358s ]
INFO: [ app_end ] --START--
INFO: Run Behavior\ShowPageTraceBehavior [ RunTime:0.000691s ]
INFO: [ app_end ] --END-- [ RunTime:0.000757s ]

[ 2016-06-27T09:49:37+08:00 ] 127.0.0.1 /storehouse/Login/quit.html
INFO: [ app_init ] --START--
INFO: Run Behavior\BuildLiteBehavior [ RunTime:0.000009s ]
INFO: [ app_init ] --END-- [ RunTime:0.000249s ]
INFO: [ app_begin ] --START--
INFO: Run Behavior\ReadHtmlCacheBehavior [ RunTime:0.000362s ]
INFO: [ app_begin ] --END-- [ RunTime:0.000396s ]

[ 2016-06-27T09:49:37+08:00 ] 127.0.0.1 /storehouse/Login/index.html
INFO: [ app_init ] --START--
INFO: Run Behavior\BuildLiteBehavior [ RunTime:0.000014s ]
INFO: [ app_init ] --END-- [ RunTime:0.000322s ]
INFO: [ app_begin ] --START--
INFO: Run Behavior\ReadHtmlCacheBehavior [ RunTime:0.000384s ]
INFO: [ app_begin ] --END-- [ RunTime:0.000429s ]
INFO: [ view_parse ] --START--
INFO: [ template_filter ] --START--
INFO: Run Behavior\ContentReplaceBehavior [ RunTime:0.000036s ]
INFO: [ template_filter ] --END-- [ RunTime:0.000073s ]
INFO: Run Behavior\ParseTemplateBehavior [ RunTime:0.005285s ]
INFO: [ view_parse ] --END-- [ RunTime:0.005343s ]
INFO: [ view_filter ] --START--
INFO: Run Behavior\WriteHtmlCacheBehavior [ RunTime:0.000273s ]
INFO: [ view_filter ] --END-- [ RunTime:0.000302s ]
INFO: [ app_end ] --START--
INFO: Run Behavior\ShowPageTraceBehavior [ RunTime:0.000356s ]
INFO: [ app_end ] --END-- [ RunTime:0.000383s ]

[ 2016-06-27T09:49:41+08:00 ] 127.0.0.1 /storehouse/Login/login.html
INFO: [ app_init ] --START--
INFO: Run Behavior\BuildLiteBehavior [ RunTime:0.000008s ]
INFO: [ app_init ] --END-- [ RunTime:0.000220s ]
INFO: [ app_begin ] --START--
INFO: Run Behavior\ReadHtmlCacheBehavior [ RunTime:0.000270s ]
INFO: [ app_begin ] --END-- [ RunTime:0.000302s ]
SQL: SHOW COLUMNS FROM `hc_admin` [ RunTime:0.0319s ]
SQL: SELECT * FROM `hc_admin` WHERE ( username = 'admin' ) LIMIT 1   [ RunTime:0.0006s ]
SQL: SHOW COLUMNS FROM `hc_log` [ RunTime:0.0121s ]
SQL: INSERT INTO `hc_log` (`ip`,`log`) VALUES ('127.0.0.1','登录成功') [ RunTime:0.0475s ]

[ 2016-06-27T09:49:42+08:00 ] 127.0.0.1 /storehouse/Index/index.html
INFO: [ app_init ] --START--
INFO: Run Behavior\BuildLiteBehavior [ RunTime:0.000015s ]
INFO: [ app_init ] --END-- [ RunTime:0.000322s ]
INFO: [ app_begin ] --START--
INFO: Run Behavior\ReadHtmlCacheBehavior [ RunTime:0.000452s ]
INFO: [ app_begin ] --END-- [ RunTime:0.000511s ]
SQL: SHOW COLUMNS FROM `hc_log` [ RunTime:0.0077s ]
SQL: SELECT COUNT(*) AS tp_count FROM `hc_log` LIMIT 1   [ RunTime:0.0002s ]
SQL: SELECT * FROM `hc_log` ORDER BY time desc LIMIT 0,15   [ RunTime:0.0004s ]
INFO: [ view_parse ] --START--
INFO: [ template_filter ] --START--
INFO: Run Behavior\ContentReplaceBehavior [ RunTime:0.000108s ]
INFO: [ template_filter ] --END-- [ RunTime:0.000157s ]
NOTIC: [8] Use of undefined constant table - assumed 'table' D:\phpStudy\WWW\storehouse\App\Runtime\Cache\Admin\9df924d9a2d217daa77a359c5bee0c33.php 第 742 行.
NOTIC: [8] Use of undefined constant excel - assumed 'excel' D:\phpStudy\WWW\storehouse\App\Runtime\Cache\Admin\9df924d9a2d217daa77a359c5bee0c33.php 第 746 行.
INFO: Run Behavior\ParseTemplateBehavior [ RunTime:0.041876s ]
INFO: [ view_parse ] --END-- [ RunTime:0.041929s ]
INFO: [ view_filter ] --START--
INFO: Run Behavior\WriteHtmlCacheBehavior [ RunTime:0.000264s ]
INFO: [ view_filter ] --END-- [ RunTime:0.000295s ]
INFO: [ app_end ] --START--
INFO: Run Behavior\ShowPageTraceBehavior [ RunTime:0.000431s ]
INFO: [ app_end ] --END-- [ RunTime:0.000506s ]

[ 2016-06-27T09:49:46+08:00 ] 127.0.0.1 /storehouse/Account/index.html
INFO: [ app_init ] --START--
INFO: Run Behavior\BuildLiteBehavior [ RunTime:0.000013s ]
INFO: [ app_init ] --END-- [ RunTime:0.000298s ]
INFO: [ app_begin ] --START--
INFO: Run Behavior\ReadHtmlCacheBehavior [ RunTime:0.000316s ]
INFO: [ app_begin ] --END-- [ RunTime:0.000358s ]
INFO: [ view_parse ] --START--
INFO: [ template_filter ] --START--
INFO: Run Behavior\ContentReplaceBehavior [ RunTime:0.000109s ]
INFO: [ template_filter ] --END-- [ RunTime:0.000154s ]
NOTIC: [8] Undefined variable: val D:\phpStudy\WWW\storehouse\App\Runtime\Cache\Admin\f0a1bb3f7a1c7d3a0bea46e78563b7e1.php 第 681 行.
NOTIC: [8] Undefined variable: val D:\phpStudy\WWW\storehouse\App\Runtime\Cache\Admin\f0a1bb3f7a1c7d3a0bea46e78563b7e1.php 第 694 行.
NOTIC: [8] Use of undefined constant table - assumed 'table' D:\phpStudy\WWW\storehouse\App\Runtime\Cache\Admin\f0a1bb3f7a1c7d3a0bea46e78563b7e1.php 第 763 行.
INFO: Run Behavior\ParseTemplateBehavior [ RunTime:0.036752s ]
INFO: [ view_parse ] --END-- [ RunTime:0.036806s ]
INFO: [ view_filter ] --START--
INFO: Run Behavior\WriteHtmlCacheBehavior [ RunTime:0.000192s ]
INFO: [ view_filter ] --END-- [ RunTime:0.000219s ]
INFO: [ app_end ] --START--
INFO: Run Behavior\ShowPageTraceBehavior [ RunTime:0.000364s ]
INFO: [ app_end ] --END-- [ RunTime:0.000405s ]

[ 2016-06-27T09:50:58+08:00 ] 127.0.0.1 /storehouse/Account/index.html
INFO: [ app_init ] --START--
INFO: Run Behavior\BuildLiteBehavior [ RunTime:0.000009s ]
INFO: [ app_init ] --END-- [ RunTime:0.000216s ]
INFO: [ app_begin ] --START--
INFO: Run Behavior\ReadHtmlCacheBehavior [ RunTime:0.000293s ]
INFO: [ app_begin ] --END-- [ RunTime:0.000325s ]
INFO: [ view_parse ] --START--
INFO: [ template_filter ] --START--
INFO: Run Behavior\ContentReplaceBehavior [ RunTime:0.000104s ]
INFO: [ template_filter ] --END-- [ RunTime:0.000141s ]
NOTIC: [8] Undefined variable: val D:\phpStudy\WWW\storehouse\App\Runtime\Cache\Admin\f0a1bb3f7a1c7d3a0bea46e78563b7e1.php 第 681 行.
NOTIC: [8] Undefined variable: val D:\phpStudy\WWW\storehouse\App\Runtime\Cache\Admin\f0a1bb3f7a1c7d3a0bea46e78563b7e1.php 第 694 行.
NOTIC: [8] Use of undefined constant table - assumed 'table' D:\phpStudy\WWW\storehouse\App\Runtime\Cache\Admin\f0a1bb3f7a1c7d3a0bea46e78563b7e1.php 第 763 行.
INFO: Run Behavior\ParseTemplateBehavior [ RunTime:0.031097s ]
INFO: [ view_parse ] --END-- [ RunTime:0.031133s ]
INFO: [ view_filter ] --START--
INFO: Run Behavior\WriteHtmlCacheBehavior [ RunTime:0.000203s ]
INFO: [ view_filter ] --END-- [ RunTime:0.000229s ]
INFO: [ app_end ] --START--
INFO: Run Behavior\ShowPageTraceBehavior [ RunTime:0.000512s ]
INFO: [ app_end ] --END-- [ RunTime:0.000570s ]

[ 2016-06-27T09:51:02+08:00 ] 127.0.0.1 /storehouse/Account/account.html
INFO: [ app_init ] --START--
INFO: Run Behavior\BuildLiteBehavior [ RunTime:0.000010s ]
INFO: [ app_init ] --END-- [ RunTime:0.000250s ]
INFO: [ app_begin ] --START--
INFO: Run Behavior\ReadHtmlCacheBehavior [ RunTime:0.000443s ]
INFO: [ app_begin ] --END-- [ RunTime:0.000477s ]
INFO: [ view_parse ] --START--
INFO: [ template_filter ] --START--
INFO: Run Behavior\ContentReplaceBehavior [ RunTime:0.000144s ]
INFO: [ template_filter ] --END-- [ RunTime:0.000193s ]
INFO: Run Behavior\ParseTemplateBehavior [ RunTime:0.031234s ]
INFO: [ view_parse ] --END-- [ RunTime:0.031282s ]
INFO: [ view_filter ] --START--
INFO: Run Behavior\WriteHtmlCacheBehavior [ RunTime:0.000327s ]
INFO: [ view_filter ] --END-- [ RunTime:0.000356s ]
INFO: [ app_end ] --START--
INFO: Run Behavior\ShowPageTraceBehavior [ RunTime:0.000651s ]
INFO: [ app_end ] --END-- [ RunTime:0.000711s ]

[ 2016-06-27T09:51:03+08:00 ] 127.0.0.1 /storehouse/Account/index.html
INFO: [ app_init ] --START--
INFO: Run Behavior\BuildLiteBehavior [ RunTime:0.000011s ]
INFO: [ app_init ] --END-- [ RunTime:0.000285s ]
INFO: [ app_begin ] --START--
INFO: Run Behavior\ReadHtmlCacheBehavior [ RunTime:0.000420s ]
INFO: [ app_begin ] --END-- [ RunTime:0.000464s ]
INFO: [ view_parse ] --START--
INFO: [ template_filter ] --START--
INFO: Run Behavior\ContentReplaceBehavior [ RunTime:0.000153s ]
INFO: [ template_filter ] --END-- [ RunTime:0.000214s ]
NOTIC: [8] Undefined variable: val D:\phpStudy\WWW\storehouse\App\Runtime\Cache\Admin\f0a1bb3f7a1c7d3a0bea46e78563b7e1.php 第 681 行.
NOTIC: [8] Undefined variable: val D:\phpStudy\WWW\storehouse\App\Runtime\Cache\Admin\f0a1bb3f7a1c7d3a0bea46e78563b7e1.php 第 694 行.
NOTIC: [8] Use of undefined constant table - assumed 'table' D:\phpStudy\WWW\storehouse\App\Runtime\Cache\Admin\f0a1bb3f7a1c7d3a0bea46e78563b7e1.php 第 763 行.
INFO: Run Behavior\ParseTemplateBehavior [ RunTime:0.032512s ]
INFO: [ view_parse ] --END-- [ RunTime:0.032556s ]
INFO: [ view_filter ] --START--
INFO: Run Behavior\WriteHtmlCacheBehavior [ RunTime:0.000327s ]
INFO: [ view_filter ] --END-- [ RunTime:0.000354s ]
INFO: [ app_end ] --START--
INFO: Run Behavior\ShowPageTraceBehavior [ RunTime:0.000512s ]
INFO: [ app_end ] --END-- [ RunTime:0.000566s ]

[ 2016-06-27T09:51:04+08:00 ] 127.0.0.1 /storehouse/Account/account.html
INFO: [ app_init ] --START--
INFO: Run Behavior\BuildLiteBehavior [ RunTime:0.000012s ]
INFO: [ app_init ] --END-- [ RunTime:0.000285s ]
INFO: [ app_begin ] --START--
INFO: Run Behavior\ReadHtmlCacheBehavior [ RunTime:0.000407s ]
INFO: [ app_begin ] --END-- [ RunTime:0.000444s ]
INFO: [ view_parse ] --START--
INFO: [ template_filter ] --START--
INFO: Run Behavior\ContentReplaceBehavior [ RunTime:0.000124s ]
INFO: [ template_filter ] --END-- [ RunTime:0.000158s ]
INFO: Run Behavior\ParseTemplateBehavior [ RunTime:0.031259s ]
INFO: [ view_parse ] --END-- [ RunTime:0.031300s ]
INFO: [ view_filter ] --START--
INFO: Run Behavior\WriteHtmlCacheBehavior [ RunTime:0.000330s ]
INFO: [ view_filter ] --END-- [ RunTime:0.000364s ]
INFO: [ app_end ] --START--
INFO: Run Behavior\ShowPageTraceBehavior [ RunTime:0.000503s ]
INFO: [ app_end ] --END-- [ RunTime:0.000559s ]

[ 2016-06-27T09:54:16+08:00 ] 127.0.0.1 /storehouse/Account/account.html
INFO: [ app_init ] --START--
INFO: Run Behavior\BuildLiteBehavior [ RunTime:0.000009s ]
INFO: [ app_init ] --END-- [ RunTime:0.000255s ]
INFO: [ app_begin ] --START--
INFO: Run Behavior\ReadHtmlCacheBehavior [ RunTime:0.000431s ]
INFO: [ app_begin ] --END-- [ RunTime:0.000464s ]
INFO: [ view_parse ] --START--
INFO: [ template_filter ] --START--
INFO: Run Behavior\ContentReplaceBehavior [ RunTime:0.000196s ]
INFO: [ template_filter ] --END-- [ RunTime:0.000252s ]
INFO: Run Behavior\ParseTemplateBehavior [ RunTime:0.031664s ]
INFO: [ view_parse ] --END-- [ RunTime:0.031704s ]
INFO: [ view_filter ] --START--
INFO: Run Behavior\WriteHtmlCacheBehavior [ RunTime:0.000477s ]
INFO: [ view_filter ] --END-- [ RunTime:0.000517s ]
INFO: [ app_end ] --START--
INFO: Run Behavior\ShowPageTraceBehavior [ RunTime:0.000710s ]
INFO: [ app_end ] --END-- [ RunTime:0.000769s ]

[ 2016-06-27T09:54:20+08:00 ] 127.0.0.1 /storehouse/Account/account.html
INFO: [ app_init ] --START--
INFO: Run Behavior\BuildLiteBehavior [ RunTime:0.000009s ]
INFO: [ app_init ] --END-- [ RunTime:0.000259s ]
INFO: [ app_begin ] --START--
INFO: Run Behavior\ReadHtmlCacheBehavior [ RunTime:0.000483s ]
INFO: [ app_begin ] --END-- [ RunTime:0.000517s ]
INFO: [ view_parse ] --START--
INFO: [ template_filter ] --START--
INFO: Run Behavior\ContentReplaceBehavior [ RunTime:0.000106s ]
INFO: [ template_filter ] --END-- [ RunTime:0.000140s ]
INFO: Run Behavior\ParseTemplateBehavior [ RunTime:0.031674s ]
INFO: [ view_parse ] --END-- [ RunTime:0.031717s ]
INFO: [ view_filter ] --START--
INFO: Run Behavior\WriteHtmlCacheBehavior [ RunTime:0.000437s ]
INFO: [ view_filter ] --END-- [ RunTime:0.000463s ]
INFO: [ app_end ] --START--
INFO: Run Behavior\ShowPageTraceBehavior [ RunTime:0.000632s ]
INFO: [ app_end ] --END-- [ RunTime:0.000678s ]

[ 2016-06-27T10:25:07+08:00 ] 127.0.0.1 /storehouse/Account/account.html
INFO: [ app_init ] --START--
INFO: Run Behavior\BuildLiteBehavior [ RunTime:0.000009s ]
INFO: [ app_init ] --END-- [ RunTime:0.000247s ]
INFO: [ app_begin ] --START--
INFO: Run Behavior\ReadHtmlCacheBehavior [ RunTime:0.000349s ]
INFO: [ app_begin ] --END-- [ RunTime:0.000382s ]
INFO: [ view_parse ] --START--
INFO: [ template_filter ] --START--
INFO: Run Behavior\ContentReplaceBehavior [ RunTime:0.000109s ]
INFO: [ template_filter ] --END-- [ RunTime:0.000147s ]
INFO: Run Behavior\ParseTemplateBehavior [ RunTime:0.031772s ]
INFO: [ view_parse ] --END-- [ RunTime:0.031813s ]
INFO: [ view_filter ] --START--
INFO: Run Behavior\WriteHtmlCacheBehavior [ RunTime:0.000342s ]
INFO: [ view_filter ] --END-- [ RunTime:0.000373s ]
INFO: [ app_end ] --START--
INFO: Run Behavior\ShowPageTraceBehavior [ RunTime:0.000688s ]
INFO: [ app_end ] --END-- [ RunTime:0.000760s ]

[ 2016-06-27T10:25:12+08:00 ] 127.0.0.1 /storehouse/Account/add.html
INFO: [ app_init ] --START--
INFO: Run Behavior\BuildLiteBehavior [ RunTime:0.000015s ]
INFO: [ app_init ] --END-- [ RunTime:0.000429s ]
INFO: [ app_begin ] --START--
INFO: Run Behavior\ReadHtmlCacheBehavior [ RunTime:0.000715s ]
INFO: [ app_begin ] --END-- [ RunTime:0.000783s ]

[ 2016-06-27T10:25:39+08:00 ] 127.0.0.1 /storehouse/Account/add.html
INFO: [ app_init ] --START--
INFO: Run Behavior\BuildLiteBehavior [ RunTime:0.000016s ]
INFO: [ app_init ] --END-- [ RunTime:0.000508s ]
INFO: [ app_begin ] --START--
INFO: Run Behavior\ReadHtmlCacheBehavior [ RunTime:0.000734s ]
INFO: [ app_begin ] --END-- [ RunTime:0.000811s ]
SQL: SHOW COLUMNS FROM `hc_user` [ RunTime:0.0240s ]
NOTIC: [8] Undefined index: validate D:\phpStudy\WWW\storehouse\ThinkPHP\Library\Think\Model.class.php 第 1185 行.
SQL: SELECT * FROM `hc_user` WHERE `phone` = 'fdasf' LIMIT 1   [ RunTime:0.0006s ]

[ 2016-06-27T10:27:14+08:00 ] 127.0.0.1 /storehouse/Account/account.html
INFO: [ app_init ] --START--
INFO: Run Behavior\BuildLiteBehavior [ RunTime:0.000013s ]
INFO: [ app_init ] --END-- [ RunTime:0.000361s ]
INFO: [ app_begin ] --START--
INFO: Run Behavior\ReadHtmlCacheBehavior [ RunTime:0.000446s ]
INFO: [ app_begin ] --END-- [ RunTime:0.000480s ]
INFO: [ view_parse ] --START--
INFO: [ template_filter ] --START--
INFO: Run Behavior\ContentReplaceBehavior [ RunTime:0.000182s ]
INFO: [ template_filter ] --END-- [ RunTime:0.000241s ]
INFO: Run Behavior\ParseTemplateBehavior [ RunTime:0.041851s ]
INFO: [ view_parse ] --END-- [ RunTime:0.041892s ]
INFO: [ view_filter ] --START--
INFO: Run Behavior\WriteHtmlCacheBehavior [ RunTime:0.000314s ]
INFO: [ view_filter ] --END-- [ RunTime:0.000338s ]
INFO: [ app_end ] --START--
INFO: Run Behavior\ShowPageTraceBehavior [ RunTime:0.000831s ]
INFO: [ app_end ] --END-- [ RunTime:0.000905s ]

[ 2016-06-27T10:27:19+08:00 ] 127.0.0.1 /storehouse/Account/add.html
INFO: [ app_init ] --START--
INFO: Run Behavior\BuildLiteBehavior [ RunTime:0.000018s ]
INFO: [ app_init ] --END-- [ RunTime:0.000478s ]
INFO: [ app_begin ] --START--
INFO: Run Behavior\ReadHtmlCacheBehavior [ RunTime:0.000677s ]
INFO: [ app_begin ] --END-- [ RunTime:0.000753s ]
SQL: SHOW COLUMNS FROM `hc_user` [ RunTime:0.0072s ]
NOTIC: [8] Undefined index: validate D:\phpStudy\WWW\storehouse\ThinkPHP\Library\Think\Model.class.php 第 1185 行.
SQL: SELECT * FROM `hc_user` WHERE `phone` = 'adfgdg' LIMIT 1   [ RunTime:0.0002s ]
INFO: [ view_parse ] --START--
INFO: [ template_filter ] --START--
INFO: Run Behavior\ContentReplaceBehavior [ RunTime:0.000030s ]
INFO: [ template_filter ] --END-- [ RunTime:0.000066s ]
INFO: Run Behavior\ParseTemplateBehavior [ RunTime:0.024417s ]
INFO: [ view_parse ] --END-- [ RunTime:0.024483s ]
INFO: [ view_filter ] --START--
INFO: Run Behavior\WriteHtmlCacheBehavior [ RunTime:0.000551s ]
INFO: [ view_filter ] --END-- [ RunTime:0.000606s ]

[ 2016-06-27T10:34:44+08:00 ] 127.0.0.1 /storehouse/Gallery/index.html
INFO: [ app_init ] --START--
INFO: Run Behavior\BuildLiteBehavior [ RunTime:0.000012s ]
INFO: [ app_init ] --END-- [ RunTime:0.005530s ]
INFO: [ app_begin ] --START--
INFO: Run Behavior\ReadHtmlCacheBehavior [ RunTime:0.006652s ]
INFO: [ app_begin ] --END-- [ RunTime:0.006702s ]
INFO: [ view_parse ] --START--
INFO: [ template_filter ] --START--
INFO: Run Behavior\ContentReplaceBehavior [ RunTime:0.000119s ]
INFO: [ template_filter ] --END-- [ RunTime:0.000154s ]
NOTIC: [8] Undefined variable: lenFiles D:\phpStudy\WWW\storehouse\App\Runtime\Cache\Admin\0e9f196e2a82621c82a9f2a03192ba8b.php 第 672 行.
NOTIC: [8] Undefined variable: page D:\phpStudy\WWW\storehouse\App\Runtime\Cache\Admin\0e9f196e2a82621c82a9f2a03192ba8b.php 第 705 行.
INFO: Run Behavior\ParseTemplateBehavior [ RunTime:0.119868s ]
INFO: [ view_parse ] --END-- [ RunTime:0.119905s ]
INFO: [ view_filter ] --START--
INFO: Run Behavior\WriteHtmlCacheBehavior [ RunTime:0.004920s ]
INFO: [ view_filter ] --END-- [ RunTime:0.004957s ]
INFO: [ app_end ] --START--
INFO: Run Behavior\ShowPageTraceBehavior [ RunTime:0.006359s ]
INFO: [ app_end ] --END-- [ RunTime:0.006407s ]

[ 2016-06-27T10:34:45+08:00 ] 127.0.0.1 /storehouse/Store/index.html
INFO: [ app_init ] --START--
INFO: Run Behavior\BuildLiteBehavior [ RunTime:0.000010s ]
INFO: [ app_init ] --END-- [ RunTime:0.000260s ]
INFO: [ app_begin ] --START--
INFO: Run Behavior\ReadHtmlCacheBehavior [ RunTime:0.000388s ]
INFO: [ app_begin ] --END-- [ RunTime:0.000421s ]
INFO: [ view_parse ] --START--
INFO: [ template_filter ] --START--
INFO: Run Behavior\ContentReplaceBehavior [ RunTime:0.000107s ]
INFO: [ template_filter ] --END-- [ RunTime:0.000143s ]
NOTIC: [8] Undefined variable: val D:\phpStudy\WWW\storehouse\App\Runtime\Cache\Admin\a0fe2f63698eea8b88488d7091acc403.php 第 686 行.
NOTIC: [8] Undefined variable: val D:\phpStudy\WWW\storehouse\App\Runtime\Cache\Admin\a0fe2f63698eea8b88488d7091acc403.php 第 704 行.
NOTIC: [8] Use of undefined constant table - assumed 'table' D:\phpStudy\WWW\storehouse\App\Runtime\Cache\Admin\a0fe2f63698eea8b88488d7091acc403.php 第 777 行.
INFO: Run Behavior\ParseTemplateBehavior [ RunTime:0.043740s ]
INFO: [ view_parse ] --END-- [ RunTime:0.043785s ]
INFO: [ view_filter ] --START--
INFO: Run Behavior\WriteHtmlCacheBehavior [ RunTime:0.000377s ]
INFO: [ view_filter ] --END-- [ RunTime:0.000409s ]
INFO: [ app_end ] --START--
INFO: Run Behavior\ShowPageTraceBehavior [ RunTime:0.000771s ]
INFO: [ app_end ] --END-- [ RunTime:0.000825s ]

[ 2016-06-27T10:34:47+08:00 ] 127.0.0.1 /storehouse/Store/table.html
INFO: [ app_init ] --START--
INFO: Run Behavior\BuildLiteBehavior [ RunTime:0.000010s ]
INFO: [ app_init ] --END-- [ RunTime:0.000299s ]
INFO: [ app_begin ] --START--
INFO: Run Behavior\ReadHtmlCacheBehavior [ RunTime:0.000477s ]
INFO: [ app_begin ] --END-- [ RunTime:0.000522s ]
INFO: [ view_parse ] --START--
INFO: [ template_filter ] --START--
INFO: Run Behavior\ContentReplaceBehavior [ RunTime:0.000034s ]
INFO: [ template_filter ] --END-- [ RunTime:0.000078s ]
INFO: Run Behavior\ParseTemplateBehavior [ RunTime:0.040159s ]
INFO: [ view_parse ] --END-- [ RunTime:0.040221s ]
INFO: [ view_filter ] --START--
INFO: Run Behavior\WriteHtmlCacheBehavior [ RunTime:0.000397s ]
INFO: [ view_filter ] --END-- [ RunTime:0.000445s ]
INFO: [ app_end ] --START--
INFO: Run Behavior\ShowPageTraceBehavior [ RunTime:0.000851s ]
INFO: [ app_end ] --END-- [ RunTime:0.000918s ]

[ 2016-06-27T10:34:54+08:00 ] 127.0.0.1 /storehouse/Account/index.html
INFO: [ app_init ] --START--
INFO: Run Behavior\BuildLiteBehavior [ RunTime:0.000008s ]
INFO: [ app_init ] --END-- [ RunTime:0.000209s ]
INFO: [ app_begin ] --START--
INFO: Run Behavior\ReadHtmlCacheBehavior [ RunTime:0.000267s ]
INFO: [ app_begin ] --END-- [ RunTime:0.000298s ]
INFO: [ view_parse ] --START--
INFO: [ template_filter ] --START--
INFO: Run Behavior\ContentReplaceBehavior [ RunTime:0.000110s ]
INFO: [ template_filter ] --END-- [ RunTime:0.000156s ]
NOTIC: [8] Undefined variable: val D:\phpStudy\WWW\storehouse\App\Runtime\Cache\Admin\f0a1bb3f7a1c7d3a0bea46e78563b7e1.php 第 681 行.
NOTIC: [8] Undefined variable: val D:\phpStudy\WWW\storehouse\App\Runtime\Cache\Admin\f0a1bb3f7a1c7d3a0bea46e78563b7e1.php 第 694 行.
NOTIC: [8] Use of undefined constant table - assumed 'table' D:\phpStudy\WWW\storehouse\App\Runtime\Cache\Admin\f0a1bb3f7a1c7d3a0bea46e78563b7e1.php 第 763 行.
INFO: Run Behavior\ParseTemplateBehavior [ RunTime:0.045579s ]
INFO: [ view_parse ] --END-- [ RunTime:0.045616s ]
INFO: [ view_filter ] --START--
INFO: Run Behavior\WriteHtmlCacheBehavior [ RunTime:0.000187s ]
INFO: [ view_filter ] --END-- [ RunTime:0.000212s ]
INFO: [ app_end ] --START--
INFO: Run Behavior\ShowPageTraceBehavior [ RunTime:0.000455s ]
INFO: [ app_end ] --END-- [ RunTime:0.000501s ]

[ 2016-06-27T10:36:14+08:00 ] 127.0.0.1 /storehouse/Account/account.html
INFO: [ app_init ] --START--
INFO: Run Behavior\BuildLiteBehavior [ RunTime:0.000008s ]
INFO: [ app_init ] --END-- [ RunTime:0.000217s ]
INFO: [ app_begin ] --START--
INFO: Run Behavior\ReadHtmlCacheBehavior [ RunTime:0.000299s ]
INFO: [ app_begin ] --END-- [ RunTime:0.000338s ]
INFO: [ view_parse ] --START--
INFO: [ template_filter ] --START--
INFO: Run Behavior\ContentReplaceBehavior [ RunTime:0.000112s ]
INFO: [ template_filter ] --END-- [ RunTime:0.000152s ]
INFO: Run Behavior\ParseTemplateBehavior [ RunTime:0.038332s ]
INFO: [ view_parse ] --END-- [ RunTime:0.038375s ]
INFO: [ view_filter ] --START--
INFO: Run Behavior\WriteHtmlCacheBehavior [ RunTime:0.000210s ]
INFO: [ view_filter ] --END-- [ RunTime:0.000242s ]
INFO: [ app_end ] --START--
INFO: Run Behavior\ShowPageTraceBehavior [ RunTime:0.000489s ]
INFO: [ app_end ] --END-- [ RunTime:0.000545s ]

[ 2016-06-27T10:42:01+08:00 ] 127.0.0.1 /storehouse/Bootstrap/css/bootstrap.css.map
INFO: [ app_init ] --START--
INFO: Run Behavior\BuildLiteBehavior [ RunTime:0.000012s ]
INFO: [ app_init ] --END-- [ RunTime:0.000315s ]
INFO: [ app_begin ] --START--
INFO: Run Behavior\ReadHtmlCacheBehavior [ RunTime:0.000495s ]
INFO: [ app_begin ] --END-- [ RunTime:0.000555s ]
ERR: 无法加载控制器:Bootstrap

[ 2016-06-27T10:42:21+08:00 ] 127.0.0.1 /storehouse/Bootstrap/css/bootstrap.css.map
INFO: [ app_init ] --START--
INFO: Run Behavior\BuildLiteBehavior [ RunTime:0.000010s ]
INFO: [ app_init ] --END-- [ RunTime:0.000267s ]
INFO: [ app_begin ] --START--
INFO: Run Behavior\ReadHtmlCacheBehavior [ RunTime:0.000294s ]
INFO: [ app_begin ] --END-- [ RunTime:0.000330s ]
ERR: 无法加载控制器:Bootstrap

[ 2016-06-27T10:45:35+08:00 ] 127.0.0.1 /storehouse/Account/account.html
INFO: [ app_init ] --START--
INFO: Run Behavior\BuildLiteBehavior [ RunTime:0.000011s ]
INFO: [ app_init ] --END-- [ RunTime:0.000283s ]
INFO: [ app_begin ] --START--
INFO: Run Behavior\ReadHtmlCacheBehavior [ RunTime:0.000375s ]
INFO: [ app_begin ] --END-- [ RunTime:0.000412s ]
INFO: [ view_parse ] --START--
INFO: [ template_filter ] --START--
INFO: Run Behavior\ContentReplaceBehavior [ RunTime:0.000111s ]
INFO: [ template_filter ] --END-- [ RunTime:0.000150s ]
INFO: Run Behavior\ParseTemplateBehavior [ RunTime:0.031093s ]
INFO: [ view_parse ] --END-- [ RunTime:0.031139s ]
INFO: [ view_filter ] --START--
INFO: Run Behavior\WriteHtmlCacheBehavior [ RunTime:0.000361s ]
INFO: [ view_filter ] --END-- [ RunTime:0.000394s ]
INFO: [ app_end ] --START--
INFO: Run Behavior\ShowPageTraceBehavior [ RunTime:0.000652s ]
INFO: [ app_end ] --END-- [ RunTime:0.000719s ]

[ 2016-06-27T10:45:35+08:00 ] 127.0.0.1 /storehouse/Bootstrap/css/bootstrap.css.map
INFO: [ app_init ] --START--
INFO: Run Behavior\BuildLiteBehavior [ RunTime:0.000016s ]
INFO: [ app_init ] --END-- [ RunTime:0.000504s ]
INFO: [ app_begin ] --START--
INFO: Run Behavior\ReadHtmlCacheBehavior [ RunTime:0.000919s ]
INFO: [ app_begin ] --END-- [ RunTime:0.001003s ]
ERR: 无法加载控制器:Bootstrap

[ 2016-06-27T10:45:46+08:00 ] 127.0.0.1 /storehouse/Account/account.html
INFO: [ app_init ] --START--
INFO: Run Behavior\BuildLiteBehavior [ RunTime:0.000008s ]
INFO: [ app_init ] --END-- [ RunTime:0.000259s ]
INFO: [ app_begin ] --START--
INFO: Run Behavior\ReadHtmlCacheBehavior [ RunTime:0.000459s ]
INFO: [ app_begin ] --END-- [ RunTime:0.000492s ]
INFO: [ view_parse ] --START--
INFO: [ template_filter ] --START--
INFO: Run Behavior\ContentReplaceBehavior [ RunTime:0.000109s ]
INFO: [ template_filter ] --END-- [ RunTime:0.000149s ]
INFO: Run Behavior\ParseTemplateBehavior [ RunTime:0.032002s ]
INFO: [ view_parse ] --END-- [ RunTime:0.032042s ]
INFO: [ view_filter ] --START--
INFO: Run Behavior\WriteHtmlCacheBehavior [ RunTime:0.000397s ]
INFO: [ view_filter ] --END-- [ RunTime:0.000423s ]
INFO: [ app_end ] --START--
INFO: Run Behavior\ShowPageTraceBehavior [ RunTime:0.000860s ]
INFO: [ app_end ] --END-- [ RunTime:0.000921s ]

[ 2016-06-27T10:45:46+08:00 ] 127.0.0.1 /storehouse/Bootstrap/css/bootstrap.css.map
INFO: [ app_init ] --START--
INFO: Run Behavior\BuildLiteBehavior [ RunTime:0.000011s ]
INFO: [ app_init ] --END-- [ RunTime:0.000341s ]
INFO: [ app_begin ] --START--
INFO: Run Behavior\ReadHtmlCacheBehavior [ RunTime:0.000482s ]
INFO: [ app_begin ] --END-- [ RunTime:0.000564s ]
ERR: 无法加载控制器:Bootstrap

[ 2016-06-27T10:46:34+08:00 ] 127.0.0.1 /storehouse/Account/account.html
INFO: [ app_init ] --START--
INFO: Run Behavior\BuildLiteBehavior [ RunTime:0.000009s ]
INFO: [ app_init ] --END-- [ RunTime:0.000260s ]
INFO: [ app_begin ] --START--
INFO: Run Behavior\ReadHtmlCacheBehavior [ RunTime:0.000391s ]
INFO: [ app_begin ] --END-- [ RunTime:0.000428s ]
INFO: [ view_parse ] --START--
INFO: [ template_filter ] --START--
INFO: Run Behavior\ContentReplaceBehavior [ RunTime:0.000102s ]
INFO: [ template_filter ] --END-- [ RunTime:0.000142s ]
INFO: Run Behavior\ParseTemplateBehavior [ RunTime:0.039074s ]
INFO: [ view_parse ] --END-- [ RunTime:0.039131s ]
INFO: [ view_filter ] --START--
INFO: Run Behavior\WriteHtmlCacheBehavior [ RunTime:0.000593s ]
INFO: [ view_filter ] --END-- [ RunTime:0.000634s ]
INFO: [ app_end ] --START--
INFO: Run Behavior\ShowPageTraceBehavior [ RunTime:0.000870s ]
INFO: [ app_end ] --END-- [ RunTime:0.000938s ]

[ 2016-06-27T10:46:35+08:00 ] 127.0.0.1 /storehouse/Bootstrap/css/bootstrap.css.map
INFO: [ app_init ] --START--
INFO: Run Behavior\BuildLiteBehavior [ RunTime:0.000011s ]
INFO: [ app_init ] --END-- [ RunTime:0.000310s ]
INFO: [ app_begin ] --START--
INFO: Run Behavior\ReadHtmlCacheBehavior [ RunTime:0.000696s ]
INFO: [ app_begin ] --END-- [ RunTime:0.000768s ]
ERR: 无法加载控制器:Bootstrap

[ 2016-06-27T10:50:42+08:00 ] 127.0.0.1 /storehouse/Account/account.html
INFO: [ app_init ] --START--
INFO: Run Behavior\BuildLiteBehavior [ RunTime:0.000009s ]
INFO: [ app_init ] --END-- [ RunTime:0.000259s ]
INFO: [ app_begin ] --START--
INFO: Run Behavior\ReadHtmlCacheBehavior [ RunTime:0.000419s ]
INFO: [ app_begin ] --END-- [ RunTime:0.000453s ]
INFO: [ view_parse ] --START--
INFO: [ template_filter ] --START--
INFO: Run Behavior\ContentReplaceBehavior [ RunTime:0.000110s ]
INFO: [ template_filter ] --END-- [ RunTime:0.000148s ]
INFO: Run Behavior\ParseTemplateBehavior [ RunTime:0.033842s ]
INFO: [ view_parse ] --END-- [ RunTime:0.033896s ]
INFO: [ view_filter ] --START--
INFO: Run Behavior\WriteHtmlCacheBehavior [ RunTime:0.000339s ]
INFO: [ view_filter ] --END-- [ RunTime:0.000364s ]
INFO: [ app_end ] --START--
INFO: Run Behavior\ShowPageTraceBehavior [ RunTime:0.000734s ]
INFO: [ app_end ] --END-- [ RunTime:0.000793s ]

[ 2016-06-27T10:54:17+08:00 ] 127.0.0.1 /storehouse/Goods/index.html
INFO: [ app_init ] --START--
INFO: Run Behavior\BuildLiteBehavior [ RunTime:0.000009s ]
INFO: [ app_init ] --END-- [ RunTime:0.000270s ]
INFO: [ app_begin ] --START--
INFO: Run Behavior\ReadHtmlCacheBehavior [ RunTime:0.000439s ]
INFO: [ app_begin ] --END-- [ RunTime:0.000476s ]
ERR: 1146:Table 'storehouse.hc_goods' doesn't exist
 [ SQL语句 ] : SHOW COLUMNS FROM `hc_goods`
ERR: 1146:Table 'storehouse.hc_goods' doesn't exist
 [ SQL语句 ] : SHOW COLUMNS FROM `hc_goods`

[ 2016-06-27T10:54:24+08:00 ] 127.0.0.1 /storehouse/Goods/add.html
INFO: [ app_init ] --START--
INFO: Run Behavior\BuildLiteBehavior [ RunTime:0.000008s ]
INFO: [ app_init ] --END-- [ RunTime:0.000254s ]
INFO: [ app_begin ] --START--
INFO: Run Behavior\ReadHtmlCacheBehavior [ RunTime:0.000488s ]
INFO: [ app_begin ] --END-- [ RunTime:0.000521s ]
INFO: [ view_parse ] --START--
INFO: [ template_filter ] --START--
INFO: Run Behavior\ContentReplaceBehavior [ RunTime:0.000122s ]
INFO: [ template_filter ] --END-- [ RunTime:0.000163s ]
INFO: Run Behavior\ParseTemplateBehavior [ RunTime:0.063865s ]
INFO: [ view_parse ] --END-- [ RunTime:0.063909s ]
INFO: [ view_filter ] --START--
INFO: Run Behavior\WriteHtmlCacheBehavior [ RunTime:0.000364s ]
INFO: [ view_filter ] --END-- [ RunTime:0.000393s ]
INFO: [ app_end ] --START--
INFO: Run Behavior\ShowPageTraceBehavior [ RunTime:0.000816s ]
INFO: [ app_end ] --END-- [ RunTime:0.000875s ]

[ 2016-06-27T10:54:26+08:00 ] 127.0.0.1 /storehouse/Goods/index.html
INFO: [ app_init ] --START--
INFO: Run Behavior\BuildLiteBehavior [ RunTime:0.000010s ]
INFO: [ app_init ] --END-- [ RunTime:0.000250s ]
INFO: [ app_begin ] --START--
INFO: Run Behavior\ReadHtmlCacheBehavior [ RunTime:0.000383s ]
INFO: [ app_begin ] --END-- [ RunTime:0.000415s ]
ERR: 1146:Table 'storehouse.hc_goods' doesn't exist
 [ SQL语句 ] : SHOW COLUMNS FROM `hc_goods`
ERR: 1146:Table 'storehouse.hc_goods' doesn't exist
 [ SQL语句 ] : SHOW COLUMNS FROM `hc_goods`

[ 2016-06-27T10:54:32+08:00 ] 127.0.0.1 /storehouse/Account/index.html
INFO: [ app_init ] --START--
INFO: Run Behavior\BuildLiteBehavior [ RunTime:0.000009s ]
INFO: [ app_init ] --END-- [ RunTime:0.000248s ]
INFO: [ app_begin ] --START--
INFO: Run Behavior\ReadHtmlCacheBehavior [ RunTime:0.000416s ]
INFO: [ app_begin ] --END-- [ RunTime:0.000456s ]
INFO: [ view_parse ] --START--
INFO: [ template_filter ] --START--
INFO: Run Behavior\ContentReplaceBehavior [ RunTime:0.000104s ]
INFO: [ template_filter ] --END-- [ RunTime:0.000140s ]
NOTIC: [8] Undefined variable: val D:\phpStudy\WWW\storehouse\App\Runtime\Cache\Admin\f0a1bb3f7a1c7d3a0bea46e78563b7e1.php 第 681 行.
NOTIC: [8] Undefined variable: val D:\phpStudy\WWW\storehouse\App\Runtime\Cache\Admin\f0a1bb3f7a1c7d3a0bea46e78563b7e1.php 第 694 行.
NOTIC: [8] Use of undefined constant table - assumed 'table' D:\phpStudy\WWW\storehouse\App\Runtime\Cache\Admin\f0a1bb3f7a1c7d3a0bea46e78563b7e1.php 第 763 行.
INFO: Run Behavior\ParseTemplateBehavior [ RunTime:0.035602s ]
INFO: [ view_parse ] --END-- [ RunTime:0.035649s ]
INFO: [ view_filter ] --START--
INFO: Run Behavior\WriteHtmlCacheBehavior [ RunTime:0.000319s ]
INFO: [ view_filter ] --END-- [ RunTime:0.000345s ]
INFO: [ app_end ] --START--
INFO: Run Behavior\ShowPageTraceBehavior [ RunTime:0.000478s ]
INFO: [ app_end ] --END-- [ RunTime:0.000516s ]

[ 2016-06-27T10:54:36+08:00 ] 127.0.0.1 /storehouse/Account/account.html
INFO: [ app_init ] --START--
INFO: Run Behavior\BuildLiteBehavior [ RunTime:0.000008s ]
INFO: [ app_init ] --END-- [ RunTime:0.000250s ]
INFO: [ app_begin ] --START--
INFO: Run Behavior\ReadHtmlCacheBehavior [ RunTime:0.000579s ]
INFO: [ app_begin ] --END-- [ RunTime:0.000625s ]
INFO: [ view_parse ] --START--
INFO: [ template_filter ] --START--
INFO: Run Behavior\ContentReplaceBehavior [ RunTime:0.000115s ]
INFO: [ template_filter ] --END-- [ RunTime:0.000163s ]
INFO: Run Behavior\ParseTemplateBehavior [ RunTime:0.031689s ]
INFO: [ view_parse ] --END-- [ RunTime:0.031728s ]
INFO: [ view_filter ] --START--
INFO: Run Behavior\WriteHtmlCacheBehavior [ RunTime:0.000307s ]
INFO: [ view_filter ] --END-- [ RunTime:0.000333s ]
INFO: [ app_end ] --START--
INFO: Run Behavior\ShowPageTraceBehavior [ RunTime:0.000449s ]
INFO: [ app_end ] --END-- [ RunTime:0.000485s ]

[ 2016-06-27T10:58:44+08:00 ] 127.0.0.1 /storehouse/Account/account.html
INFO: [ app_init ] --START--
INFO: Run Behavior\BuildLiteBehavior [ RunTime:0.000010s ]
INFO: [ app_init ] --END-- [ RunTime:0.000256s ]
INFO: [ app_begin ] --START--
INFO: Run Behavior\ReadHtmlCacheBehavior [ RunTime:0.000422s ]
INFO: [ app_begin ] --END-- [ RunTime:0.000455s ]
INFO: [ view_parse ] --START--
INFO: [ template_filter ] --START--
INFO: Run Behavior\ContentReplaceBehavior [ RunTime:0.000106s ]
INFO: [ template_filter ] --END-- [ RunTime:0.000146s ]
INFO: Run Behavior\ParseTemplateBehavior [ RunTime:0.032197s ]
INFO: [ view_parse ] --END-- [ RunTime:0.032240s ]
INFO: [ view_filter ] --START--
INFO: Run Behavior\WriteHtmlCacheBehavior [ RunTime:0.000328s ]
INFO: [ view_filter ] --END-- [ RunTime:0.000357s ]
INFO: [ app_end ] --START--
INFO: Run Behavior\ShowPageTraceBehavior [ RunTime:0.000748s ]
INFO: [ app_end ] --END-- [ RunTime:0.000817s ]

[ 2016-06-27T11:06:00+08:00 ] 127.0.0.1 /storehouse/Account/account.html
INFO: [ app_init ] --START--
INFO: Run Behavior\BuildLiteBehavior [ RunTime:0.000010s ]
INFO: [ app_init ] --END-- [ RunTime:0.000279s ]
INFO: [ app_begin ] --START--
INFO: Run Behavior\ReadHtmlCacheBehavior [ RunTime:0.000485s ]
INFO: [ app_begin ] --END-- [ RunTime:0.000517s ]
INFO: [ view_parse ] --START--
INFO: [ template_filter ] --START--
INFO: Run Behavior\ContentReplaceBehavior [ RunTime:0.000113s ]
INFO: [ template_filter ] --END-- [ RunTime:0.000158s ]
INFO: Run Behavior\ParseTemplateBehavior [ RunTime:0.033260s ]
INFO: [ view_parse ] --END-- [ RunTime:0.033304s ]
INFO: [ view_filter ] --START--
INFO: Run Behavior\WriteHtmlCacheBehavior [ RunTime:0.000459s ]
INFO: [ view_filter ] --END-- [ RunTime:0.000485s ]
INFO: [ app_end ] --START--
INFO: Run Behavior\ShowPageTraceBehavior [ RunTime:0.000824s ]
INFO: [ app_end ] --END-- [ RunTime:0.000893s ]

[ 2016-06-27T11:10:07+08:00 ] 127.0.0.1 /storehouse/Account/account.html
INFO: [ app_init ] --START--
INFO: Run Behavior\BuildLiteBehavior [ RunTime:0.000015s ]
INFO: [ app_init ] --END-- [ RunTime:0.000503s ]
INFO: [ app_begin ] --START--
INFO: Run Behavior\ReadHtmlCacheBehavior [ RunTime:0.001025s ]
INFO: [ app_begin ] --END-- [ RunTime:0.001087s ]
INFO: [ view_parse ] --START--
INFO: [ template_filter ] --START--
INFO: Run Behavior\ContentReplaceBehavior [ RunTime:0.000101s ]
INFO: [ template_filter ] --END-- [ RunTime:0.000142s ]
INFO: Run Behavior\ParseTemplateBehavior [ RunTime:0.044161s ]
INFO: [ view_parse ] --END-- [ RunTime:0.044204s ]
INFO: [ view_filter ] --START--
INFO: Run Behavior\WriteHtmlCacheBehavior [ RunTime:0.001379s ]
INFO: [ view_filter ] --END-- [ RunTime:0.001430s ]
INFO: [ app_end ] --START--
INFO: Run Behavior\ShowPageTraceBehavior [ RunTime:0.002460s ]
INFO: [ app_end ] --END-- [ RunTime:0.002545s ]

[ 2016-06-27T11:10:18+08:00 ] 127.0.0.1 /storehouse/Account/account.html
INFO: [ app_init ] --START--
INFO: Run Behavior\BuildLiteBehavior [ RunTime:0.000010s ]
INFO: [ app_init ] --END-- [ RunTime:0.000286s ]
INFO: [ app_begin ] --START--
INFO: Run Behavior\ReadHtmlCacheBehavior [ RunTime:0.000422s ]
INFO: [ app_begin ] --END-- [ RunTime:0.000455s ]
INFO: [ view_parse ] --START--
INFO: [ template_filter ] --START--
INFO: Run Behavior\ContentReplaceBehavior [ RunTime:0.000112s ]
INFO: [ template_filter ] --END-- [ RunTime:0.000163s ]
INFO: Run Behavior\ParseTemplateBehavior [ RunTime:0.035905s ]
INFO: [ view_parse ] --END-- [ RunTime:0.035948s ]
INFO: [ view_filter ] --START--
INFO: Run Behavior\WriteHtmlCacheBehavior [ RunTime:0.000323s ]
INFO: [ view_filter ] --END-- [ RunTime:0.000351s ]
INFO: [ app_end ] --START--
INFO: Run Behavior\ShowPageTraceBehavior [ RunTime:0.000732s ]
INFO: [ app_end ] --END-- [ RunTime:0.000794s ]

[ 2016-06-27T11:21:38+08:00 ] 127.0.0.1 /storehouse/Account/account.html
INFO: [ app_init ] --START--
INFO: Run Behavior\BuildLiteBehavior [ RunTime:0.000009s ]
INFO: [ app_init ] --END-- [ RunTime:0.000287s ]
INFO: [ app_begin ] --START--
INFO: Run Behavior\ReadHtmlCacheBehavior [ RunTime:0.001059s ]
INFO: [ app_begin ] --END-- [ RunTime:0.001111s ]
INFO: [ view_parse ] --START--
INFO: [ template_filter ] --START--
INFO: Run Behavior\ContentReplaceBehavior [ RunTime:0.000165s ]
INFO: [ template_filter ] --END-- [ RunTime:0.000225s ]
INFO: Run Behavior\ParseTemplateBehavior [ RunTime:0.032722s ]
INFO: [ view_parse ] --END-- [ RunTime:0.032773s ]
INFO: [ view_filter ] --START--
INFO: Run Behavior\WriteHtmlCacheBehavior [ RunTime:0.000470s ]
INFO: [ view_filter ] --END-- [ RunTime:0.000507s ]
INFO: [ app_end ] --START--
INFO: Run Behavior\ShowPageTraceBehavior [ RunTime:0.000698s ]
INFO: [ app_end ] --END-- [ RunTime:0.000753s ]

[ 2016-06-27T11:21:39+08:00 ] 127.0.0.1 /storehouse/Account/account.html
INFO: [ app_init ] --START--
INFO: Run Behavior\BuildLiteBehavior [ RunTime:0.000009s ]
INFO: [ app_init ] --END-- [ RunTime:0.000248s ]
INFO: [ app_begin ] --START--
INFO: Run Behavior\ReadHtmlCacheBehavior [ RunTime:0.000495s ]
INFO: [ app_begin ] --END-- [ RunTime:0.000543s ]
INFO: [ view_parse ] --START--
INFO: [ template_filter ] --START--
INFO: Run Behavior\ContentReplaceBehavior [ RunTime:0.000158s ]
INFO: [ template_filter ] --END-- [ RunTime:0.000217s ]
INFO: Run Behavior\ParseTemplateBehavior [ RunTime:0.030821s ]
INFO: [ view_parse ] --END-- [ RunTime:0.030867s ]
INFO: [ view_filter ] --START--
INFO: Run Behavior\WriteHtmlCacheBehavior [ RunTime:0.000334s ]
INFO: [ view_filter ] --END-- [ RunTime:0.000363s ]
INFO: [ app_end ] --START--
INFO: Run Behavior\ShowPageTraceBehavior [ RunTime:0.000571s ]
INFO: [ app_end ] --END-- [ RunTime:0.000623s ]

[ 2016-06-27T11:23:12+08:00 ] 127.0.0.1 /storehouse/Account/account.html
INFO: [ app_init ] --START--
INFO: Run Behavior\BuildLiteBehavior [ RunTime:0.000009s ]
INFO: [ app_init ] --END-- [ RunTime:0.000292s ]
INFO: [ app_begin ] --START--
INFO: Run Behavior\ReadHtmlCacheBehavior [ RunTime:0.000391s ]
INFO: [ app_begin ] --END-- [ RunTime:0.000425s ]
INFO: [ view_parse ] --START--
INFO: [ template_filter ] --START--
INFO: Run Behavior\ContentReplaceBehavior [ RunTime:0.000114s ]
INFO: [ template_filter ] --END-- [ RunTime:0.000150s ]
INFO: Run Behavior\ParseTemplateBehavior [ RunTime:0.030290s ]
INFO: [ view_parse ] --END-- [ RunTime:0.030331s ]
INFO: [ view_filter ] --START--
INFO: Run Behavior\WriteHtmlCacheBehavior [ RunTime:0.000364s ]
INFO: [ view_filter ] --END-- [ RunTime:0.000389s ]
INFO: [ app_end ] --START--
INFO: Run Behavior\ShowPageTraceBehavior [ RunTime:0.000658s ]
INFO: [ app_end ] --END-- [ RunTime:0.000717s ]

[ 2016-06-27T11:23:34+08:00 ] 127.0.0.1 /storehouse/Account/add.html
INFO: [ app_init ] --START--
INFO: Run Behavior\BuildLiteBehavior [ RunTime:0.000017s ]
INFO: [ app_init ] --END-- [ RunTime:0.000475s ]
INFO: [ app_begin ] --START--
INFO: Run Behavior\ReadHtmlCacheBehavior [ RunTime:0.000692s ]
INFO: [ app_begin ] --END-- [ RunTime:0.000771s ]
SQL: SHOW COLUMNS FROM `hc_user` [ RunTime:0.0070s ]
NOTIC: [8] Undefined index: validate D:\phpStudy\WWW\storehouse\ThinkPHP\Library\Think\Model.class.php 第 1185 行.
SQL: SELECT * FROM `hc_user` WHERE `phone` = '18027824032' LIMIT 1   [ RunTime:0.0002s ]
NOTIC: [8] Undefined index: auto D:\phpStudy\WWW\storehouse\ThinkPHP\Library\Think\Model.class.php 第 1128 行.
SQL: INSERT INTO `hc_user` (`sort`,`phone`,`name`,`pwd`,`salt`) VALUES ('1','18027824032','张臻','847148ac3ba6b4645919ca76e5417993096715f1','ToqCsQFDkR2H9OcFYzqP5FLkiXh0j4wNLRwkVshGrDA=') [ RunTime:0.0003s ]

[ 2016-06-27T11:23:34+08:00 ] 127.0.0.1 /storehouse/Account/index.html
INFO: [ app_init ] --START--
INFO: Run Behavior\BuildLiteBehavior [ RunTime:0.000009s ]
INFO: [ app_init ] --END-- [ RunTime:0.000249s ]
INFO: [ app_begin ] --START--
INFO: Run Behavior\ReadHtmlCacheBehavior [ RunTime:0.000385s ]
INFO: [ app_begin ] --END-- [ RunTime:0.000417s ]
INFO: [ view_parse ] --START--
INFO: [ template_filter ] --START--
INFO: Run Behavior\ContentReplaceBehavior [ RunTime:0.000105s ]
INFO: [ template_filter ] --END-- [ RunTime:0.000143s ]
NOTIC: [8] Undefined variable: val D:\phpStudy\WWW\storehouse\App\Runtime\Cache\Admin\f0a1bb3f7a1c7d3a0bea46e78563b7e1.php 第 681 行.
NOTIC: [8] Undefined variable: val D:\phpStudy\WWW\storehouse\App\Runtime\Cache\Admin\f0a1bb3f7a1c7d3a0bea46e78563b7e1.php 第 694 行.
NOTIC: [8] Use of undefined constant table - assumed 'table' D:\phpStudy\WWW\storehouse\App\Runtime\Cache\Admin\f0a1bb3f7a1c7d3a0bea46e78563b7e1.php 第 763 行.
INFO: Run Behavior\ParseTemplateBehavior [ RunTime:0.030226s ]
INFO: [ view_parse ] --END-- [ RunTime:0.030259s ]
INFO: [ view_filter ] --START--
INFO: Run Behavior\WriteHtmlCacheBehavior [ RunTime:0.000317s ]
INFO: [ view_filter ] --END-- [ RunTime:0.000343s ]
INFO: [ app_end ] --START--
INFO: Run Behavior\ShowPageTraceBehavior [ RunTime:0.000598s ]
INFO: [ app_end ] --END-- [ RunTime:0.000646s ]

[ 2016-06-27T11:24:41+08:00 ] 127.0.0.1 /storehouse/Account/index.html
INFO: [ app_init ] --START--
INFO: Run Behavior\BuildLiteBehavior [ RunTime:0.000010s ]
INFO: [ app_init ] --END-- [ RunTime:0.000282s ]
INFO: [ app_begin ] --START--
INFO: Run Behavior\ReadHtmlCacheBehavior [ RunTime:0.000416s ]
INFO: [ app_begin ] --END-- [ RunTime:0.000448s ]
INFO: [ view_parse ] --START--
INFO: [ template_filter ] --START--
INFO: Run Behavior\ContentReplaceBehavior [ RunTime:0.000104s ]
INFO: [ template_filter ] --END-- [ RunTime:0.000139s ]
NOTIC: [8] Undefined variable: val D:\phpStudy\WWW\storehouse\App\Runtime\Cache\Admin\f0a1bb3f7a1c7d3a0bea46e78563b7e1.php 第 681 行.
NOTIC: [8] Undefined variable: val D:\phpStudy\WWW\storehouse\App\Runtime\Cache\Admin\f0a1bb3f7a1c7d3a0bea46e78563b7e1.php 第 694 行.
NOTIC: [8] Use of undefined constant table - assumed 'table' D:\phpStudy\WWW\storehouse\App\Runtime\Cache\Admin\f0a1bb3f7a1c7d3a0bea46e78563b7e1.php 第 763 行.
INFO: Run Behavior\ParseTemplateBehavior [ RunTime:0.033233s ]
INFO: [ view_parse ] --END-- [ RunTime:0.033266s ]
INFO: [ view_filter ] --START--
INFO: Run Behavior\WriteHtmlCacheBehavior [ RunTime:0.000371s ]
INFO: [ view_filter ] --END-- [ RunTime:0.000400s ]
INFO: [ app_end ] --START--
INFO: Run Behavior\ShowPageTraceBehavior [ RunTime:0.000817s ]
INFO: [ app_end ] --END-- [ RunTime:0.000879s ]

[ 2016-06-27T11:24:43+08:00 ] 127.0.0.1 /storehouse/Account/index.html
INFO: [ app_init ] --START--
INFO: Run Behavior\BuildLiteBehavior [ RunTime:0.000009s ]
INFO: [ app_init ] --END-- [ RunTime:0.000249s ]
INFO: [ app_begin ] --START--
INFO: Run Behavior\ReadHtmlCacheBehavior [ RunTime:0.000498s ]
INFO: [ app_begin ] --END-- [ RunTime:0.000534s ]
INFO: [ view_parse ] --START--
INFO: [ template_filter ] --START--
INFO: Run Behavior\ContentReplaceBehavior [ RunTime:0.000106s ]
INFO: [ template_filter ] --END-- [ RunTime:0.000144s ]
NOTIC: [8] Undefined variable: val D:\phpStudy\WWW\storehouse\App\Runtime\Cache\Admin\f0a1bb3f7a1c7d3a0bea46e78563b7e1.php 第 681 行.
NOTIC: [8] Undefined variable: val D:\phpStudy\WWW\storehouse\App\Runtime\Cache\Admin\f0a1bb3f7a1c7d3a0bea46e78563b7e1.php 第 694 行.
NOTIC: [8] Use of undefined constant table - assumed 'table' D:\phpStudy\WWW\storehouse\App\Runtime\Cache\Admin\f0a1bb3f7a1c7d3a0bea46e78563b7e1.php 第 763 行.
INFO: Run Behavior\ParseTemplateBehavior [ RunTime:0.031795s ]
INFO: [ view_parse ] --END-- [ RunTime:0.031829s ]
INFO: [ view_filter ] --START--
INFO: Run Behavior\WriteHtmlCacheBehavior [ RunTime:0.000652s ]
INFO: [ view_filter ] --END-- [ RunTime:0.000683s ]
INFO: [ app_end ] --START--
INFO: Run Behavior\ShowPageTraceBehavior [ RunTime:0.000935s ]
INFO: [ app_end ] --END-- [ RunTime:0.001009s ]

[ 2016-06-27T11:24:44+08:00 ] 127.0.0.1 /storehouse/Account/account.html
INFO: [ app_init ] --START--
INFO: Run Behavior\BuildLiteBehavior [ RunTime:0.000009s ]
INFO: [ app_init ] --END-- [ RunTime:0.000250s ]
INFO: [ app_begin ] --START--
INFO: Run Behavior\ReadHtmlCacheBehavior [ RunTime:0.000472s ]
INFO: [ app_begin ] --END-- [ RunTime:0.000504s ]
INFO: [ view_parse ] --START--
INFO: [ template_filter ] --START--
INFO: Run Behavior\ContentReplaceBehavior [ RunTime:0.000124s ]
INFO: [ template_filter ] --END-- [ RunTime:0.000163s ]
INFO: Run Behavior\ParseTemplateBehavior [ RunTime:0.031525s ]
INFO: [ view_parse ] --END-- [ RunTime:0.031568s ]
INFO: [ view_filter ] --START--
INFO: Run Behavior\WriteHtmlCacheBehavior [ RunTime:0.000386s ]
INFO: [ view_filter ] --END-- [ RunTime:0.000411s ]
INFO: [ app_end ] --START--
INFO: Run Behavior\ShowPageTraceBehavior [ RunTime:0.001156s ]
INFO: [ app_end ] --END-- [ RunTime:0.001200s ]

[ 2016-06-27T11:24:56+08:00 ] 127.0.0.1 /storehouse/Account/add.html
INFO: [ app_init ] --START--
INFO: Run Behavior\BuildLiteBehavior [ RunTime:0.000017s ]
INFO: [ app_init ] --END-- [ RunTime:0.000533s ]
INFO: [ app_begin ] --START--
INFO: Run Behavior\ReadHtmlCacheBehavior [ RunTime:0.000795s ]
INFO: [ app_begin ] --END-- [ RunTime:0.000860s ]
SQL: SHOW COLUMNS FROM `hc_user` [ RunTime:0.0242s ]
NOTIC: [8] Undefined index: validate D:\phpStudy\WWW\storehouse\ThinkPHP\Library\Think\Model.class.php 第 1185 行.
SQL: SELECT * FROM `hc_user` WHERE `phone` = '18027824032' LIMIT 1   [ RunTime:0.0004s ]
INFO: [ view_parse ] --START--
INFO: [ template_filter ] --START--
INFO: Run Behavior\ContentReplaceBehavior [ RunTime:0.000069s ]
INFO: [ template_filter ] --END-- [ RunTime:0.000170s ]
INFO: Run Behavior\ParseTemplateBehavior [ RunTime:0.038798s ]
INFO: [ view_parse ] --END-- [ RunTime:0.038919s ]
INFO: [ view_filter ] --START--
INFO: Run Behavior\WriteHtmlCacheBehavior [ RunTime:0.001017s ]
INFO: [ view_filter ] --END-- [ RunTime:0.001091s ]

[ 2016-06-27T11:25:24+08:00 ] 127.0.0.1 /storehouse/Account/account.html
INFO: [ app_init ] --START--
INFO: Run Behavior\BuildLiteBehavior [ RunTime:0.000009s ]
INFO: [ app_init ] --END-- [ RunTime:0.000279s ]
INFO: [ app_begin ] --START--
INFO: Run Behavior\ReadHtmlCacheBehavior [ RunTime:0.000412s ]
INFO: [ app_begin ] --END-- [ RunTime:0.000446s ]
INFO: [ view_parse ] --START--
INFO: [ template_filter ] --START--
INFO: Run Behavior\ContentReplaceBehavior [ RunTime:0.000114s ]
INFO: [ template_filter ] --END-- [ RunTime:0.000155s ]
INFO: Run Behavior\ParseTemplateBehavior [ RunTime:0.029910s ]
INFO: [ view_parse ] --END-- [ RunTime:0.029951s ]
INFO: [ view_filter ] --START--
INFO: Run Behavior\WriteHtmlCacheBehavior [ RunTime:0.000360s ]
INFO: [ view_filter ] --END-- [ RunTime:0.000386s ]
INFO: [ app_end ] --START--
INFO: Run Behavior\ShowPageTraceBehavior [ RunTime:0.000756s ]
INFO: [ app_end ] --END-- [ RunTime:0.000816s ]

[ 2016-06-27T11:26:39+08:00 ] 127.0.0.1 /storehouse/Account/add.html
INFO: [ app_init ] --START--
INFO: Run Behavior\BuildLiteBehavior [ RunTime:0.000016s ]
INFO: [ app_init ] --END-- [ RunTime:0.000521s ]
INFO: [ app_begin ] --START--
INFO: Run Behavior\ReadHtmlCacheBehavior [ RunTime:0.000766s ]
INFO: [ app_begin ] --END-- [ RunTime:0.000837s ]
SQL: SHOW COLUMNS FROM `hc_user` [ RunTime:0.0201s ]
NOTIC: [8] Undefined index: validate D:\phpStudy\WWW\storehouse\ThinkPHP\Library\Think\Model.class.php 第 1185 行.
SQL: SELECT * FROM `hc_user` WHERE `phone` = '18027823968' LIMIT 1   [ RunTime:0.0003s ]
NOTIC: [8] Undefined index: auto D:\phpStudy\WWW\storehouse\ThinkPHP\Library\Think\Model.class.php 第 1128 行.
SQL: INSERT INTO `hc_user` (`sort`,`phone`,`name`,`pwd`,`salt`) VALUES ('1','18027823968','郑礼旺','39d7805d68a31fdaaa0be632706d8e358dd6e0ab','9vYYrXTUeTxm3EgiItx1YfJZ/IKaMpPt0yFCFzu97V0=') [ RunTime:0.0005s ]
INFO: [ view_parse ] --START--
INFO: [ template_filter ] --START--
INFO: Run Behavior\ContentReplaceBehavior [ RunTime:0.000067s ]
INFO: [ template_filter ] --END-- [ RunTime:0.000168s ]
INFO: Run Behavior\ParseTemplateBehavior [ RunTime:0.012366s ]
INFO: [ view_parse ] --END-- [ RunTime:0.012466s ]
INFO: [ view_filter ] --START--
INFO: Run Behavior\WriteHtmlCacheBehavior [ RunTime:0.000771s ]
INFO: [ view_filter ] --END-- [ RunTime:0.000837s ]
INFO: [ app_end ] --START--
INFO: Run Behavior\ShowPageTraceBehavior [ RunTime:0.001074s ]
INFO: [ app_end ] --END-- [ RunTime:0.001144s ]

[ 2016-06-27T11:26:40+08:00 ] 127.0.0.1 /storehouse/Account/index
INFO: [ app_init ] --START--
INFO: Run Behavior\BuildLiteBehavior [ RunTime:0.000010s ]
INFO: [ app_init ] --END-- [ RunTime:0.000308s ]
INFO: [ app_begin ] --START--
INFO: Run Behavior\ReadHtmlCacheBehavior [ RunTime:0.000396s ]
INFO: [ app_begin ] --END-- [ RunTime:0.000429s ]
INFO: [ view_parse ] --START--
INFO: [ template_filter ] --START--
INFO: Run Behavior\ContentReplaceBehavior [ RunTime:0.000105s ]
INFO: [ template_filter ] --END-- [ RunTime:0.000146s ]
NOTIC: [8] Undefined variable: val D:\phpStudy\WWW\storehouse\App\Runtime\Cache\Admin\f0a1bb3f7a1c7d3a0bea46e78563b7e1.php 第 681 行.
NOTIC: [8] Undefined variable: val D:\phpStudy\WWW\storehouse\App\Runtime\Cache\Admin\f0a1bb3f7a1c7d3a0bea46e78563b7e1.php 第 694 行.
NOTIC: [8] Use of undefined constant table - assumed 'table' D:\phpStudy\WWW\storehouse\App\Runtime\Cache\Admin\f0a1bb3f7a1c7d3a0bea46e78563b7e1.php 第 763 行.
INFO: Run Behavior\ParseTemplateBehavior [ RunTime:0.033259s ]
INFO: [ view_parse ] --END-- [ RunTime:0.033299s ]
INFO: [ view_filter ] --START--
INFO: Run Behavior\WriteHtmlCacheBehavior [ RunTime:0.000354s ]
INFO: [ view_filter ] --END-- [ RunTime:0.000390s ]
INFO: [ app_end ] --START--
INFO: Run Behavior\ShowPageTraceBehavior [ RunTime:0.000772s ]
INFO: [ app_end ] --END-- [ RunTime:0.000839s ]

[ 2016-06-27T11:36:28+08:00 ] 127.0.0.1 /storehouse/Account/index
INFO: [ app_init ] --START--
INFO: Run Behavior\BuildLiteBehavior [ RunTime:0.000009s ]
INFO: [ app_init ] --END-- [ RunTime:0.000287s ]
INFO: [ app_begin ] --START--
INFO: Run Behavior\ReadHtmlCacheBehavior [ RunTime:0.000423s ]
INFO: [ app_begin ] --END-- [ RunTime:0.000457s ]
INFO: [ view_parse ] --START--
INFO: [ template_filter ] --START--
INFO: Run Behavior\ContentReplaceBehavior [ RunTime:0.000114s ]
INFO: [ template_filter ] --END-- [ RunTime:0.000158s ]
NOTIC: [8] Undefined variable: user D:\phpStudy\WWW\storehouse\App\Runtime\Cache\Admin\f0a1bb3f7a1c7d3a0bea46e78563b7e1.php 第 677 行.
NOTIC: [8] Use of undefined constant table - assumed 'table' D:\phpStudy\WWW\storehouse\App\Runtime\Cache\Admin\f0a1bb3f7a1c7d3a0bea46e78563b7e1.php 第 762 行.
INFO: Run Behavior\ParseTemplateBehavior [ RunTime:0.042019s ]
INFO: [ view_parse ] --END-- [ RunTime:0.042054s ]
INFO: [ view_filter ] --START--
INFO: Run Behavior\WriteHtmlCacheBehavior [ RunTime:0.000313s ]
INFO: [ view_filter ] --END-- [ RunTime:0.000338s ]
INFO: [ app_end ] --START--
INFO: Run Behavior\ShowPageTraceBehavior [ RunTime:0.001372s ]
INFO: [ app_end ] --END-- [ RunTime:0.001438s ]

[ 2016-06-27T11:36:58+08:00 ] 127.0.0.1 /storehouse/Account/index
INFO: [ app_init ] --START--
INFO: Run Behavior\BuildLiteBehavior [ RunTime:0.000009s ]
INFO: [ app_init ] --END-- [ RunTime:0.000253s ]
INFO: [ app_begin ] --START--
INFO: Run Behavior\ReadHtmlCacheBehavior [ RunTime:0.000500s ]
INFO: [ app_begin ] --END-- [ RunTime:0.000536s ]
SQL: SHOW COLUMNS FROM `hc_user` [ RunTime:0.0119s ]
SQL: SELECT * FROM `hc_user` ORDER BY id desc  [ RunTime:0.0004s ]
INFO: [ view_parse ] --START--
INFO: [ template_filter ] --START--
INFO: Run Behavior\ContentReplaceBehavior [ RunTime:0.000260s ]
INFO: [ template_filter ] --END-- [ RunTime:0.000350s ]
NOTIC: [8] Use of undefined constant table - assumed 'table' D:\phpStudy\WWW\storehouse\App\Runtime\Cache\Admin\f0a1bb3f7a1c7d3a0bea46e78563b7e1.php 第 762 行.
INFO: Run Behavior\ParseTemplateBehavior [ RunTime:0.061145s ]
INFO: [ view_parse ] --END-- [ RunTime:0.061205s ]
INFO: [ view_filter ] --START--
INFO: Run Behavior\WriteHtmlCacheBehavior [ RunTime:0.000514s ]
INFO: [ view_filter ] --END-- [ RunTime:0.000551s ]
INFO: [ app_end ] --START--
INFO: Run Behavior\ShowPageTraceBehavior [ RunTime:0.001090s ]
INFO: [ app_end ] --END-- [ RunTime:0.001168s ]

[ 2016-06-27T11:44:21+08:00 ] 127.0.0.1 /storehouse/Account/index
INFO: [ app_init ] --START--
INFO: Run Behavior\BuildLiteBehavior [ RunTime:0.000010s ]
INFO: [ app_init ] --END-- [ RunTime:0.000280s ]
INFO: [ app_begin ] --START--
INFO: Run Behavior\ReadHtmlCacheBehavior [ RunTime:0.000493s ]
INFO: [ app_begin ] --END-- [ RunTime:0.000528s ]
SQL: SHOW COLUMNS FROM `hc_user` [ RunTime:0.0058s ]
SQL: SELECT * FROM `hc_user` ORDER BY id desc  [ RunTime:0.0002s ]
NOTIC: [8] Undefined index: sort D:\phpStudy\WWW\storehouse\App\Admin\Controller\AccountController.class.php 第 9 行.
INFO: [ view_parse ] --START--
INFO: [ template_filter ] --START--
INFO: Run Behavior\ContentReplaceBehavior [ RunTime:0.000127s ]
INFO: [ template_filter ] --END-- [ RunTime:0.000174s ]
NOTIC: [8] Use of undefined constant table - assumed 'table' D:\phpStudy\WWW\storehouse\App\Runtime\Cache\Admin\f0a1bb3f7a1c7d3a0bea46e78563b7e1.php 第 762 行.
INFO: Run Behavior\ParseTemplateBehavior [ RunTime:0.037905s ]
INFO: [ view_parse ] --END-- [ RunTime:0.037946s ]
INFO: [ view_filter ] --START--
INFO: Run Behavior\WriteHtmlCacheBehavior [ RunTime:0.000531s ]
INFO: [ view_filter ] --END-- [ RunTime:0.000569s ]
INFO: [ app_end ] --START--
INFO: Run Behavior\ShowPageTraceBehavior [ RunTime:0.001149s ]
INFO: [ app_end ] --END-- [ RunTime:0.001248s ]

[ 2016-06-27T11:44:42+08:00 ] 127.0.0.1 /storehouse/Account/index
INFO: [ app_init ] --START--
INFO: Run Behavior\BuildLiteBehavior [ RunTime:0.000010s ]
INFO: [ app_init ] --END-- [ RunTime:0.000282s ]
INFO: [ app_begin ] --START--
INFO: Run Behavior\ReadHtmlCacheBehavior [ RunTime:0.000416s ]
INFO: [ app_begin ] --END-- [ RunTime:0.000449s ]
SQL: SHOW COLUMNS FROM `hc_user` [ RunTime:0.0128s ]
SQL: SELECT * FROM `hc_user` ORDER BY id desc  [ RunTime:0.0002s ]
NOTIC: [8] Undefined index: sort D:\phpStudy\WWW\storehouse\App\Admin\Controller\AccountController.class.php 第 9 行.
INFO: [ view_parse ] --START--
INFO: [ template_filter ] --START--
INFO: Run Behavior\ContentReplaceBehavior [ RunTime:0.000110s ]
INFO: [ template_filter ] --END-- [ RunTime:0.000149s ]
NOTIC: [8] Use of undefined constant table - assumed 'table' D:\phpStudy\WWW\storehouse\App\Runtime\Cache\Admin\f0a1bb3f7a1c7d3a0bea46e78563b7e1.php 第 762 行.
INFO: Run Behavior\ParseTemplateBehavior [ RunTime:0.038494s ]
INFO: [ view_parse ] --END-- [ RunTime:0.038530s ]
INFO: [ view_filter ] --START--
INFO: Run Behavior\WriteHtmlCacheBehavior [ RunTime:0.000326s ]
INFO: [ view_filter ] --END-- [ RunTime:0.000353s ]
INFO: [ app_end ] --START--
INFO: Run Behavior\ShowPageTraceBehavior [ RunTime:0.000701s ]
INFO: [ app_end ] --END-- [ RunTime:0.000754s ]

[ 2016-06-27T11:45:44+08:00 ] 127.0.0.1 /storehouse/Account/index
INFO: [ app_init ] --START--
INFO: Run Behavior\BuildLiteBehavior [ RunTime:0.000009s ]
INFO: [ app_init ] --END-- [ RunTime:0.000283s ]
INFO: [ app_begin ] --START--
INFO: Run Behavior\ReadHtmlCacheBehavior [ RunTime:0.000420s ]
INFO: [ app_begin ] --END-- [ RunTime:0.000452s ]
SQL: SHOW COLUMNS FROM `hc_user` [ RunTime:0.0138s ]
SQL: SELECT * FROM `hc_user` ORDER BY id desc  [ RunTime:0.0004s ]
NOTIC: [8] Undefined index: sort D:\phpStudy\WWW\storehouse\App\Admin\Controller\AccountController.class.php 第 9 行.
NOTIC: [8] Undefined index: sort D:\phpStudy\WWW\storehouse\App\Admin\Controller\AccountController.class.php 第 14 行.

[ 2016-06-27T11:45:47+08:00 ] 127.0.0.1 /storehouse/Account/index
INFO: [ app_init ] --START--
INFO: Run Behavior\BuildLiteBehavior [ RunTime:0.000010s ]
INFO: [ app_init ] --END-- [ RunTime:0.000295s ]
INFO: [ app_begin ] --START--
INFO: Run Behavior\ReadHtmlCacheBehavior [ RunTime:0.000452s ]
INFO: [ app_begin ] --END-- [ RunTime:0.000495s ]
SQL: SHOW COLUMNS FROM `hc_user` [ RunTime:0.0184s ]
SQL: SELECT * FROM `hc_user` ORDER BY id desc  [ RunTime:0.0005s ]
NOTIC: [8] Undefined index: sort D:\phpStudy\WWW\storehouse\App\Admin\Controller\AccountController.class.php 第 9 行.
NOTIC: [8] Undefined index: sort D:\phpStudy\WWW\storehouse\App\Admin\Controller\AccountController.class.php 第 14 行.

[ 2016-06-27T11:46:04+08:00 ] 127.0.0.1 /storehouse/Account/index
INFO: [ app_init ] --START--
INFO: Run Behavior\BuildLiteBehavior [ RunTime:0.000016s ]
INFO: [ app_init ] --END-- [ RunTime:0.000559s ]
INFO: [ app_begin ] --START--
INFO: Run Behavior\ReadHtmlCacheBehavior [ RunTime:0.000883s ]
INFO: [ app_begin ] --END-- [ RunTime:0.000951s ]
SQL: SHOW COLUMNS FROM `hc_user` [ RunTime:0.0192s ]
SQL: SELECT * FROM `hc_user` ORDER BY id desc  [ RunTime:0.0003s ]
NOTIC: [8] Undefined index: sort D:\phpStudy\WWW\storehouse\App\Admin\Controller\AccountController.class.php 第 9 行.
INFO: [ view_parse ] --START--
INFO: [ template_filter ] --START--
INFO: Run Behavior\ContentReplaceBehavior [ RunTime:0.000242s ]
INFO: [ template_filter ] --END-- [ RunTime:0.000321s ]
NOTIC: [8] Use of undefined constant table - assumed 'table' D:\phpStudy\WWW\storehouse\App\Runtime\Cache\Admin\f0a1bb3f7a1c7d3a0bea46e78563b7e1.php 第 762 行.
INFO: Run Behavior\ParseTemplateBehavior [ RunTime:0.058752s ]
INFO: [ view_parse ] --END-- [ RunTime:0.058803s ]
INFO: [ view_filter ] --START--
INFO: Run Behavior\WriteHtmlCacheBehavior [ RunTime:0.000332s ]
INFO: [ view_filter ] --END-- [ RunTime:0.000359s ]
INFO: [ app_end ] --START--
INFO: Run Behavior\ShowPageTraceBehavior [ RunTime:0.000815s ]
INFO: [ app_end ] --END-- [ RunTime:0.000907s ]

[ 2016-06-27T11:56:52+08:00 ] 127.0.0.1 /storehouse/Account/index
INFO: [ app_init ] --START--
INFO: Run Behavior\BuildLiteBehavior [ RunTime:0.000010s ]
INFO: [ app_init ] --END-- [ RunTime:0.000287s ]
INFO: [ app_begin ] --START--
INFO: Run Behavior\ReadHtmlCacheBehavior [ RunTime:0.000427s ]
INFO: [ app_begin ] --END-- [ RunTime:0.000463s ]
SQL: SHOW COLUMNS FROM `hc_user` [ RunTime:0.0160s ]
SQL: SELECT * FROM `hc_user` ORDER BY id desc  [ RunTime:0.0005s ]
INFO: [ view_parse ] --START--
INFO: [ template_filter ] --START--
INFO: Run Behavior\ContentReplaceBehavior [ RunTime:0.000243s ]
INFO: [ template_filter ] --END-- [ RunTime:0.000319s ]
NOTIC: [8] Use of undefined constant table - assumed 'table' D:\phpStudy\WWW\storehouse\App\Runtime\Cache\Admin\f0a1bb3f7a1c7d3a0bea46e78563b7e1.php 第 766 行.
INFO: Run Behavior\ParseTemplateBehavior [ RunTime:0.069932s ]
INFO: [ view_parse ] --END-- [ RunTime:0.070002s ]
INFO: [ view_filter ] --START--
INFO: Run Behavior\WriteHtmlCacheBehavior [ RunTime:0.000400s ]
INFO: [ view_filter ] --END-- [ RunTime:0.000433s ]
INFO: [ app_end ] --START--
INFO: Run Behavior\ShowPageTraceBehavior [ RunTime:0.000918s ]
INFO: [ app_end ] --END-- [ RunTime:0.000996s ]

[ 2016-06-27T11:56:55+08:00 ] 127.0.0.1 /storehouse/Account/account.html
INFO: [ app_init ] --START--
INFO: Run Behavior\BuildLiteBehavior [ RunTime:0.000013s ]
INFO: [ app_init ] --END-- [ RunTime:0.000461s ]
INFO: [ app_begin ] --START--
INFO: Run Behavior\ReadHtmlCacheBehavior [ RunTime:0.000448s ]
INFO: [ app_begin ] --END-- [ RunTime:0.000498s ]
INFO: [ view_parse ] --START--
INFO: [ template_filter ] --START--
INFO: Run Behavior\ContentReplaceBehavior [ RunTime:0.000140s ]
INFO: [ template_filter ] --END-- [ RunTime:0.000190s ]
INFO: Run Behavior\ParseTemplateBehavior [ RunTime:0.033846s ]
INFO: [ view_parse ] --END-- [ RunTime:0.033888s ]
INFO: [ view_filter ] --START--
INFO: Run Behavior\WriteHtmlCacheBehavior [ RunTime:0.000341s ]
INFO: [ view_filter ] --END-- [ RunTime:0.000367s ]
INFO: [ app_end ] --START--
INFO: Run Behavior\ShowPageTraceBehavior [ RunTime:0.000575s ]
INFO: [ app_end ] --END-- [ RunTime:0.000630s ]

[ 2016-06-27T11:57:15+08:00 ] 127.0.0.1 /storehouse/Account/add.html
INFO: [ app_init ] --START--
INFO: Run Behavior\BuildLiteBehavior [ RunTime:0.000014s ]
INFO: [ app_init ] --END-- [ RunTime:0.000464s ]
INFO: [ app_begin ] --START--
INFO: Run Behavior\ReadHtmlCacheBehavior [ RunTime:0.000696s ]
INFO: [ app_begin ] --END-- [ RunTime:0.000776s ]
SQL: SHOW COLUMNS FROM `hc_user` [ RunTime:0.0064s ]
NOTIC: [8] Undefined index: validate D:\phpStudy\WWW\storehouse\ThinkPHP\Library\Think\Model.class.php 第 1185 行.
SQL: SELECT * FROM `hc_user` WHERE `phone` = '18027824016' LIMIT 1   [ RunTime:0.0002s ]
NOTIC: [8] Undefined index: auto D:\phpStudy\WWW\storehouse\ThinkPHP\Library\Think\Model.class.php 第 1128 行.
SQL: INSERT INTO `hc_user` (`sort`,`phone`,`name`,`pwd`,`salt`) VALUES ('2','18027824016','胖胖','1e45fedac51ac92663dd3c093603752cf623d089','Y6fQgs436qg4qxBYdB3TTSxudUmPxq4uZLHzCI7ETlk=') [ RunTime:0.0002s ]
INFO: [ view_parse ] --START--
INFO: [ template_filter ] --START--
INFO: Run Behavior\ContentReplaceBehavior [ RunTime:0.000029s ]
INFO: [ template_filter ] --END-- [ RunTime:0.000067s ]
INFO: Run Behavior\ParseTemplateBehavior [ RunTime:0.004640s ]
INFO: [ view_parse ] --END-- [ RunTime:0.004688s ]
INFO: [ view_filter ] --START--
INFO: Run Behavior\WriteHtmlCacheBehavior [ RunTime:0.000365s ]
INFO: [ view_filter ] --END-- [ RunTime:0.000396s ]
INFO: [ app_end ] --START--
INFO: Run Behavior\ShowPageTraceBehavior [ RunTime:0.000439s ]
INFO: [ app_end ] --END-- [ RunTime:0.000468s ]

[ 2016-06-27T11:57:17+08:00 ] 127.0.0.1 /storehouse/Account/index
INFO: [ app_init ] --START--
INFO: Run Behavior\BuildLiteBehavior [ RunTime:0.000024s ]
INFO: [ app_init ] --END-- [ RunTime:0.000503s ]
INFO: [ app_begin ] --START--
INFO: Run Behavior\ReadHtmlCacheBehavior [ RunTime:0.000497s ]
INFO: [ app_begin ] --END-- [ RunTime:0.000547s ]
SQL: SHOW COLUMNS FROM `hc_user` [ RunTime:0.0278s ]
SQL: SELECT * FROM `hc_user` ORDER BY id desc  [ RunTime:0.0007s ]
INFO: [ view_parse ] --START--
INFO: [ template_filter ] --START--
INFO: Run Behavior\ContentReplaceBehavior [ RunTime:0.000315s ]
INFO: [ template_filter ] --END-- [ RunTime:0.000423s ]
NOTIC: [8] Use of undefined constant table - assumed 'table' D:\phpStudy\WWW\storehouse\App\Runtime\Cache\Admin\f0a1bb3f7a1c7d3a0bea46e78563b7e1.php 第 766 行.
INFO: Run Behavior\ParseTemplateBehavior [ RunTime:0.062322s ]
INFO: [ view_parse ] --END-- [ RunTime:0.062370s ]
INFO: [ view_filter ] --START--
INFO: Run Behavior\WriteHtmlCacheBehavior [ RunTime:0.000348s ]
INFO: [ view_filter ] --END-- [ RunTime:0.000376s ]
INFO: [ app_end ] --START--
INFO: Run Behavior\ShowPageTraceBehavior [ RunTime:0.001363s ]
INFO: [ app_end ] --END-- [ RunTime:0.001434s ]

[ 2016-06-27T14:32:34+08:00 ] 127.0.0.1 /storehouse/
INFO: [ app_init ] --START--
INFO: Run Behavior\BuildLiteBehavior [ RunTime:0.000016s ]
INFO: [ app_init ] --END-- [ RunTime:0.020052s ]
INFO: [ app_begin ] --START--
INFO: Run Behavior\ReadHtmlCacheBehavior [ RunTime:0.006718s ]
INFO: [ app_begin ] --END-- [ RunTime:0.006774s ]
SQL: SHOW COLUMNS FROM `hc_log` [ RunTime:0.0823s ]
SQL: SELECT COUNT(*) AS tp_count FROM `hc_log` LIMIT 1   [ RunTime:0.0006s ]
SQL: SELECT * FROM `hc_log` ORDER BY time desc LIMIT 0,15   [ RunTime:0.0005s ]
INFO: [ view_parse ] --START--
INFO: [ template_filter ] --START--
INFO: Run Behavior\ContentReplaceBehavior [ RunTime:0.003166s ]
INFO: [ template_filter ] --END-- [ RunTime:0.003210s ]
NOTIC: [8] Use of undefined constant table - assumed 'table' D:\phpStudy\WWW\storehouse\App\Runtime\Cache\Admin\9df924d9a2d217daa77a359c5bee0c33.php 第 742 行.
NOTIC: [8] Use of undefined constant excel - assumed 'excel' D:\phpStudy\WWW\storehouse\App\Runtime\Cache\Admin\9df924d9a2d217daa77a359c5bee0c33.php 第 746 行.
INFO: Run Behavior\ParseTemplateBehavior [ RunTime:0.196731s ]
INFO: [ view_parse ] --END-- [ RunTime:0.196805s ]
INFO: [ view_filter ] --START--
INFO: Run Behavior\WriteHtmlCacheBehavior [ RunTime:0.004391s ]
INFO: [ view_filter ] --END-- [ RunTime:0.004442s ]
INFO: [ app_end ] --START--
INFO: Run Behavior\ShowPageTraceBehavior [ RunTime:0.035128s ]
INFO: [ app_end ] --END-- [ RunTime:0.035208s ]

[ 2016-06-27T14:32:47+08:00 ] 127.0.0.1 /storehouse/Account/index.html
INFO: [ app_init ] --START--
INFO: Run Behavior\BuildLiteBehavior [ RunTime:0.000010s ]
INFO: [ app_init ] --END-- [ RunTime:0.000286s ]
INFO: [ app_begin ] --START--
INFO: Run Behavior\ReadHtmlCacheBehavior [ RunTime:0.000281s ]
INFO: [ app_begin ] --END-- [ RunTime:0.000314s ]
SQL: SHOW COLUMNS FROM `hc_user` [ RunTime:0.0498s ]
SQL: SELECT * FROM `hc_user` ORDER BY id desc  [ RunTime:0.0002s ]
INFO: [ view_parse ] --START--
INFO: [ template_filter ] --START--
INFO: Run Behavior\ContentReplaceBehavior [ RunTime:0.000166s ]
INFO: [ template_filter ] --END-- [ RunTime:0.000224s ]
NOTIC: [8] Use of undefined constant table - assumed 'table' D:\phpStudy\WWW\storehouse\App\Runtime\Cache\Admin\f0a1bb3f7a1c7d3a0bea46e78563b7e1.php 第 766 行.
INFO: Run Behavior\ParseTemplateBehavior [ RunTime:0.077740s ]
INFO: [ view_parse ] --END-- [ RunTime:0.077808s ]
INFO: [ view_filter ] --START--
INFO: Run Behavior\WriteHtmlCacheBehavior [ RunTime:0.000173s ]
INFO: [ view_filter ] --END-- [ RunTime:0.000197s ]
INFO: [ app_end ] --START--
INFO: Run Behavior\ShowPageTraceBehavior [ RunTime:0.000510s ]
INFO: [ app_end ] --END-- [ RunTime:0.000561s ]

[ 2016-06-27T14:32:48+08:00 ] 127.0.0.1 /storehouse/Account/index.html
INFO: [ app_init ] --START--
INFO: Run Behavior\BuildLiteBehavior [ RunTime:0.000009s ]
INFO: [ app_init ] --END-- [ RunTime:0.000214s ]
INFO: [ app_begin ] --START--
INFO: Run Behavior\ReadHtmlCacheBehavior [ RunTime:0.000263s ]
INFO: [ app_begin ] --END-- [ RunTime:0.000294s ]
SQL: SHOW COLUMNS FROM `hc_user` [ RunTime:0.0289s ]
SQL: SELECT * FROM `hc_user` ORDER BY id desc  [ RunTime:0.0003s ]
INFO: [ view_parse ] --START--
INFO: [ template_filter ] --START--
INFO: Run Behavior\ContentReplaceBehavior [ RunTime:0.000263s ]
INFO: [ template_filter ] --END-- [ RunTime:0.000349s ]
NOTIC: [8] Use of undefined constant table - assumed 'table' D:\phpStudy\WWW\storehouse\App\Runtime\Cache\Admin\f0a1bb3f7a1c7d3a0bea46e78563b7e1.php 第 766 行.
INFO: Run Behavior\ParseTemplateBehavior [ RunTime:0.074489s ]
INFO: [ view_parse ] --END-- [ RunTime:0.074626s ]
INFO: [ view_filter ] --START--
INFO: Run Behavior\WriteHtmlCacheBehavior [ RunTime:0.000497s ]
INFO: [ view_filter ] --END-- [ RunTime:0.000559s ]
INFO: [ app_end ] --START--
INFO: Run Behavior\ShowPageTraceBehavior [ RunTime:0.000859s ]
INFO: [ app_end ] --END-- [ RunTime:0.000953s ]

[ 2016-06-27T14:32:50+08:00 ] 127.0.0.1 /storehouse/Account/account.html
INFO: [ app_init ] --START--
INFO: Run Behavior\BuildLiteBehavior [ RunTime:0.000009s ]
INFO: [ app_init ] --END-- [ RunTime:0.000221s ]
INFO: [ app_begin ] --START--
INFO: Run Behavior\ReadHtmlCacheBehavior [ RunTime:0.000369s ]
INFO: [ app_begin ] --END-- [ RunTime:0.000401s ]
INFO: [ view_parse ] --START--
INFO: [ template_filter ] --START--
INFO: Run Behavior\ContentReplaceBehavior [ RunTime:0.000112s ]
INFO: [ template_filter ] --END-- [ RunTime:0.000152s ]
INFO: Run Behavior\ParseTemplateBehavior [ RunTime:0.065535s ]
INFO: [ view_parse ] --END-- [ RunTime:0.065574s ]
INFO: [ view_filter ] --START--
INFO: Run Behavior\WriteHtmlCacheBehavior [ RunTime:0.000169s ]
INFO: [ view_filter ] --END-- [ RunTime:0.000192s ]
INFO: [ app_end ] --START--
INFO: Run Behavior\ShowPageTraceBehavior [ RunTime:0.000334s ]
INFO: [ app_end ] --END-- [ RunTime:0.000369s ]

[ 2016-06-27T14:32:53+08:00 ] 127.0.0.1 /storehouse/Account/index.html
INFO: [ app_init ] --START--
INFO: Run Behavior\BuildLiteBehavior [ RunTime:0.000008s ]
INFO: [ app_init ] --END-- [ RunTime:0.000218s ]
INFO: [ app_begin ] --START--
INFO: Run Behavior\ReadHtmlCacheBehavior [ RunTime:0.000263s ]
INFO: [ app_begin ] --END-- [ RunTime:0.000294s ]
SQL: SHOW COLUMNS FROM `hc_user` [ RunTime:0.0219s ]
SQL: SELECT * FROM `hc_user` ORDER BY id desc  [ RunTime:0.0006s ]
INFO: [ view_parse ] --START--
INFO: [ template_filter ] --START--
INFO: Run Behavior\ContentReplaceBehavior [ RunTime:0.000196s ]
INFO: [ template_filter ] --END-- [ RunTime:0.000260s ]
NOTIC: [8] Use of undefined constant table - assumed 'table' D:\phpStudy\WWW\storehouse\App\Runtime\Cache\Admin\f0a1bb3f7a1c7d3a0bea46e78563b7e1.php 第 766 行.
INFO: Run Behavior\ParseTemplateBehavior [ RunTime:0.065739s ]
INFO: [ view_parse ] --END-- [ RunTime:0.065839s ]
INFO: [ view_filter ] --START--
INFO: Run Behavior\WriteHtmlCacheBehavior [ RunTime:0.000368s ]
INFO: [ view_filter ] --END-- [ RunTime:0.000412s ]
INFO: [ app_end ] --START--
INFO: Run Behavior\ShowPageTraceBehavior [ RunTime:0.000643s ]
INFO: [ app_end ] --END-- [ RunTime:0.000710s ]

